
--------------------------------
Qflow project setup
--------------------------------

Technology set to osu035
Regenerating files for existing project vega_top
Warning:  No LVS or post-route STA logfiles found.
Running magic 8.3.629
magic -dnull -noconsole  ./run_drc_vega_top.tcl

Magic 8.3 revision 629 - Compiled on Wed Apr  1 09:20:54 IST 2026.
Starting magic under Tcl interpreter
Using the terminal as the console.
WARNING: RLIMIT_NOFILE is above 1024 and Tcl_Version<9 this may cause runtime issues [rlim_cur=65536]
Using NULL graphics device.
Processing system .magicrc file
Switching to WIRING tool.
Switching to NETLIST tool.
Switching to PICK tool.
Switching to BOX tool.
Input style lambda=0.20(p): scaleFactor=20, multiplier=1
Contact size value ignored (using GDS generation rules).
Contact size value ignored (using GDS generation rules).
Contact size value ignored (using GDS generation rules).
Contact size value ignored (using GDS generation rules).
Contact size value ignored (using GDS generation rules).
Contact size value ignored (using GDS generation rules).
The following types are not handled by extraction and will be treated as non-electrical types:
    n_field_implant p_field_implant nselect pselect glass filln filla fillb xp m1p m2p m3p m4p comment bb 
4 Magic internal units = 1 Lambda
Loading "./run_drc_vega_top.tcl" from command line.
Reading LEF data from file /apps/vlsi/share/qflow/tech/osu035/osu035_stdcells.lef.
This action cannot be undone.
LEF read: Processed 3179 lines.
Cell vega_top read from current working directory
Scaled magic input cell vega_top geometry by factor of 2
vega_top: 10000 rects
vega_top: 20000 rects
vega_top: 30000 rects
vega_top: 40000 rects
vega_top: 50000 rects
vega_top: 60000 rects
vega_top: 70000 rects
vega_top: 80000 rects
vega_top: 90000 rects
vega_top: 100000 rects
vega_top: 110000 rects
vega_top: 120000 rects
Processing timestamp mismatches.
Timestamp mismatches found in these cells: AND2X2, AOI21X1, AOI22X1, BUFX2, BUFX4, CLKBUF1, DFFSR, FILL, INVX1, INVX2, INVX4, INVX8, MUX2X1, NAND2X1, NAND3X1, NOR2X1, NOR3X1, OAI21X1, OAI22X1, OR2X2, XNOR2X1, XOR2X1.
drc = 37881
DRC failure:  There are 37881 DRC errors in the layout.
Premature exit.
