
--------------------------------
Qflow project setup
--------------------------------

Technology set to osu035
Regenerating files for existing project vega_top

Running vesta static timing analysis
vesta --summary reports --long vega_top.rtlnopwr.v /apps/vlsi/share/qflow/tech/osu035/osu035_stdcells.lib

----------------------------------------------
Vesta static timing analysis tool
for qflow 1.3.17
(c) 2013-2018 Tim Edwards, Open Circuit Design
----------------------------------------------

Parsing library "osu035_stdcells"
End of library at line 6636
Parsing module "vega_top"
Lib read /apps/vlsi/share/qflow/tech/osu035/osu035_stdcells.lib:  Processed 6637 lines.
Verilog netlist read:  Processed 58445 lines.
Number of paths analyzed:  1350

Top 20 maximum delay paths:
Path DFFSR_157/CLK to DFFSR_399/D delay 11204.6 ps
      0.0 ps            clk_proc_bF_buf6:   CLKBUF1_96/Y ->    DFFSR_157/CLK
    867.4 ps  u_data_processor_op_reg_9_:    DFFSR_157/Q ->     INVX2_68/A
   1168.8 ps                      _4519_:     INVX2_68/Y ->  NAND3X1_164/B
   2214.9 ps                      _4515_:  NAND3X1_164/Y -> OAI21X1_1006/B
   2610.8 ps                      _2483_: OAI21X1_1006/Y ->   NOR2X1_269/B
   2745.6 ps                      _2482_:   NOR2X1_269/Y ->  AOI21X1_249/A
   3406.5 ps                      _2481_:  AOI21X1_249/Y ->   OAI22X1_76/B
   3965.7 ps                      _2469_:   OAI22X1_76/Y -> OAI21X1_1004/B
   4277.2 ps                      _2468_: OAI21X1_1004/Y ->  NAND2X1_482/B
   4467.4 ps                      _2467_:  NAND2X1_482/Y ->  NAND3X1_122/C
   4632.3 ps                      _2466_:  NAND3X1_122/Y ->  NAND3X1_121/C
   4841.8 ps                      _2465_:  NAND3X1_121/Y ->  NAND3X1_120/C
   5021.5 ps                      _2464_:  NAND3X1_120/Y ->  NAND3X1_119/C
   5233.3 ps                      _2463_:  NAND3X1_119/Y ->  NAND3X1_118/C
   5413.1 ps                      _2462_:  NAND3X1_118/Y ->  NAND3X1_117/C
   5535.4 ps                      _2461_:  NAND3X1_117/Y ->  NAND3X1_116/C
   5678.7 ps                      _2460_:  NAND3X1_116/Y ->  NAND3X1_115/C
   5879.1 ps                      _2459_:  NAND3X1_115/Y ->  NAND3X1_114/C
   6055.4 ps                      _2458_:  NAND3X1_114/Y ->  NAND3X1_113/C
   6177.1 ps                      _2457_:  NAND3X1_113/Y ->  NAND3X1_112/C
   6320.3 ps                      _2456_:  NAND3X1_112/Y ->  NAND3X1_111/C
   6512.3 ps                      _2455_:  NAND3X1_111/Y ->  NAND3X1_110/C
   6685.0 ps                      _2454_:  NAND3X1_110/Y ->  NAND3X1_109/C
   6851.3 ps                      _2453_:  NAND3X1_109/Y ->  AOI21X1_247/A
   7054.3 ps                      _2452_:  AOI21X1_247/Y -> OAI21X1_1003/B
   7273.0 ps                      _2451_: OAI21X1_1003/Y ->  NAND3X1_108/C
   7457.8 ps                      _2450_:  NAND3X1_108/Y ->  NAND3X1_107/C
   7654.1 ps                      _2449_:  NAND3X1_107/Y ->  NAND3X1_106/C
   7827.0 ps                      _2448_:  NAND3X1_106/Y ->  NAND3X1_105/C
   8021.1 ps                      _2447_:  NAND3X1_105/Y ->  NAND3X1_104/C
   8193.9 ps                      _2446_:  NAND3X1_104/Y ->  NAND3X1_103/C
   8315.0 ps                      _2445_:  NAND3X1_103/Y ->  NAND3X1_102/C
   8458.1 ps                      _2444_:  NAND3X1_102/Y ->  NAND3X1_101/C
   8658.5 ps                      _2443_:  NAND3X1_101/Y ->  NAND3X1_100/C
   8834.8 ps                      _2442_:  NAND3X1_100/Y ->   NAND3X1_99/C
   9029.5 ps                      _2441_:   NAND3X1_99/Y ->  NAND2X1_438/B
   9153.2 ps                      _2115_:  NAND2X1_438/Y ->  AOI21X1_229/C
   9258.1 ps                      _2114_:  AOI21X1_229/Y ->  OAI21X1_868/B
   9369.2 ps                      _2074_:  OAI21X1_868/Y ->  OAI21X1_867/C
   9459.6 ps                       _842_:  OAI21X1_867/Y ->    DFFSR_399/D

   clock skew at destination = 1545.49
   setup at destination = 199.524

Path DFFSR_157/CLK to DFFSR_139/D delay 10999.8 ps
      0.0 ps            clk_proc_bF_buf6:   CLKBUF1_96/Y ->    DFFSR_157/CLK
    867.4 ps  u_data_processor_op_reg_9_:    DFFSR_157/Q ->     INVX2_68/A
   1168.8 ps                      _4519_:     INVX2_68/Y ->  NAND3X1_164/B
   2214.9 ps                      _4515_:  NAND3X1_164/Y -> OAI21X1_1006/B
   2610.8 ps                      _2483_: OAI21X1_1006/Y ->   NOR2X1_269/B
   2745.6 ps                      _2482_:   NOR2X1_269/Y ->  AOI21X1_249/A
   3406.5 ps                      _2481_:  AOI21X1_249/Y ->   OAI22X1_76/B
   3965.7 ps                      _2469_:   OAI22X1_76/Y -> OAI21X1_1004/B
   4277.2 ps                      _2468_: OAI21X1_1004/Y ->  NAND2X1_482/B
   4467.4 ps                      _2467_:  NAND2X1_482/Y ->  NAND3X1_122/C
   4632.3 ps                      _2466_:  NAND3X1_122/Y ->  NAND3X1_121/C
   4841.8 ps                      _2465_:  NAND3X1_121/Y ->  NAND3X1_120/C
   5021.5 ps                      _2464_:  NAND3X1_120/Y ->  NAND3X1_119/C
   5233.3 ps                      _2463_:  NAND3X1_119/Y ->  NAND3X1_118/C
   5413.1 ps                      _2462_:  NAND3X1_118/Y ->  NAND3X1_117/C
   5535.4 ps                      _2461_:  NAND3X1_117/Y ->  NAND3X1_116/C
   5678.7 ps                      _2460_:  NAND3X1_116/Y ->  NAND3X1_115/C
   5879.1 ps                      _2459_:  NAND3X1_115/Y ->  NAND3X1_114/C
   6055.4 ps                      _2458_:  NAND3X1_114/Y ->  NAND3X1_113/C
   6177.1 ps                      _2457_:  NAND3X1_113/Y ->  NAND3X1_112/C
   6320.3 ps                      _2456_:  NAND3X1_112/Y ->  NAND3X1_111/C
   6512.3 ps                      _2455_:  NAND3X1_111/Y ->  NAND3X1_110/C
   6685.0 ps                      _2454_:  NAND3X1_110/Y ->  NAND3X1_109/C
   6851.3 ps                      _2453_:  NAND3X1_109/Y ->  AOI21X1_247/A
   7054.3 ps                      _2452_:  AOI21X1_247/Y -> OAI21X1_1003/B
   7273.0 ps                      _2451_: OAI21X1_1003/Y ->  NAND3X1_108/C
   7457.8 ps                      _2450_:  NAND3X1_108/Y ->  NAND3X1_107/C
   7654.1 ps                      _2449_:  NAND3X1_107/Y ->  NAND3X1_106/C
   7827.0 ps                      _2448_:  NAND3X1_106/Y ->  NAND3X1_105/C
   8021.1 ps                      _2447_:  NAND3X1_105/Y ->  NAND3X1_104/C
   8193.9 ps                      _2446_:  NAND3X1_104/Y ->  NAND3X1_103/C
   8315.0 ps                      _2445_:  NAND3X1_103/Y ->  NAND3X1_102/C
   8458.1 ps                      _2444_:  NAND3X1_102/Y ->  NAND3X1_101/C
   8658.5 ps                      _2443_:  NAND3X1_101/Y ->  NAND3X1_100/C
   8834.8 ps                      _2442_:  NAND3X1_100/Y ->   NAND3X1_99/C
   9029.5 ps                      _2441_:   NAND3X1_99/Y ->   NAND3X1_98/C
   9202.3 ps                      _2440_:   NAND3X1_98/Y ->   NAND3X1_97/C
   9413.3 ps                      _2439_:   NAND3X1_97/Y ->  NAND2X1_241/B
   9591.7 ps                      _1176_:  NAND2X1_241/Y ->  NAND2X1_240/B
   9707.8 ps                      _1175_:  NAND2X1_240/Y ->   NAND3X1_63/C
   9825.1 ps                      _1174_:   NAND3X1_63/Y ->  AOI22X1_113/D
   9911.7 ps                       _680_:  AOI22X1_113/Y ->    DFFSR_139/D

   clock skew at destination = 890.422
   setup at destination = 197.62

Path DFFSR_157/CLK to DFFSR_91/D delay 10919.9 ps
      0.0 ps            clk_proc_bF_buf6:   CLKBUF1_96/Y ->    DFFSR_157/CLK
    867.4 ps  u_data_processor_op_reg_9_:    DFFSR_157/Q ->     INVX2_68/A
   1168.8 ps                      _4519_:     INVX2_68/Y ->  NAND3X1_164/B
   2214.9 ps                      _4515_:  NAND3X1_164/Y -> OAI21X1_1006/B
   2610.8 ps                      _2483_: OAI21X1_1006/Y ->   NOR2X1_269/B
   2745.6 ps                      _2482_:   NOR2X1_269/Y ->  AOI21X1_249/A
   3406.5 ps                      _2481_:  AOI21X1_249/Y ->   OAI22X1_76/B
   3965.7 ps                      _2469_:   OAI22X1_76/Y -> OAI21X1_1004/B
   4277.2 ps                      _2468_: OAI21X1_1004/Y ->  NAND2X1_482/B
   4467.4 ps                      _2467_:  NAND2X1_482/Y ->  NAND3X1_122/C
   4632.3 ps                      _2466_:  NAND3X1_122/Y ->  NAND3X1_121/C
   4841.8 ps                      _2465_:  NAND3X1_121/Y ->  NAND3X1_120/C
   5021.5 ps                      _2464_:  NAND3X1_120/Y ->  NAND3X1_119/C
   5233.3 ps                      _2463_:  NAND3X1_119/Y ->  NAND3X1_118/C
   5413.1 ps                      _2462_:  NAND3X1_118/Y ->  NAND3X1_117/C
   5535.4 ps                      _2461_:  NAND3X1_117/Y ->  NAND3X1_116/C
   5678.7 ps                      _2460_:  NAND3X1_116/Y ->  NAND3X1_115/C
   5879.1 ps                      _2459_:  NAND3X1_115/Y ->  NAND3X1_114/C
   6055.4 ps                      _2458_:  NAND3X1_114/Y ->  NAND3X1_113/C
   6177.1 ps                      _2457_:  NAND3X1_113/Y ->  NAND3X1_112/C
   6320.3 ps                      _2456_:  NAND3X1_112/Y ->  NAND3X1_111/C
   6512.3 ps                      _2455_:  NAND3X1_111/Y ->  NAND3X1_110/C
   6685.0 ps                      _2454_:  NAND3X1_110/Y ->  NAND3X1_109/C
   6851.3 ps                      _2453_:  NAND3X1_109/Y ->  AOI21X1_247/A
   7054.3 ps                      _2452_:  AOI21X1_247/Y -> OAI21X1_1003/B
   7273.0 ps                      _2451_: OAI21X1_1003/Y ->  NAND3X1_108/C
   7457.8 ps                      _2450_:  NAND3X1_108/Y ->  NAND3X1_107/C
   7654.1 ps                      _2449_:  NAND3X1_107/Y ->  NAND3X1_106/C
   7827.0 ps                      _2448_:  NAND3X1_106/Y ->  NAND3X1_105/C
   8021.1 ps                      _2447_:  NAND3X1_105/Y ->  NAND3X1_104/C
   8193.9 ps                      _2446_:  NAND3X1_104/Y ->  NAND3X1_103/C
   8315.0 ps                      _2445_:  NAND3X1_103/Y ->  NAND3X1_102/C
   8458.1 ps                      _2444_:  NAND3X1_102/Y ->  NAND3X1_101/C
   8658.5 ps                      _2443_:  NAND3X1_101/Y ->  NAND3X1_100/C
   8834.8 ps                      _2442_:  NAND3X1_100/Y ->   NAND3X1_99/C
   9029.5 ps                      _2441_:   NAND3X1_99/Y ->   NAND3X1_98/C
   9202.3 ps                      _2440_:   NAND3X1_98/Y ->   NAND3X1_97/C
   9413.3 ps                      _2439_:   NAND3X1_97/Y ->  NAND2X1_241/B
   9591.7 ps                      _1176_:  NAND2X1_241/Y ->  OAI21X1_328/B
   9733.8 ps                      _1104_:  OAI21X1_328/Y ->  AOI22X1_112/D
   9830.0 ps                       _639_:  AOI22X1_112/Y ->     DFFSR_91/D

   clock skew at destination = 890.422
   setup at destination = 199.464

Path DFFSR_157/CLK to DFFSR_397/D delay 10783.3 ps
      0.0 ps            clk_proc_bF_buf6:   CLKBUF1_96/Y ->    DFFSR_157/CLK
    867.4 ps  u_data_processor_op_reg_9_:    DFFSR_157/Q ->     INVX2_68/A
   1168.8 ps                      _4519_:     INVX2_68/Y ->  NAND3X1_164/B
   2214.9 ps                      _4515_:  NAND3X1_164/Y -> OAI21X1_1006/B
   2610.8 ps                      _2483_: OAI21X1_1006/Y ->   NOR2X1_269/B
   2745.6 ps                      _2482_:   NOR2X1_269/Y ->  AOI21X1_249/A
   3406.5 ps                      _2481_:  AOI21X1_249/Y ->   OAI22X1_76/B
   3965.7 ps                      _2469_:   OAI22X1_76/Y -> OAI21X1_1004/B
   4277.2 ps                      _2468_: OAI21X1_1004/Y ->  NAND2X1_482/B
   4467.4 ps                      _2467_:  NAND2X1_482/Y ->  NAND3X1_122/C
   4632.3 ps                      _2466_:  NAND3X1_122/Y ->  NAND3X1_121/C
   4841.8 ps                      _2465_:  NAND3X1_121/Y ->  NAND3X1_120/C
   5021.5 ps                      _2464_:  NAND3X1_120/Y ->  NAND3X1_119/C
   5233.3 ps                      _2463_:  NAND3X1_119/Y ->  NAND3X1_118/C
   5413.1 ps                      _2462_:  NAND3X1_118/Y ->  NAND3X1_117/C
   5535.4 ps                      _2461_:  NAND3X1_117/Y ->  NAND3X1_116/C
   5678.7 ps                      _2460_:  NAND3X1_116/Y ->  NAND3X1_115/C
   5879.1 ps                      _2459_:  NAND3X1_115/Y ->  NAND3X1_114/C
   6055.4 ps                      _2458_:  NAND3X1_114/Y ->  NAND3X1_113/C
   6177.1 ps                      _2457_:  NAND3X1_113/Y ->  NAND3X1_112/C
   6320.3 ps                      _2456_:  NAND3X1_112/Y ->  NAND3X1_111/C
   6512.3 ps                      _2455_:  NAND3X1_111/Y ->  NAND3X1_110/C
   6685.0 ps                      _2454_:  NAND3X1_110/Y ->  NAND3X1_109/C
   6851.3 ps                      _2453_:  NAND3X1_109/Y ->  AOI21X1_247/A
   7054.3 ps                      _2452_:  AOI21X1_247/Y -> OAI21X1_1003/B
   7273.0 ps                      _2451_: OAI21X1_1003/Y ->  NAND3X1_108/C
   7457.8 ps                      _2450_:  NAND3X1_108/Y ->  NAND3X1_107/C
   7654.1 ps                      _2449_:  NAND3X1_107/Y ->  NAND3X1_106/C
   7827.0 ps                      _2448_:  NAND3X1_106/Y ->  NAND3X1_105/C
   8021.1 ps                      _2447_:  NAND3X1_105/Y ->  NAND3X1_104/C
   8193.9 ps                      _2446_:  NAND3X1_104/Y ->  NAND3X1_103/C
   8315.0 ps                      _2445_:  NAND3X1_103/Y ->  NAND3X1_102/C
   8458.1 ps                      _2444_:  NAND3X1_102/Y ->  NAND3X1_101/C
   8658.5 ps                      _2443_:  NAND3X1_101/Y ->  NAND3X1_100/C
   8834.8 ps                      _2442_:  NAND3X1_100/Y ->   NAND3X1_99/C
   9029.5 ps                      _2441_:   NAND3X1_99/Y ->   NAND3X1_98/C
   9202.3 ps                      _2440_:   NAND3X1_98/Y ->  NAND2X1_481/B
   9321.3 ps                      _2438_:  NAND2X1_481/Y ->  AOI21X1_246/A
   9449.2 ps                      _2431_:  AOI21X1_246/Y ->  AOI21X1_232/A
   9582.1 ps                      _2198_:  AOI21X1_232/Y ->  OAI21X1_932/B
   9690.8 ps                       _844_:  OAI21X1_932/Y ->    DFFSR_397/D

   clock skew at destination = 890.422
   setup at destination = 202.075

Path DFFSR_157/CLK to DFFSR_398/D delay 10699.3 ps
      0.0 ps            clk_proc_bF_buf6:   CLKBUF1_96/Y ->    DFFSR_157/CLK
    867.4 ps  u_data_processor_op_reg_9_:    DFFSR_157/Q ->     INVX2_68/A
   1168.8 ps                      _4519_:     INVX2_68/Y ->  NAND3X1_164/B
   2214.9 ps                      _4515_:  NAND3X1_164/Y -> OAI21X1_1006/B
   2610.8 ps                      _2483_: OAI21X1_1006/Y ->   NOR2X1_269/B
   2745.6 ps                      _2482_:   NOR2X1_269/Y ->  AOI21X1_249/A
   3406.5 ps                      _2481_:  AOI21X1_249/Y ->   OAI22X1_76/B
   3965.7 ps                      _2469_:   OAI22X1_76/Y -> OAI21X1_1004/B
   4277.2 ps                      _2468_: OAI21X1_1004/Y ->  NAND2X1_482/B
   4467.4 ps                      _2467_:  NAND2X1_482/Y ->  NAND3X1_122/C
   4632.3 ps                      _2466_:  NAND3X1_122/Y ->  NAND3X1_121/C
   4841.8 ps                      _2465_:  NAND3X1_121/Y ->  NAND3X1_120/C
   5021.5 ps                      _2464_:  NAND3X1_120/Y ->  NAND3X1_119/C
   5233.3 ps                      _2463_:  NAND3X1_119/Y ->  NAND3X1_118/C
   5413.1 ps                      _2462_:  NAND3X1_118/Y ->  NAND3X1_117/C
   5535.4 ps                      _2461_:  NAND3X1_117/Y ->  NAND3X1_116/C
   5678.7 ps                      _2460_:  NAND3X1_116/Y ->  NAND3X1_115/C
   5879.1 ps                      _2459_:  NAND3X1_115/Y ->  NAND3X1_114/C
   6055.4 ps                      _2458_:  NAND3X1_114/Y ->  NAND3X1_113/C
   6177.1 ps                      _2457_:  NAND3X1_113/Y ->  NAND3X1_112/C
   6320.3 ps                      _2456_:  NAND3X1_112/Y ->  NAND3X1_111/C
   6512.3 ps                      _2455_:  NAND3X1_111/Y ->  NAND3X1_110/C
   6685.0 ps                      _2454_:  NAND3X1_110/Y ->  NAND3X1_109/C
   6851.3 ps                      _2453_:  NAND3X1_109/Y ->  AOI21X1_247/A
   7054.3 ps                      _2452_:  AOI21X1_247/Y -> OAI21X1_1003/B
   7273.0 ps                      _2451_: OAI21X1_1003/Y ->  NAND3X1_108/C
   7457.8 ps                      _2450_:  NAND3X1_108/Y ->  NAND3X1_107/C
   7654.1 ps                      _2449_:  NAND3X1_107/Y ->  NAND3X1_106/C
   7827.0 ps                      _2448_:  NAND3X1_106/Y ->  NAND3X1_105/C
   8021.1 ps                      _2447_:  NAND3X1_105/Y ->  NAND3X1_104/C
   8193.9 ps                      _2446_:  NAND3X1_104/Y ->  NAND3X1_103/C
   8315.0 ps                      _2445_:  NAND3X1_103/Y ->  NAND3X1_102/C
   8458.1 ps                      _2444_:  NAND3X1_102/Y ->  NAND3X1_101/C
   8658.5 ps                      _2443_:  NAND3X1_101/Y ->  NAND3X1_100/C
   8834.8 ps                      _2442_:  NAND3X1_100/Y ->   NAND3X1_99/C
   9029.5 ps                      _2441_:   NAND3X1_99/Y ->    AND2X2_72/A
   9235.4 ps                      _2197_:    AND2X2_72/Y ->  NAND2X1_447/B
   9309.3 ps                      _2194_:  NAND2X1_447/Y ->    INVX1_361/A
   9393.2 ps                      _2193_:    INVX1_361/Y ->  OAI21X1_931/B
   9516.1 ps                      _2192_:  OAI21X1_931/Y ->  AOI22X1_135/D
   9609.9 ps                       _843_:  AOI22X1_135/Y ->    DFFSR_398/D

   clock skew at destination = 890.422
   setup at destination = 198.994

Path DFFSR_157/CLK to DFFSR_403/D delay 10656 ps
      0.0 ps            clk_proc_bF_buf6:   CLKBUF1_96/Y ->    DFFSR_157/CLK
    867.4 ps  u_data_processor_op_reg_9_:    DFFSR_157/Q ->     INVX2_68/A
   1168.8 ps                      _4519_:     INVX2_68/Y ->  NAND3X1_164/B
   2214.9 ps                      _4515_:  NAND3X1_164/Y -> OAI21X1_1006/B
   2610.8 ps                      _2483_: OAI21X1_1006/Y ->   NOR2X1_269/B
   2745.6 ps                      _2482_:   NOR2X1_269/Y ->  AOI21X1_249/A
   3406.5 ps                      _2481_:  AOI21X1_249/Y ->   OAI22X1_76/B
   3965.7 ps                      _2469_:   OAI22X1_76/Y -> OAI21X1_1004/B
   4277.2 ps                      _2468_: OAI21X1_1004/Y ->  NAND2X1_482/B
   4467.4 ps                      _2467_:  NAND2X1_482/Y ->  NAND3X1_122/C
   4632.3 ps                      _2466_:  NAND3X1_122/Y ->  NAND3X1_121/C
   4841.8 ps                      _2465_:  NAND3X1_121/Y ->  NAND3X1_120/C
   5021.5 ps                      _2464_:  NAND3X1_120/Y ->  NAND3X1_119/C
   5233.3 ps                      _2463_:  NAND3X1_119/Y ->  NAND3X1_118/C
   5413.1 ps                      _2462_:  NAND3X1_118/Y ->  NAND3X1_117/C
   5535.4 ps                      _2461_:  NAND3X1_117/Y ->  NAND3X1_116/C
   5678.7 ps                      _2460_:  NAND3X1_116/Y ->  NAND3X1_115/C
   5879.1 ps                      _2459_:  NAND3X1_115/Y ->  NAND3X1_114/C
   6055.4 ps                      _2458_:  NAND3X1_114/Y ->  NAND3X1_113/C
   6177.1 ps                      _2457_:  NAND3X1_113/Y ->  NAND3X1_112/C
   6320.3 ps                      _2456_:  NAND3X1_112/Y ->  NAND3X1_111/C
   6512.3 ps                      _2455_:  NAND3X1_111/Y ->  NAND3X1_110/C
   6685.0 ps                      _2454_:  NAND3X1_110/Y ->  NAND3X1_109/C
   6851.3 ps                      _2453_:  NAND3X1_109/Y ->  AOI21X1_247/A
   7054.3 ps                      _2452_:  AOI21X1_247/Y -> OAI21X1_1003/B
   7273.0 ps                      _2451_: OAI21X1_1003/Y ->  NAND3X1_108/C
   7457.8 ps                      _2450_:  NAND3X1_108/Y ->  NAND3X1_107/C
   7654.1 ps                      _2449_:  NAND3X1_107/Y ->  NAND3X1_106/C
   7827.0 ps                      _2448_:  NAND3X1_106/Y ->  NAND3X1_105/C
   8021.1 ps                      _2447_:  NAND3X1_105/Y ->  NAND3X1_104/C
   8193.9 ps                      _2446_:  NAND3X1_104/Y ->  OAI21X1_827/C
   8429.3 ps                      _1994_:  OAI21X1_827/Y ->  OAI21X1_810/B
   8591.2 ps                      _1958_:  OAI21X1_810/Y ->  AOI21X1_213/C
   8706.3 ps                      _1957_:  AOI21X1_213/Y ->  OAI21X1_797/B
   8820.0 ps                      _1929_:  OAI21X1_797/Y ->  OAI21X1_796/C
   8910.9 ps                       _838_:  OAI21X1_796/Y ->    DFFSR_403/D

   clock skew at destination = 1545.49
   setup at destination = 199.597

Path DFFSR_157/CLK to DFFSR_400/D delay 10339.4 ps
      0.0 ps            clk_proc_bF_buf6:   CLKBUF1_96/Y ->    DFFSR_157/CLK
    867.4 ps  u_data_processor_op_reg_9_:    DFFSR_157/Q ->     INVX2_68/A
   1168.8 ps                      _4519_:     INVX2_68/Y ->  NAND3X1_164/B
   2214.9 ps                      _4515_:  NAND3X1_164/Y -> OAI21X1_1006/B
   2610.8 ps                      _2483_: OAI21X1_1006/Y ->   NOR2X1_269/B
   2745.6 ps                      _2482_:   NOR2X1_269/Y ->  AOI21X1_249/A
   3406.5 ps                      _2481_:  AOI21X1_249/Y ->   OAI22X1_76/B
   3965.7 ps                      _2469_:   OAI22X1_76/Y -> OAI21X1_1004/B
   4277.2 ps                      _2468_: OAI21X1_1004/Y ->  NAND2X1_482/B
   4467.4 ps                      _2467_:  NAND2X1_482/Y ->  NAND3X1_122/C
   4632.3 ps                      _2466_:  NAND3X1_122/Y ->  NAND3X1_121/C
   4841.8 ps                      _2465_:  NAND3X1_121/Y ->  NAND3X1_120/C
   5021.5 ps                      _2464_:  NAND3X1_120/Y ->  NAND3X1_119/C
   5233.3 ps                      _2463_:  NAND3X1_119/Y ->  NAND3X1_118/C
   5413.1 ps                      _2462_:  NAND3X1_118/Y ->  NAND3X1_117/C
   5535.4 ps                      _2461_:  NAND3X1_117/Y ->  NAND3X1_116/C
   5678.7 ps                      _2460_:  NAND3X1_116/Y ->  NAND3X1_115/C
   5879.1 ps                      _2459_:  NAND3X1_115/Y ->  NAND3X1_114/C
   6055.4 ps                      _2458_:  NAND3X1_114/Y ->  NAND3X1_113/C
   6177.1 ps                      _2457_:  NAND3X1_113/Y ->  NAND3X1_112/C
   6320.3 ps                      _2456_:  NAND3X1_112/Y ->  NAND3X1_111/C
   6512.3 ps                      _2455_:  NAND3X1_111/Y ->  NAND3X1_110/C
   6685.0 ps                      _2454_:  NAND3X1_110/Y ->  NAND3X1_109/C
   6851.3 ps                      _2453_:  NAND3X1_109/Y ->  AOI21X1_247/A
   7054.3 ps                      _2452_:  AOI21X1_247/Y -> OAI21X1_1003/B
   7273.0 ps                      _2451_: OAI21X1_1003/Y ->  NAND3X1_108/C
   7457.8 ps                      _2450_:  NAND3X1_108/Y ->  NAND3X1_107/C
   7654.1 ps                      _2449_:  NAND3X1_107/Y ->  NAND3X1_106/C
   7827.0 ps                      _2448_:  NAND3X1_106/Y ->  NAND3X1_105/C
   8021.1 ps                      _2447_:  NAND3X1_105/Y ->  NAND3X1_104/C
   8193.9 ps                      _2446_:  NAND3X1_104/Y ->  NAND3X1_103/C
   8315.0 ps                      _2445_:  NAND3X1_103/Y ->  NAND3X1_102/C
   8458.1 ps                      _2444_:  NAND3X1_102/Y ->  NAND3X1_101/C
   8658.5 ps                      _2443_:  NAND3X1_101/Y ->  OAI21X1_865/C
   8838.8 ps                      _2072_:  OAI21X1_865/Y ->     XOR2X1_1/A
   9005.8 ps                      _2070_:     XOR2X1_1/Y ->  AOI21X1_223/A
   9138.3 ps                      _2024_:  AOI21X1_223/Y ->  OAI21X1_841/B
   9246.9 ps                       _841_:  OAI21X1_841/Y ->    DFFSR_400/D

   clock skew at destination = 890.422
   setup at destination = 202.063

Path DFFSR_157/CLK to DFFSR_402/D delay 10087 ps
      0.0 ps            clk_proc_bF_buf6:   CLKBUF1_96/Y ->    DFFSR_157/CLK
    867.4 ps  u_data_processor_op_reg_9_:    DFFSR_157/Q ->     INVX2_68/A
   1168.8 ps                      _4519_:     INVX2_68/Y ->  NAND3X1_164/B
   2214.9 ps                      _4515_:  NAND3X1_164/Y -> OAI21X1_1006/B
   2610.8 ps                      _2483_: OAI21X1_1006/Y ->   NOR2X1_269/B
   2745.6 ps                      _2482_:   NOR2X1_269/Y ->  AOI21X1_249/A
   3406.5 ps                      _2481_:  AOI21X1_249/Y ->   OAI22X1_76/B
   3965.7 ps                      _2469_:   OAI22X1_76/Y -> OAI21X1_1004/B
   4277.2 ps                      _2468_: OAI21X1_1004/Y ->  NAND2X1_482/B
   4467.4 ps                      _2467_:  NAND2X1_482/Y ->  NAND3X1_122/C
   4632.3 ps                      _2466_:  NAND3X1_122/Y ->  NAND3X1_121/C
   4841.8 ps                      _2465_:  NAND3X1_121/Y ->  NAND3X1_120/C
   5021.5 ps                      _2464_:  NAND3X1_120/Y ->  NAND3X1_119/C
   5233.3 ps                      _2463_:  NAND3X1_119/Y ->  NAND3X1_118/C
   5413.1 ps                      _2462_:  NAND3X1_118/Y ->  NAND3X1_117/C
   5535.4 ps                      _2461_:  NAND3X1_117/Y ->  NAND3X1_116/C
   5678.7 ps                      _2460_:  NAND3X1_116/Y ->  NAND3X1_115/C
   5879.1 ps                      _2459_:  NAND3X1_115/Y ->  NAND3X1_114/C
   6055.4 ps                      _2458_:  NAND3X1_114/Y ->  NAND3X1_113/C
   6177.1 ps                      _2457_:  NAND3X1_113/Y ->  NAND3X1_112/C
   6320.3 ps                      _2456_:  NAND3X1_112/Y ->  NAND3X1_111/C
   6512.3 ps                      _2455_:  NAND3X1_111/Y ->  NAND3X1_110/C
   6685.0 ps                      _2454_:  NAND3X1_110/Y ->  NAND3X1_109/C
   6851.3 ps                      _2453_:  NAND3X1_109/Y ->  AOI21X1_247/A
   7054.3 ps                      _2452_:  AOI21X1_247/Y -> OAI21X1_1003/B
   7273.0 ps                      _2451_: OAI21X1_1003/Y ->  NAND3X1_108/C
   7457.8 ps                      _2450_:  NAND3X1_108/Y ->  NAND3X1_107/C
   7654.1 ps                      _2449_:  NAND3X1_107/Y ->  NAND3X1_106/C
   7827.0 ps                      _2448_:  NAND3X1_106/Y ->  NAND3X1_105/C
   8021.1 ps                      _2447_:  NAND3X1_105/Y ->  NAND3X1_104/C
   8193.9 ps                      _2446_:  NAND3X1_104/Y ->  OAI21X1_827/C
   8429.3 ps                      _1994_:  OAI21X1_827/Y ->  OAI21X1_826/B
   8651.3 ps                      _1993_:  OAI21X1_826/Y ->  AOI21X1_218/A
   8780.4 ps                      _1992_:  AOI21X1_218/Y ->  OAI21X1_825/C
   8904.1 ps                      _1991_:  OAI21X1_825/Y ->  AOI22X1_132/D
   8997.6 ps                       _839_:  AOI22X1_132/Y ->    DFFSR_402/D

   clock skew at destination = 890.422
   setup at destination = 198.939

Path DFFSR_157/CLK to DFFSR_401/D delay 10050.9 ps
      0.0 ps            clk_proc_bF_buf6:   CLKBUF1_96/Y ->    DFFSR_157/CLK
    867.4 ps  u_data_processor_op_reg_9_:    DFFSR_157/Q ->     INVX2_68/A
   1168.8 ps                      _4519_:     INVX2_68/Y ->  NAND3X1_164/B
   2214.9 ps                      _4515_:  NAND3X1_164/Y -> OAI21X1_1006/B
   2610.8 ps                      _2483_: OAI21X1_1006/Y ->   NOR2X1_269/B
   2745.6 ps                      _2482_:   NOR2X1_269/Y ->  AOI21X1_249/A
   3406.5 ps                      _2481_:  AOI21X1_249/Y ->   OAI22X1_76/B
   3965.7 ps                      _2469_:   OAI22X1_76/Y -> OAI21X1_1004/B
   4277.2 ps                      _2468_: OAI21X1_1004/Y ->  NAND2X1_482/B
   4467.4 ps                      _2467_:  NAND2X1_482/Y ->  NAND3X1_122/C
   4632.3 ps                      _2466_:  NAND3X1_122/Y ->  NAND3X1_121/C
   4841.8 ps                      _2465_:  NAND3X1_121/Y ->  NAND3X1_120/C
   5021.5 ps                      _2464_:  NAND3X1_120/Y ->  NAND3X1_119/C
   5233.3 ps                      _2463_:  NAND3X1_119/Y ->  NAND3X1_118/C
   5413.1 ps                      _2462_:  NAND3X1_118/Y ->  NAND3X1_117/C
   5535.4 ps                      _2461_:  NAND3X1_117/Y ->  NAND3X1_116/C
   5678.7 ps                      _2460_:  NAND3X1_116/Y ->  NAND3X1_115/C
   5879.1 ps                      _2459_:  NAND3X1_115/Y ->  NAND3X1_114/C
   6055.4 ps                      _2458_:  NAND3X1_114/Y ->  NAND3X1_113/C
   6177.1 ps                      _2457_:  NAND3X1_113/Y ->  NAND3X1_112/C
   6320.3 ps                      _2456_:  NAND3X1_112/Y ->  NAND3X1_111/C
   6512.3 ps                      _2455_:  NAND3X1_111/Y ->  NAND3X1_110/C
   6685.0 ps                      _2454_:  NAND3X1_110/Y ->  NAND3X1_109/C
   6851.3 ps                      _2453_:  NAND3X1_109/Y ->  AOI21X1_247/A
   7054.3 ps                      _2452_:  AOI21X1_247/Y -> OAI21X1_1003/B
   7273.0 ps                      _2451_: OAI21X1_1003/Y ->  NAND3X1_108/C
   7457.8 ps                      _2450_:  NAND3X1_108/Y ->  NAND3X1_107/C
   7654.1 ps                      _2449_:  NAND3X1_107/Y ->  NAND3X1_106/C
   7827.0 ps                      _2448_:  NAND3X1_106/Y ->  NAND3X1_105/C
   8021.1 ps                      _2447_:  NAND3X1_105/Y ->  NAND3X1_104/C
   8193.9 ps                      _2446_:  NAND3X1_104/Y ->  NAND3X1_103/C
   8315.0 ps                      _2445_:  NAND3X1_103/Y ->  NAND3X1_102/C
   8458.1 ps                      _2444_:  NAND3X1_102/Y ->  NAND3X1_101/C
   8658.5 ps                      _2443_:  NAND3X1_101/Y ->   NAND3X1_90/A
   8857.3 ps                      _2021_:   NAND3X1_90/Y ->  AOI22X1_133/D
   8959.8 ps                       _840_:  AOI22X1_133/Y ->    DFFSR_401/D

   clock skew at destination = 890.422
   setup at destination = 200.684

Path DFFSR_157/CLK to DFFSR_407/D delay 9830.2 ps
      0.0 ps            clk_proc_bF_buf6:   CLKBUF1_96/Y ->    DFFSR_157/CLK
    867.4 ps  u_data_processor_op_reg_9_:    DFFSR_157/Q ->     INVX2_68/A
   1168.8 ps                      _4519_:     INVX2_68/Y ->  NAND3X1_164/B
   2214.9 ps                      _4515_:  NAND3X1_164/Y -> OAI21X1_1006/B
   2610.8 ps                      _2483_: OAI21X1_1006/Y ->   NOR2X1_269/B
   2745.6 ps                      _2482_:   NOR2X1_269/Y ->  AOI21X1_249/A
   3406.5 ps                      _2481_:  AOI21X1_249/Y ->   OAI22X1_76/B
   3965.7 ps                      _2469_:   OAI22X1_76/Y -> OAI21X1_1004/B
   4277.2 ps                      _2468_: OAI21X1_1004/Y ->  NAND2X1_482/B
   4467.4 ps                      _2467_:  NAND2X1_482/Y ->  NAND3X1_122/C
   4632.3 ps                      _2466_:  NAND3X1_122/Y ->  NAND3X1_121/C
   4841.8 ps                      _2465_:  NAND3X1_121/Y ->  NAND3X1_120/C
   5021.5 ps                      _2464_:  NAND3X1_120/Y ->  NAND3X1_119/C
   5233.3 ps                      _2463_:  NAND3X1_119/Y ->  NAND3X1_118/C
   5413.1 ps                      _2462_:  NAND3X1_118/Y ->  NAND3X1_117/C
   5535.4 ps                      _2461_:  NAND3X1_117/Y ->  NAND3X1_116/C
   5678.7 ps                      _2460_:  NAND3X1_116/Y ->  NAND3X1_115/C
   5879.1 ps                      _2459_:  NAND3X1_115/Y ->  NAND3X1_114/C
   6055.4 ps                      _2458_:  NAND3X1_114/Y ->  NAND3X1_113/C
   6177.1 ps                      _2457_:  NAND3X1_113/Y ->  NAND3X1_112/C
   6320.3 ps                      _2456_:  NAND3X1_112/Y ->  NAND3X1_111/C
   6512.3 ps                      _2455_:  NAND3X1_111/Y ->  NAND3X1_110/C
   6685.0 ps                      _2454_:  NAND3X1_110/Y ->  NAND3X1_109/C
   6851.3 ps                      _2453_:  NAND3X1_109/Y ->  AOI21X1_247/A
   7054.3 ps                      _2452_:  AOI21X1_247/Y -> OAI21X1_1003/B
   7273.0 ps                      _2451_: OAI21X1_1003/Y ->  NAND3X1_108/C
   7457.8 ps                      _2450_:  NAND3X1_108/Y ->  NAND3X1_107/C
   7654.1 ps                      _2449_:  NAND3X1_107/Y ->  NAND2X1_395/B
   7777.8 ps                      _1840_:  NAND2X1_395/Y ->  AOI21X1_199/C
   7881.8 ps                      _1839_:  AOI21X1_199/Y ->  OAI21X1_742/A
   7994.8 ps                      _1818_:  OAI21X1_742/Y ->  OAI21X1_741/C
   8085.2 ps                       _834_:  OAI21X1_741/Y ->    DFFSR_407/D

   clock skew at destination = 1545.49
   setup at destination = 199.521

Path DFFSR_157/CLK to DFFSR_404/D delay 9667.75 ps
      0.0 ps            clk_proc_bF_buf6:   CLKBUF1_96/Y ->    DFFSR_157/CLK
    867.4 ps  u_data_processor_op_reg_9_:    DFFSR_157/Q ->     INVX2_68/A
   1168.8 ps                      _4519_:     INVX2_68/Y ->  NAND3X1_164/B
   2214.9 ps                      _4515_:  NAND3X1_164/Y -> OAI21X1_1006/B
   2610.8 ps                      _2483_: OAI21X1_1006/Y ->   NOR2X1_269/B
   2745.6 ps                      _2482_:   NOR2X1_269/Y ->  AOI21X1_249/A
   3406.5 ps                      _2481_:  AOI21X1_249/Y ->   OAI22X1_76/B
   3965.7 ps                      _2469_:   OAI22X1_76/Y -> OAI21X1_1004/B
   4277.2 ps                      _2468_: OAI21X1_1004/Y ->  NAND2X1_482/B
   4467.4 ps                      _2467_:  NAND2X1_482/Y ->  NAND3X1_122/C
   4632.3 ps                      _2466_:  NAND3X1_122/Y ->  NAND3X1_121/C
   4841.8 ps                      _2465_:  NAND3X1_121/Y ->  NAND3X1_120/C
   5021.5 ps                      _2464_:  NAND3X1_120/Y ->  NAND3X1_119/C
   5233.3 ps                      _2463_:  NAND3X1_119/Y ->  NAND3X1_118/C
   5413.1 ps                      _2462_:  NAND3X1_118/Y ->  NAND3X1_117/C
   5535.4 ps                      _2461_:  NAND3X1_117/Y ->  NAND3X1_116/C
   5678.7 ps                      _2460_:  NAND3X1_116/Y ->  NAND3X1_115/C
   5879.1 ps                      _2459_:  NAND3X1_115/Y ->  NAND3X1_114/C
   6055.4 ps                      _2458_:  NAND3X1_114/Y ->  NAND3X1_113/C
   6177.1 ps                      _2457_:  NAND3X1_113/Y ->  NAND3X1_112/C
   6320.3 ps                      _2456_:  NAND3X1_112/Y ->  NAND3X1_111/C
   6512.3 ps                      _2455_:  NAND3X1_111/Y ->  NAND3X1_110/C
   6685.0 ps                      _2454_:  NAND3X1_110/Y ->  NAND3X1_109/C
   6851.3 ps                      _2453_:  NAND3X1_109/Y ->  AOI21X1_247/A
   7054.3 ps                      _2452_:  AOI21X1_247/Y -> OAI21X1_1003/B
   7273.0 ps                      _2451_: OAI21X1_1003/Y ->  NAND3X1_108/C
   7457.8 ps                      _2450_:  NAND3X1_108/Y ->  NAND3X1_107/C
   7654.1 ps                      _2449_:  NAND3X1_107/Y ->  NAND3X1_106/C
   7827.0 ps                      _2448_:  NAND3X1_106/Y ->  NAND3X1_105/C
   8021.1 ps                      _2447_:  NAND3X1_105/Y ->  OAI21X1_795/C
   8215.9 ps                      _1928_:  OAI21X1_795/Y ->  AOI21X1_210/A
   8342.6 ps                      _1927_:  AOI21X1_210/Y ->  OAI21X1_794/C
   8464.8 ps                      _1926_:  OAI21X1_794/Y ->  AOI22X1_131/C
   8575.0 ps                       _837_:  AOI22X1_131/Y ->    DFFSR_404/D

   clock skew at destination = 890.422
   setup at destination = 202.372

Path DFFSR_157/CLK to DFFSR_405/D delay 9542.13 ps
      0.0 ps            clk_proc_bF_buf6:   CLKBUF1_96/Y ->    DFFSR_157/CLK
    867.4 ps  u_data_processor_op_reg_9_:    DFFSR_157/Q ->     INVX2_68/A
   1168.8 ps                      _4519_:     INVX2_68/Y ->  NAND3X1_164/B
   2214.9 ps                      _4515_:  NAND3X1_164/Y -> OAI21X1_1006/B
   2610.8 ps                      _2483_: OAI21X1_1006/Y ->   NOR2X1_269/B
   2745.6 ps                      _2482_:   NOR2X1_269/Y ->  AOI21X1_249/A
   3406.5 ps                      _2481_:  AOI21X1_249/Y ->   OAI22X1_76/B
   3965.7 ps                      _2469_:   OAI22X1_76/Y -> OAI21X1_1004/B
   4277.2 ps                      _2468_: OAI21X1_1004/Y ->  NAND2X1_482/B
   4467.4 ps                      _2467_:  NAND2X1_482/Y ->  NAND3X1_122/C
   4632.3 ps                      _2466_:  NAND3X1_122/Y ->  NAND3X1_121/C
   4841.8 ps                      _2465_:  NAND3X1_121/Y ->  NAND3X1_120/C
   5021.5 ps                      _2464_:  NAND3X1_120/Y ->  NAND3X1_119/C
   5233.3 ps                      _2463_:  NAND3X1_119/Y ->  NAND3X1_118/C
   5413.1 ps                      _2462_:  NAND3X1_118/Y ->  NAND3X1_117/C
   5535.4 ps                      _2461_:  NAND3X1_117/Y ->  NAND3X1_116/C
   5678.7 ps                      _2460_:  NAND3X1_116/Y ->  NAND3X1_115/C
   5879.1 ps                      _2459_:  NAND3X1_115/Y ->  NAND3X1_114/C
   6055.4 ps                      _2458_:  NAND3X1_114/Y ->  NAND3X1_113/C
   6177.1 ps                      _2457_:  NAND3X1_113/Y ->  NAND3X1_112/C
   6320.3 ps                      _2456_:  NAND3X1_112/Y ->  NAND3X1_111/C
   6512.3 ps                      _2455_:  NAND3X1_111/Y ->  NAND3X1_110/C
   6685.0 ps                      _2454_:  NAND3X1_110/Y ->  NAND3X1_109/C
   6851.3 ps                      _2453_:  NAND3X1_109/Y ->  AOI21X1_247/A
   7054.3 ps                      _2452_:  AOI21X1_247/Y -> OAI21X1_1003/B
   7273.0 ps                      _2451_: OAI21X1_1003/Y ->  NAND3X1_108/C
   7457.8 ps                      _2450_:  NAND3X1_108/Y ->  NAND3X1_107/C
   7654.1 ps                      _2449_:  NAND3X1_107/Y ->  NAND3X1_106/C
   7827.0 ps                      _2448_:  NAND3X1_106/Y ->  NAND3X1_105/C
   8021.1 ps                      _2447_:  NAND3X1_105/Y ->  NAND2X1_401/B
   8144.8 ps                      _1887_:  NAND2X1_401/Y ->  AOI21X1_206/C
   8248.7 ps                      _1886_:  AOI21X1_206/Y ->  OAI21X1_766/A
   8361.8 ps                      _1864_:  OAI21X1_766/Y ->  OAI21X1_765/C
   8452.1 ps                       _836_:  OAI21X1_765/Y ->    DFFSR_405/D

   clock skew at destination = 890.422
   setup at destination = 199.602

Path DFFSR_157/CLK to DFFSR_414/D delay 9498.14 ps
      0.0 ps            clk_proc_bF_buf6:   CLKBUF1_96/Y ->    DFFSR_157/CLK
    867.4 ps  u_data_processor_op_reg_9_:    DFFSR_157/Q ->     INVX2_68/A
   1168.8 ps                      _4519_:     INVX2_68/Y ->  NAND3X1_164/B
   2214.9 ps                      _4515_:  NAND3X1_164/Y -> OAI21X1_1006/B
   2610.8 ps                      _2483_: OAI21X1_1006/Y ->   NOR2X1_269/B
   2745.6 ps                      _2482_:   NOR2X1_269/Y ->  AOI21X1_249/A
   3406.5 ps                      _2481_:  AOI21X1_249/Y ->  OAI21X1_989/A
   3689.3 ps                      _2365_:  OAI21X1_989/Y ->  OAI21X1_988/C
   3933.9 ps                      _2364_:  OAI21X1_988/Y ->  OAI21X1_987/C
   4199.0 ps                      _2363_:  OAI21X1_987/Y ->  AOI21X1_242/A
   4430.1 ps                      _2362_:  AOI21X1_242/Y ->    INVX1_380/A
   4540.5 ps                      _2361_:    INVX1_380/Y ->  OAI21X1_986/C
   4637.3 ps                      _2360_:  OAI21X1_986/Y ->  OAI21X1_985/C
   4841.7 ps                      _2359_:  OAI21X1_985/Y ->  OAI21X1_984/C
   4978.3 ps                      _2358_:  OAI21X1_984/Y ->  OAI21X1_983/C
   5182.4 ps                      _2357_:  OAI21X1_983/Y ->    INVX1_379/A
   5312.8 ps                      _2356_:    INVX1_379/Y ->  OAI21X1_982/B
   5541.0 ps                      _2355_:  OAI21X1_982/Y ->  AOI21X1_241/A
   5737.0 ps                      _2354_:  AOI21X1_241/Y ->   NOR2X1_246/B
   5829.1 ps                      _2353_:   NOR2X1_246/Y ->    INVX1_378/A
   5961.2 ps                      _2352_:    INVX1_378/Y ->  OAI21X1_981/C
   6161.0 ps                      _2351_:  OAI21X1_981/Y ->  NAND2X1_375/B
   6432.4 ps                      _1703_:  NAND2X1_375/Y ->     OR2X2_27/A
   6646.4 ps                      _1702_:     OR2X2_27/Y ->  OAI21X1_682/B
   6852.6 ps                      _1701_:  OAI21X1_682/Y ->  NAND2X1_374/B
   6979.0 ps                      _1700_:  NAND2X1_374/Y ->  OAI21X1_681/C
   7183.4 ps                      _1699_:  OAI21X1_681/Y ->  AOI21X1_177/A
   7315.7 ps                      _1641_:  AOI21X1_177/Y ->  OAI21X1_656/C
   7430.9 ps                      _1640_:  OAI21X1_656/Y ->   NAND3X1_79/C
   7554.1 ps                      _1623_:   NAND3X1_79/Y ->  OAI21X1_651/B
   7663.2 ps                      _1622_:  OAI21X1_651/Y ->  OAI21X1_650/C
   7753.2 ps                       _827_:  OAI21X1_650/Y ->    DFFSR_414/D

   clock skew at destination = 1545.49
   setup at destination = 199.466

Path DFFSR_157/CLK to DFFSR_406/D delay 9383.81 ps
      0.0 ps            clk_proc_bF_buf6:   CLKBUF1_96/Y ->    DFFSR_157/CLK
    867.4 ps  u_data_processor_op_reg_9_:    DFFSR_157/Q ->     INVX2_68/A
   1168.8 ps                      _4519_:     INVX2_68/Y ->  NAND3X1_164/B
   2214.9 ps                      _4515_:  NAND3X1_164/Y -> OAI21X1_1006/B
   2610.8 ps                      _2483_: OAI21X1_1006/Y ->   NOR2X1_269/B
   2745.6 ps                      _2482_:   NOR2X1_269/Y ->  AOI21X1_249/A
   3406.5 ps                      _2481_:  AOI21X1_249/Y ->   OAI22X1_76/B
   3965.7 ps                      _2469_:   OAI22X1_76/Y -> OAI21X1_1004/B
   4277.2 ps                      _2468_: OAI21X1_1004/Y ->  NAND2X1_482/B
   4467.4 ps                      _2467_:  NAND2X1_482/Y ->  NAND3X1_122/C
   4632.3 ps                      _2466_:  NAND3X1_122/Y ->  NAND3X1_121/C
   4841.8 ps                      _2465_:  NAND3X1_121/Y ->  NAND3X1_120/C
   5021.5 ps                      _2464_:  NAND3X1_120/Y ->  NAND3X1_119/C
   5233.3 ps                      _2463_:  NAND3X1_119/Y ->  NAND3X1_118/C
   5413.1 ps                      _2462_:  NAND3X1_118/Y ->  NAND3X1_117/C
   5535.4 ps                      _2461_:  NAND3X1_117/Y ->  NAND3X1_116/C
   5678.7 ps                      _2460_:  NAND3X1_116/Y ->  NAND3X1_115/C
   5879.1 ps                      _2459_:  NAND3X1_115/Y ->  NAND3X1_114/C
   6055.4 ps                      _2458_:  NAND3X1_114/Y ->  NAND3X1_113/C
   6177.1 ps                      _2457_:  NAND3X1_113/Y ->  NAND3X1_112/C
   6320.3 ps                      _2456_:  NAND3X1_112/Y ->  NAND3X1_111/C
   6512.3 ps                      _2455_:  NAND3X1_111/Y ->  NAND3X1_110/C
   6685.0 ps                      _2454_:  NAND3X1_110/Y ->  NAND3X1_109/C
   6851.3 ps                      _2453_:  NAND3X1_109/Y ->  AOI21X1_247/A
   7054.3 ps                      _2452_:  AOI21X1_247/Y -> OAI21X1_1003/B
   7273.0 ps                      _2451_: OAI21X1_1003/Y ->  NAND3X1_108/C
   7457.8 ps                      _2450_:  NAND3X1_108/Y ->  NAND3X1_107/C
   7654.1 ps                      _2449_:  NAND3X1_107/Y ->  OAI21X1_764/C
   7831.1 ps                      _1863_:  OAI21X1_764/Y ->    XNOR2X1_5/A
   7990.0 ps                      _1862_:    XNOR2X1_5/Y ->   NOR2X1_199/B
   8089.2 ps                      _1861_:   NOR2X1_199/Y ->  OAI21X1_756/A
   8203.1 ps                      _1842_:  OAI21X1_756/Y ->  OAI21X1_755/C
   8293.7 ps                       _835_:  OAI21X1_755/Y ->    DFFSR_406/D

   clock skew at destination = 890.422
   setup at destination = 199.639

Path DFFSR_157/CLK to DFFSR_413/D delay 9382.71 ps
      0.0 ps            clk_proc_bF_buf6:   CLKBUF1_96/Y ->    DFFSR_157/CLK
    867.4 ps  u_data_processor_op_reg_9_:    DFFSR_157/Q ->     INVX2_68/A
   1168.8 ps                      _4519_:     INVX2_68/Y ->  NAND3X1_164/B
   2214.9 ps                      _4515_:  NAND3X1_164/Y -> OAI21X1_1006/B
   2610.8 ps                      _2483_: OAI21X1_1006/Y ->   NOR2X1_269/B
   2745.6 ps                      _2482_:   NOR2X1_269/Y ->  AOI21X1_249/A
   3406.5 ps                      _2481_:  AOI21X1_249/Y ->  OAI21X1_989/A
   3689.3 ps                      _2365_:  OAI21X1_989/Y ->  OAI21X1_988/C
   3933.9 ps                      _2364_:  OAI21X1_988/Y ->  OAI21X1_987/C
   4199.0 ps                      _2363_:  OAI21X1_987/Y ->  AOI21X1_242/A
   4430.1 ps                      _2362_:  AOI21X1_242/Y ->    INVX1_380/A
   4540.5 ps                      _2361_:    INVX1_380/Y ->  OAI21X1_986/C
   4637.3 ps                      _2360_:  OAI21X1_986/Y ->  OAI21X1_985/C
   4841.7 ps                      _2359_:  OAI21X1_985/Y ->  OAI21X1_984/C
   4978.3 ps                      _2358_:  OAI21X1_984/Y ->  OAI21X1_983/C
   5182.4 ps                      _2357_:  OAI21X1_983/Y ->    INVX1_379/A
   5312.8 ps                      _2356_:    INVX1_379/Y ->  OAI21X1_982/B
   5541.0 ps                      _2355_:  OAI21X1_982/Y ->  AOI21X1_241/A
   5737.0 ps                      _2354_:  AOI21X1_241/Y ->   NOR2X1_246/B
   5829.1 ps                      _2353_:   NOR2X1_246/Y ->    INVX1_378/A
   5961.2 ps                      _2352_:    INVX1_378/Y ->  OAI21X1_981/C
   6161.0 ps                      _2351_:  OAI21X1_981/Y ->  NAND2X1_375/B
   6432.4 ps                      _1703_:  NAND2X1_375/Y ->     OR2X2_27/A
   6646.4 ps                      _1702_:     OR2X2_27/Y ->  OAI21X1_682/B
   6852.6 ps                      _1701_:  OAI21X1_682/Y ->  NAND2X1_374/B
   6979.0 ps                      _1700_:  NAND2X1_374/Y ->  OAI21X1_681/C
   7183.4 ps                      _1699_:  OAI21X1_681/Y ->  OAI21X1_680/C
   7319.9 ps                      _1698_:  OAI21X1_680/Y ->  OAI21X1_679/C
   7481.0 ps                      _1697_:  OAI21X1_679/Y ->  NAND2X1_373/B
   7581.6 ps                      _1696_:  NAND2X1_373/Y ->    INVX1_327/A
   7762.6 ps                      _1695_:    INVX1_327/Y ->   NOR2X1_182/B
   7861.6 ps                      _1666_:   NOR2X1_182/Y ->  OAI21X1_667/C
   7971.5 ps                      _1665_:  OAI21X1_667/Y ->   NAND3X1_80/C
   8093.8 ps                      _1648_:   NAND3X1_80/Y ->  OAI21X1_660/B
   8202.8 ps                      _1647_:  OAI21X1_660/Y ->  OAI21X1_659/C
   8292.7 ps                       _828_:  OAI21X1_659/Y ->    DFFSR_413/D

   clock skew at destination = 890.422
   setup at destination = 199.545

Path DFFSR_157/CLK to DFFSR_412/D delay 9331.18 ps
      0.0 ps            clk_proc_bF_buf6:   CLKBUF1_96/Y ->    DFFSR_157/CLK
    867.4 ps  u_data_processor_op_reg_9_:    DFFSR_157/Q ->     INVX2_68/A
   1168.8 ps                      _4519_:     INVX2_68/Y ->  NAND3X1_164/B
   2214.9 ps                      _4515_:  NAND3X1_164/Y -> OAI21X1_1006/B
   2610.8 ps                      _2483_: OAI21X1_1006/Y ->   NOR2X1_269/B
   2745.6 ps                      _2482_:   NOR2X1_269/Y ->  AOI21X1_249/A
   3406.5 ps                      _2481_:  AOI21X1_249/Y ->  OAI21X1_989/A
   3689.3 ps                      _2365_:  OAI21X1_989/Y ->  OAI21X1_988/C
   3933.9 ps                      _2364_:  OAI21X1_988/Y ->  OAI21X1_987/C
   4199.0 ps                      _2363_:  OAI21X1_987/Y ->  AOI21X1_242/A
   4430.1 ps                      _2362_:  AOI21X1_242/Y ->    INVX1_380/A
   4540.5 ps                      _2361_:    INVX1_380/Y ->  OAI21X1_986/C
   4637.3 ps                      _2360_:  OAI21X1_986/Y ->  OAI21X1_985/C
   4841.7 ps                      _2359_:  OAI21X1_985/Y ->  OAI21X1_984/C
   4978.3 ps                      _2358_:  OAI21X1_984/Y ->  OAI21X1_983/C
   5182.4 ps                      _2357_:  OAI21X1_983/Y ->    INVX1_379/A
   5312.8 ps                      _2356_:    INVX1_379/Y ->  OAI21X1_982/B
   5541.0 ps                      _2355_:  OAI21X1_982/Y ->  AOI21X1_241/A
   5737.0 ps                      _2354_:  AOI21X1_241/Y ->   NOR2X1_246/B
   5829.1 ps                      _2353_:   NOR2X1_246/Y ->    INVX1_378/A
   5961.2 ps                      _2352_:    INVX1_378/Y ->  OAI21X1_981/C
   6161.0 ps                      _2351_:  OAI21X1_981/Y ->  NAND2X1_375/B
   6432.4 ps                      _1703_:  NAND2X1_375/Y ->     OR2X2_27/A
   6646.4 ps                      _1702_:     OR2X2_27/Y ->  OAI21X1_682/B
   6852.6 ps                      _1701_:  OAI21X1_682/Y ->  NAND2X1_374/B
   6979.0 ps                      _1700_:  NAND2X1_374/Y ->  OAI21X1_681/C
   7183.4 ps                      _1699_:  OAI21X1_681/Y ->  OAI21X1_680/C
   7319.9 ps                      _1698_:  OAI21X1_680/Y ->  OAI21X1_679/C
   7481.0 ps                      _1697_:  OAI21X1_679/Y ->  NAND2X1_373/B
   7581.6 ps                      _1696_:  NAND2X1_373/Y ->    INVX1_327/A
   7762.6 ps                      _1695_:    INVX1_327/Y ->   NOR2X1_186/B
   7881.5 ps                      _1693_:   NOR2X1_186/Y ->  AOI21X1_184/A
   8013.7 ps                      _1692_:  AOI21X1_184/Y ->  AOI21X1_181/A
   8147.6 ps                      _1670_:  AOI21X1_181/Y ->  AOI22X1_129/D
   8241.7 ps                       _829_:  AOI22X1_129/Y ->    DFFSR_412/D

   clock skew at destination = 890.422
   setup at destination = 199.06

Path DFFSR_157/CLK to DFFSR_415/D delay 9167.42 ps
      0.0 ps            clk_proc_bF_buf6:   CLKBUF1_96/Y ->    DFFSR_157/CLK
    867.4 ps  u_data_processor_op_reg_9_:    DFFSR_157/Q ->     INVX2_68/A
   1168.8 ps                      _4519_:     INVX2_68/Y ->  NAND3X1_164/B
   2214.9 ps                      _4515_:  NAND3X1_164/Y -> OAI21X1_1006/B
   2610.8 ps                      _2483_: OAI21X1_1006/Y ->   NOR2X1_269/B
   2745.6 ps                      _2482_:   NOR2X1_269/Y ->  AOI21X1_249/A
   3406.5 ps                      _2481_:  AOI21X1_249/Y ->  OAI21X1_989/A
   3689.3 ps                      _2365_:  OAI21X1_989/Y ->  OAI21X1_988/C
   3933.9 ps                      _2364_:  OAI21X1_988/Y ->  OAI21X1_987/C
   4199.0 ps                      _2363_:  OAI21X1_987/Y ->  AOI21X1_242/A
   4430.1 ps                      _2362_:  AOI21X1_242/Y ->    INVX1_380/A
   4540.5 ps                      _2361_:    INVX1_380/Y ->  OAI21X1_986/C
   4637.3 ps                      _2360_:  OAI21X1_986/Y ->  OAI21X1_985/C
   4841.7 ps                      _2359_:  OAI21X1_985/Y ->  OAI21X1_984/C
   4978.3 ps                      _2358_:  OAI21X1_984/Y ->  OAI21X1_983/C
   5182.4 ps                      _2357_:  OAI21X1_983/Y ->    INVX1_379/A
   5312.8 ps                      _2356_:    INVX1_379/Y ->  OAI21X1_982/B
   5541.0 ps                      _2355_:  OAI21X1_982/Y ->  AOI21X1_241/A
   5737.0 ps                      _2354_:  AOI21X1_241/Y ->   NOR2X1_246/B
   5829.1 ps                      _2353_:   NOR2X1_246/Y ->    INVX1_378/A
   5961.2 ps                      _2352_:    INVX1_378/Y ->  OAI21X1_981/C
   6161.0 ps                      _2351_:  OAI21X1_981/Y ->  NAND2X1_375/B
   6432.4 ps                      _1703_:  NAND2X1_375/Y ->     OR2X2_27/A
   6646.4 ps                      _1702_:     OR2X2_27/Y ->  OAI21X1_682/B
   6852.6 ps                      _1701_:  OAI21X1_682/Y ->  AOI21X1_174/A
   6985.0 ps                      _1619_:  AOI21X1_174/Y ->  OAI21X1_648/C
   7100.2 ps                      _1618_:  OAI21X1_648/Y ->   NAND3X1_78/C
   7223.4 ps                      _1603_:   NAND3X1_78/Y ->  OAI21X1_641/B
   7332.5 ps                      _1602_:  OAI21X1_641/Y ->  OAI21X1_640/C
   7422.5 ps                       _826_:  OAI21X1_640/Y ->    DFFSR_415/D

   clock skew at destination = 1545.49
   setup at destination = 199.466

Path DFFSR_157/CLK to DFFSR_411/D delay 9072.64 ps
      0.0 ps            clk_proc_bF_buf6:   CLKBUF1_96/Y ->    DFFSR_157/CLK
    867.4 ps  u_data_processor_op_reg_9_:    DFFSR_157/Q ->     INVX2_68/A
   1168.8 ps                      _4519_:     INVX2_68/Y ->  NAND3X1_164/B
   2214.9 ps                      _4515_:  NAND3X1_164/Y -> OAI21X1_1006/B
   2610.8 ps                      _2483_: OAI21X1_1006/Y ->   NOR2X1_269/B
   2745.6 ps                      _2482_:   NOR2X1_269/Y ->  AOI21X1_249/A
   3406.5 ps                      _2481_:  AOI21X1_249/Y ->   OAI22X1_76/B
   3965.7 ps                      _2469_:   OAI22X1_76/Y -> OAI21X1_1004/B
   4277.2 ps                      _2468_: OAI21X1_1004/Y ->  NAND2X1_482/B
   4467.4 ps                      _2467_:  NAND2X1_482/Y ->  NAND3X1_122/C
   4632.3 ps                      _2466_:  NAND3X1_122/Y ->  NAND3X1_121/C
   4841.8 ps                      _2465_:  NAND3X1_121/Y ->  NAND3X1_120/C
   5021.5 ps                      _2464_:  NAND3X1_120/Y ->  NAND3X1_119/C
   5233.3 ps                      _2463_:  NAND3X1_119/Y ->  NAND3X1_118/C
   5413.1 ps                      _2462_:  NAND3X1_118/Y ->  NAND3X1_117/C
   5535.4 ps                      _2461_:  NAND3X1_117/Y ->  NAND3X1_116/C
   5678.7 ps                      _2460_:  NAND3X1_116/Y ->  NAND3X1_115/C
   5879.1 ps                      _2459_:  NAND3X1_115/Y ->  NAND3X1_114/C
   6055.4 ps                      _2458_:  NAND3X1_114/Y ->  NAND3X1_113/C
   6177.1 ps                      _2457_:  NAND3X1_113/Y ->  NAND3X1_112/C
   6320.3 ps                      _2456_:  NAND3X1_112/Y ->  NAND3X1_111/C
   6512.3 ps                      _2455_:  NAND3X1_111/Y ->  NAND3X1_110/C
   6685.0 ps                      _2454_:  NAND3X1_110/Y ->  OAI21X1_699/C
   6867.4 ps                      _1731_:  OAI21X1_699/Y ->  OAI21X1_698/B
   7011.2 ps                      _1730_:  OAI21X1_698/Y ->  AOI21X1_189/C
   7122.6 ps                      _1729_:  AOI21X1_189/Y ->  OAI21X1_686/A
   7236.9 ps                      _1708_:  OAI21X1_686/Y ->  OAI21X1_685/C
   7327.6 ps                       _830_:  OAI21X1_685/Y ->    DFFSR_411/D

   clock skew at destination = 1545.49
   setup at destination = 199.569

Path DFFSR_157/CLK to DFFSR_408/D delay 9034.89 ps
      0.0 ps            clk_proc_bF_buf6:   CLKBUF1_96/Y ->    DFFSR_157/CLK
    867.4 ps  u_data_processor_op_reg_9_:    DFFSR_157/Q ->     INVX2_68/A
   1168.8 ps                      _4519_:     INVX2_68/Y ->  NAND3X1_164/B
   2214.9 ps                      _4515_:  NAND3X1_164/Y -> OAI21X1_1006/B
   2610.8 ps                      _2483_: OAI21X1_1006/Y ->   NOR2X1_269/B
   2745.6 ps                      _2482_:   NOR2X1_269/Y ->  AOI21X1_249/A
   3406.5 ps                      _2481_:  AOI21X1_249/Y ->  OAI21X1_989/A
   3689.3 ps                      _2365_:  OAI21X1_989/Y ->  OAI21X1_988/C
   3933.9 ps                      _2364_:  OAI21X1_988/Y ->  OAI21X1_987/C
   4199.0 ps                      _2363_:  OAI21X1_987/Y ->  AOI21X1_242/A
   4430.1 ps                      _2362_:  AOI21X1_242/Y ->    INVX1_380/A
   4540.5 ps                      _2361_:    INVX1_380/Y ->  OAI21X1_986/C
   4637.3 ps                      _2360_:  OAI21X1_986/Y ->  OAI21X1_985/C
   4841.7 ps                      _2359_:  OAI21X1_985/Y ->  OAI21X1_984/C
   4978.3 ps                      _2358_:  OAI21X1_984/Y ->  OAI21X1_983/C
   5182.4 ps                      _2357_:  OAI21X1_983/Y ->    INVX1_379/A
   5312.8 ps                      _2356_:    INVX1_379/Y ->  OAI21X1_982/B
   5541.0 ps                      _2355_:  OAI21X1_982/Y ->  AOI21X1_241/A
   5737.0 ps                      _2354_:  AOI21X1_241/Y ->   NOR2X1_246/B
   5829.1 ps                      _2353_:   NOR2X1_246/Y ->    INVX1_378/A
   5961.2 ps                      _2352_:    INVX1_378/Y ->  OAI21X1_981/C
   6161.0 ps                      _2351_:  OAI21X1_981/Y ->  NAND2X1_467/B
   6282.7 ps                      _2339_:  NAND2X1_467/Y ->    AND2X2_75/A
   6507.7 ps                      _2318_:    AND2X2_75/Y ->   NOR2X1_202/B
   6636.0 ps                      _1925_:   NOR2X1_202/Y ->    INVX1_338/A
   6796.9 ps                      _1814_:    INVX1_338/Y ->  OAI21X1_739/B
   6914.9 ps                      _1813_:  OAI21X1_739/Y ->    INVX1_337/A
   7112.5 ps                      _1812_:    INVX1_337/Y ->   NOR2X1_195/B
   7206.7 ps                      _1811_:   NOR2X1_195/Y ->    INVX1_336/A
   7285.3 ps                      _1810_:    INVX1_336/Y ->  OAI21X1_738/C
   7428.8 ps                      _1809_:  OAI21X1_738/Y ->    AND2X2_60/A
   7615.0 ps                      _1808_:    AND2X2_60/Y ->  OAI21X1_727/A
   7737.5 ps                      _1788_:  OAI21X1_727/Y ->  OAI21X1_726/B
   7853.4 ps                      _1787_:  OAI21X1_726/Y ->  OAI21X1_725/C
   7944.7 ps                       _833_:  OAI21X1_725/Y ->    DFFSR_408/D

   clock skew at destination = 890.422
   setup at destination = 199.741

Path DFFSR_157/CLK to DFFSR_409/D delay 8904.33 ps
      0.0 ps            clk_proc_bF_buf6:   CLKBUF1_96/Y ->    DFFSR_157/CLK
    867.4 ps  u_data_processor_op_reg_9_:    DFFSR_157/Q ->     INVX2_68/A
   1168.8 ps                      _4519_:     INVX2_68/Y ->  NAND3X1_164/B
   2214.9 ps                      _4515_:  NAND3X1_164/Y -> OAI21X1_1006/B
   2610.8 ps                      _2483_: OAI21X1_1006/Y ->   NOR2X1_269/B
   2745.6 ps                      _2482_:   NOR2X1_269/Y ->  AOI21X1_249/A
   3406.5 ps                      _2481_:  AOI21X1_249/Y ->   OAI22X1_76/B
   3965.7 ps                      _2469_:   OAI22X1_76/Y -> OAI21X1_1004/B
   4277.2 ps                      _2468_: OAI21X1_1004/Y ->  NAND2X1_482/B
   4467.4 ps                      _2467_:  NAND2X1_482/Y ->  NAND3X1_122/C
   4632.3 ps                      _2466_:  NAND3X1_122/Y ->  NAND3X1_121/C
   4841.8 ps                      _2465_:  NAND3X1_121/Y ->  NAND3X1_120/C
   5021.5 ps                      _2464_:  NAND3X1_120/Y ->  NAND3X1_119/C
   5233.3 ps                      _2463_:  NAND3X1_119/Y ->  NAND3X1_118/C
   5413.1 ps                      _2462_:  NAND3X1_118/Y ->  NAND3X1_117/C
   5535.4 ps                      _2461_:  NAND3X1_117/Y ->  NAND3X1_116/C
   5678.7 ps                      _2460_:  NAND3X1_116/Y ->  NAND3X1_115/C
   5879.1 ps                      _2459_:  NAND3X1_115/Y ->  NAND3X1_114/C
   6055.4 ps                      _2458_:  NAND3X1_114/Y ->  NAND3X1_113/C
   6177.1 ps                      _2457_:  NAND3X1_113/Y ->  NAND3X1_112/C
   6320.3 ps                      _2456_:  NAND3X1_112/Y ->  NAND3X1_111/C
   6512.3 ps                      _2455_:  NAND3X1_111/Y ->  NAND3X1_110/C
   6685.0 ps                      _2454_:  NAND3X1_110/Y ->  NAND3X1_109/C
   6851.3 ps                      _2453_:  NAND3X1_109/Y ->  AOI21X1_247/A
   7054.3 ps                      _2452_:  AOI21X1_247/Y -> OAI21X1_1003/B
   7273.0 ps                      _2451_: OAI21X1_1003/Y ->    AND2X2_58/A
   7465.5 ps                      _1784_:    AND2X2_58/Y ->  OAI21X1_723/C
   7547.3 ps                      _1783_:  OAI21X1_723/Y ->  NAND2X1_384/A
   7650.7 ps                      _1758_:  NAND2X1_384/Y ->  NAND2X1_383/B
   7737.3 ps                      _1757_:  NAND2X1_383/Y ->  OAI21X1_712/C
   7815.9 ps                       _832_:  OAI21X1_712/Y ->    DFFSR_409/D

   clock skew at destination = 890.422
   setup at destination = 197.994

Computed maximum clock frequency (zero margin) = 89.2489 MHz
-----------------------------------------

Number of paths analyzed:  1350

Top 20 minimum delay paths:
Path DFFSR_132/CLK to DFFSR_86/D delay -235.923 ps
      0.0 ps  u_data_processor_clk_gated_bF_buf4: CLKBUF1_104/Y ->  DFFSR_132/CLK
    475.5 ps           u_data_processor_state_2_:   DFFSR_132/Q -> NOR2X1_395/A
    607.8 ps                              _5010_:  NOR2X1_395/Y ->   DFFSR_86/D

   clock skew at destination = -784.765
   hold at destination = -58.9173

Path DFFSR_40/CLK to DFFSR_42/D delay 347.18 ps
      0.0 ps               clk_bF_buf7: CLKBUF1_37/Y -> DFFSR_40/CLK
    382.2 ps  u_wakeup_ctrl_rtc_sync_1:   DFFSR_40/Q -> DFFSR_42/D

   clock skew at destination = -6.59493
   hold at destination = -28.4423

Path DFFSR_4/CLK to DFFSR_6/D delay 349.137 ps
      0.0 ps                     clk_bF_buf27: CLKBUF1_17/Y -> DFFSR_4/CLK
    435.2 ps  u_retention_ctrl_ctx_valid_next:    DFFSR_4/Q -> DFFSR_6/D

   clock skew at destination = -21.4083
   hold at destination = -64.6999

Path DFFSR_35/CLK to DFFSR_39/D delay 361.178 ps
      0.0 ps              clk_bF_buf24: CLKBUF1_20/Y -> DFFSR_35/CLK
    382.2 ps  u_wakeup_ctrl_ext_sync_1:   DFFSR_35/Q -> DFFSR_39/D

   clock skew at destination = 6.59493
   hold at destination = -27.6347

Path DFFSR_36/CLK to DFFSR_41/D delay 365.231 ps
      0.0 ps              clk_bF_buf35: CLKBUF1_9/Y -> DFFSR_36/CLK
    339.1 ps  u_wakeup_ctrl_irq_sync_0:  DFFSR_36/Q -> DFFSR_41/D

   clock skew at destination = 25.5482
   hold at destination = 0.608752

Path DFFSR_76/CLK to DFFSR_35/D delay 365.231 ps
      0.0 ps              clk_bF_buf24: CLKBUF1_20/Y -> DFFSR_76/CLK
    339.1 ps  u_wakeup_ctrl_ext_sync_0:   DFFSR_76/Q -> DFFSR_35/D

   clock skew at destination = 25.5482
   hold at destination = 0.608752

Path DFFSR_9/CLK to DFFSR_5/D delay 365.882 ps
      0.0 ps                     clk_bF_buf22: CLKBUF1_22/Y -> DFFSR_9/CLK
    391.0 ps  u_retention_ctrl_save_done_next:    DFFSR_9/Q -> DFFSR_5/D

   clock skew at destination = 8.8163
   hold at destination = -33.9733

Path DFFSR_34/CLK to DFFSR_40/D delay 366.648 ps
      0.0 ps               clk_bF_buf7: CLKBUF1_37/Y -> DFFSR_34/CLK
    339.1 ps  u_wakeup_ctrl_rtc_sync_0:   DFFSR_34/Q -> DFFSR_40/D

   clock skew at destination = 25.3579
   hold at destination = 2.21596

Path DFFSR_41/CLK to DFFSR_43/D delay 379.242 ps
      0.0 ps              clk_bF_buf35: CLKBUF1_9/Y -> DFFSR_41/CLK
    382.2 ps  u_wakeup_ctrl_irq_sync_1:  DFFSR_41/Q -> DFFSR_43/D

   clock skew at destination = 25.5482
   hold at destination = -28.5238

Path DFFSR_705/CLK to output pin reg_rdata[29] delay 441.656 ps
      0.0 ps   clk_bF_buf38: CLKBUF1_6/Y -> DFFSR_705/CLK
    338.9 ps     _5226__29_: DFFSR_705/Q ->  BUFX2_48/A
    441.7 ps  reg_rdata[29]:  BUFX2_48/Y -> reg_rdata[29]

Path DFFSR_652/CLK to output pin reg_rdata[13] delay 441.656 ps
      0.0 ps   clk_bF_buf37: CLKBUF1_7/Y -> DFFSR_652/CLK
    338.9 ps     _5226__13_: DFFSR_652/Q ->  BUFX2_64/A
    441.7 ps  reg_rdata[13]:  BUFX2_64/Y -> reg_rdata[13]

Path DFFSR_659/CLK to output pin reg_rdata[14] delay 441.656 ps
      0.0 ps   clk_bF_buf37: CLKBUF1_7/Y -> DFFSR_659/CLK
    338.9 ps     _5226__14_: DFFSR_659/Q ->  BUFX2_63/A
    441.7 ps  reg_rdata[14]:  BUFX2_63/Y -> reg_rdata[14]

Path DFFSR_702/CLK to output pin reg_rdata[26] delay 441.656 ps
      0.0 ps   clk_bF_buf36: CLKBUF1_8/Y -> DFFSR_702/CLK
    338.9 ps     _5226__26_: DFFSR_702/Q ->  BUFX2_51/A
    441.7 ps  reg_rdata[26]:  BUFX2_51/Y -> reg_rdata[26]

Path DFFSR_562/CLK to output pin reg_ack delay 441.656 ps
      0.0 ps  clk_bF_buf35: CLKBUF1_9/Y -> DFFSR_562/CLK
    338.9 ps        _5225_: DFFSR_562/Q ->  BUFX2_78/A
    441.7 ps       reg_ack:  BUFX2_78/Y -> reg_ack

Path DFFSR_714/CLK to output pin reg_rdata[7] delay 441.656 ps
      0.0 ps  clk_bF_buf35: CLKBUF1_9/Y -> DFFSR_714/CLK
    338.9 ps     _5226__7_: DFFSR_714/Q ->  BUFX2_70/A
    441.7 ps  reg_rdata[7]:  BUFX2_70/Y -> reg_rdata[7]

Path DFFSR_698/CLK to output pin reg_rdata[22] delay 441.656 ps
      0.0 ps   clk_bF_buf33: CLKBUF1_11/Y -> DFFSR_698/CLK
    338.9 ps     _5226__22_:  DFFSR_698/Q ->  BUFX2_55/A
    441.7 ps  reg_rdata[22]:   BUFX2_55/Y -> reg_rdata[22]

Path DFFSR_706/CLK to output pin reg_rdata[30] delay 441.656 ps
      0.0 ps   clk_bF_buf33: CLKBUF1_11/Y -> DFFSR_706/CLK
    338.9 ps     _5226__30_:  DFFSR_706/Q ->  BUFX2_47/A
    441.7 ps  reg_rdata[30]:   BUFX2_47/Y -> reg_rdata[30]

Path DFFSR_703/CLK to output pin reg_rdata[27] delay 441.656 ps
      0.0 ps   clk_bF_buf31: CLKBUF1_13/Y -> DFFSR_703/CLK
    338.9 ps     _5226__27_:  DFFSR_703/Q ->  BUFX2_50/A
    441.7 ps  reg_rdata[27]:   BUFX2_50/Y -> reg_rdata[27]

Path DFFSR_695/CLK to output pin reg_rdata[19] delay 441.656 ps
      0.0 ps   clk_bF_buf30: CLKBUF1_14/Y -> DFFSR_695/CLK
    338.9 ps     _5226__19_:  DFFSR_695/Q ->  BUFX2_58/A
    441.7 ps  reg_rdata[19]:   BUFX2_58/Y -> reg_rdata[19]

Path DFFSR_715/CLK to output pin reg_rdata[8] delay 441.656 ps
      0.0 ps  clk_bF_buf30: CLKBUF1_14/Y -> DFFSR_715/CLK
    338.9 ps     _5226__8_:  DFFSR_715/Q ->  BUFX2_69/A
    441.7 ps  reg_rdata[8]:   BUFX2_69/Y -> reg_rdata[8]

ERROR:  Design fails minimum hold timing.
-----------------------------------------

Number of paths analyzed:  2266

Top 20 maximum delay paths:
Path input pin paddr[2] to DFFSR_93/D delay 4119.14 ps
      0.0 ps        paddr[2]:               ->   INVX1_782/A
    150.4 ps           _602_:   INVX1_782/Y ->  NOR2X1_433/B
    292.9 ps           _601_:  NOR2X1_433/Y -> NAND2X1_850/B
   1032.2 ps           _579_: NAND2X1_850/Y ->  NOR2X1_424/A
   2231.0 ps           _578_:  NOR2X1_424/Y ->    INVX8_27/A
   2483.0 ps           _510_:    INVX8_27/Y ->   BUFX4_460/A
   2755.0 ps   _510__bF_buf4:   BUFX4_460/Y ->  NOR2X1_150/B
   3423.3 ps          _1211_:  NOR2X1_150/Y ->     INVX8_8/A
   3588.8 ps          _1210_:     INVX8_8/Y ->   BUFX4_152/A
   3822.5 ps  _1210__bF_buf3:   BUFX4_152/Y -> OAI21X1_356/B
   3932.3 ps           _667_: OAI21X1_356/Y ->    DFFSR_93/D

   setup at destination = 186.818

Path input pin paddr[2] to DFFSR_548/D delay 4119.14 ps
      0.0 ps        paddr[2]:               ->   INVX1_782/A
    150.4 ps           _602_:   INVX1_782/Y ->  NOR2X1_433/B
    292.9 ps           _601_:  NOR2X1_433/Y -> NAND2X1_850/B
   1032.2 ps           _579_: NAND2X1_850/Y ->  NOR2X1_424/A
   2231.0 ps           _578_:  NOR2X1_424/Y ->    INVX8_27/A
   2483.0 ps           _510_:    INVX8_27/Y ->   BUFX4_460/A
   2755.0 ps   _510__bF_buf4:   BUFX4_460/Y ->  NOR2X1_150/B
   3423.3 ps          _1211_:  NOR2X1_150/Y ->     INVX8_8/A
   3588.8 ps          _1210_:     INVX8_8/Y ->   BUFX4_152/A
   3822.5 ps  _1210__bF_buf3:   BUFX4_152/Y -> OAI21X1_402/B
   3932.3 ps           _702_: OAI21X1_402/Y ->   DFFSR_548/D

   setup at destination = 186.818

Path input pin paddr[2] to DFFSR_547/D delay 4119.14 ps
      0.0 ps        paddr[2]:               ->   INVX1_782/A
    150.4 ps           _602_:   INVX1_782/Y ->  NOR2X1_433/B
    292.9 ps           _601_:  NOR2X1_433/Y -> NAND2X1_850/B
   1032.2 ps           _579_: NAND2X1_850/Y ->  NOR2X1_424/A
   2231.0 ps           _578_:  NOR2X1_424/Y ->    INVX8_27/A
   2483.0 ps           _510_:    INVX8_27/Y ->   BUFX4_460/A
   2755.0 ps   _510__bF_buf4:   BUFX4_460/Y ->  NOR2X1_150/B
   3423.3 ps          _1211_:  NOR2X1_150/Y ->     INVX8_8/A
   3588.8 ps          _1210_:     INVX8_8/Y ->   BUFX4_152/A
   3822.5 ps  _1210__bF_buf3:   BUFX4_152/Y -> OAI21X1_404/B
   3932.3 ps           _703_: OAI21X1_404/Y ->   DFFSR_547/D

   setup at destination = 186.818

Path input pin paddr[2] to DFFSR_543/D delay 4119.14 ps
      0.0 ps        paddr[2]:               ->   INVX1_782/A
    150.4 ps           _602_:   INVX1_782/Y ->  NOR2X1_433/B
    292.9 ps           _601_:  NOR2X1_433/Y -> NAND2X1_850/B
   1032.2 ps           _579_: NAND2X1_850/Y ->  NOR2X1_424/A
   2231.0 ps           _578_:  NOR2X1_424/Y ->    INVX8_27/A
   2483.0 ps           _510_:    INVX8_27/Y ->   BUFX4_460/A
   2755.0 ps   _510__bF_buf4:   BUFX4_460/Y ->  NOR2X1_150/B
   3423.3 ps          _1211_:  NOR2X1_150/Y ->     INVX8_8/A
   3588.8 ps          _1210_:     INVX8_8/Y ->   BUFX4_152/A
   3822.5 ps  _1210__bF_buf3:   BUFX4_152/Y -> OAI21X1_412/B
   3932.3 ps           _707_: OAI21X1_412/Y ->   DFFSR_543/D

   setup at destination = 186.818

Path input pin paddr[2] to DFFSR_541/D delay 4119.14 ps
      0.0 ps        paddr[2]:               ->   INVX1_782/A
    150.4 ps           _602_:   INVX1_782/Y ->  NOR2X1_433/B
    292.9 ps           _601_:  NOR2X1_433/Y -> NAND2X1_850/B
   1032.2 ps           _579_: NAND2X1_850/Y ->  NOR2X1_424/A
   2231.0 ps           _578_:  NOR2X1_424/Y ->    INVX8_27/A
   2483.0 ps           _510_:    INVX8_27/Y ->   BUFX4_460/A
   2755.0 ps   _510__bF_buf4:   BUFX4_460/Y ->  NOR2X1_150/B
   3423.3 ps          _1211_:  NOR2X1_150/Y ->     INVX8_8/A
   3588.8 ps          _1210_:     INVX8_8/Y ->   BUFX4_152/A
   3822.5 ps  _1210__bF_buf3:   BUFX4_152/Y -> OAI21X1_416/B
   3932.3 ps           _709_: OAI21X1_416/Y ->   DFFSR_541/D

   setup at destination = 186.818

Path input pin paddr[2] to DFFSR_536/D delay 4119.14 ps
      0.0 ps        paddr[2]:               ->   INVX1_782/A
    150.4 ps           _602_:   INVX1_782/Y ->  NOR2X1_433/B
    292.9 ps           _601_:  NOR2X1_433/Y -> NAND2X1_850/B
   1032.2 ps           _579_: NAND2X1_850/Y ->  NOR2X1_424/A
   2231.0 ps           _578_:  NOR2X1_424/Y ->    INVX8_27/A
   2483.0 ps           _510_:    INVX8_27/Y ->   BUFX4_460/A
   2755.0 ps   _510__bF_buf4:   BUFX4_460/Y ->  NOR2X1_150/B
   3423.3 ps          _1211_:  NOR2X1_150/Y ->     INVX8_8/A
   3588.8 ps          _1210_:     INVX8_8/Y ->   BUFX4_152/A
   3822.5 ps  _1210__bF_buf3:   BUFX4_152/Y -> OAI21X1_426/B
   3932.3 ps           _714_: OAI21X1_426/Y ->   DFFSR_536/D

   setup at destination = 186.818

Path input pin paddr[2] to DFFSR_554/D delay 4099.66 ps
      0.0 ps        paddr[2]:               ->   INVX1_782/A
    150.4 ps           _602_:   INVX1_782/Y ->  NOR2X1_433/B
    292.9 ps           _601_:  NOR2X1_433/Y -> NAND2X1_850/B
   1032.2 ps           _579_: NAND2X1_850/Y ->  NOR2X1_424/A
   2231.0 ps           _578_:  NOR2X1_424/Y ->    INVX8_27/A
   2483.0 ps           _510_:    INVX8_27/Y ->   BUFX4_460/A
   2755.0 ps   _510__bF_buf4:   BUFX4_460/Y ->  NOR2X1_150/B
   3423.3 ps          _1211_:  NOR2X1_150/Y ->     INVX8_8/A
   3588.8 ps          _1210_:     INVX8_8/Y ->   BUFX4_154/A
   3808.1 ps  _1210__bF_buf1:   BUFX4_154/Y -> OAI21X1_390/B
   3913.6 ps           _696_: OAI21X1_390/Y ->   DFFSR_554/D

   setup at destination = 186.091

Path input pin paddr[2] to DFFSR_551/D delay 4099.66 ps
      0.0 ps        paddr[2]:               ->   INVX1_782/A
    150.4 ps           _602_:   INVX1_782/Y ->  NOR2X1_433/B
    292.9 ps           _601_:  NOR2X1_433/Y -> NAND2X1_850/B
   1032.2 ps           _579_: NAND2X1_850/Y ->  NOR2X1_424/A
   2231.0 ps           _578_:  NOR2X1_424/Y ->    INVX8_27/A
   2483.0 ps           _510_:    INVX8_27/Y ->   BUFX4_460/A
   2755.0 ps   _510__bF_buf4:   BUFX4_460/Y ->  NOR2X1_150/B
   3423.3 ps          _1211_:  NOR2X1_150/Y ->     INVX8_8/A
   3588.8 ps          _1210_:     INVX8_8/Y ->   BUFX4_155/A
   3808.1 ps  _1210__bF_buf0:   BUFX4_155/Y -> OAI21X1_396/B
   3913.6 ps           _699_: OAI21X1_396/Y ->   DFFSR_551/D

   setup at destination = 186.091

Path input pin paddr[2] to DFFSR_540/D delay 4099.66 ps
      0.0 ps        paddr[2]:               ->   INVX1_782/A
    150.4 ps           _602_:   INVX1_782/Y ->  NOR2X1_433/B
    292.9 ps           _601_:  NOR2X1_433/Y -> NAND2X1_850/B
   1032.2 ps           _579_: NAND2X1_850/Y ->  NOR2X1_424/A
   2231.0 ps           _578_:  NOR2X1_424/Y ->    INVX8_27/A
   2483.0 ps           _510_:    INVX8_27/Y ->   BUFX4_460/A
   2755.0 ps   _510__bF_buf4:   BUFX4_460/Y ->  NOR2X1_150/B
   3423.3 ps          _1211_:  NOR2X1_150/Y ->     INVX8_8/A
   3588.8 ps          _1210_:     INVX8_8/Y ->   BUFX4_155/A
   3808.1 ps  _1210__bF_buf0:   BUFX4_155/Y -> OAI21X1_418/B
   3913.6 ps           _710_: OAI21X1_418/Y ->   DFFSR_540/D

   setup at destination = 186.091

Path input pin paddr[2] to DFFSR_555/D delay 4099.66 ps
      0.0 ps        paddr[2]:               ->   INVX1_782/A
    150.4 ps           _602_:   INVX1_782/Y ->  NOR2X1_433/B
    292.9 ps           _601_:  NOR2X1_433/Y -> NAND2X1_850/B
   1032.2 ps           _579_: NAND2X1_850/Y ->  NOR2X1_424/A
   2231.0 ps           _578_:  NOR2X1_424/Y ->    INVX8_27/A
   2483.0 ps           _510_:    INVX8_27/Y ->   BUFX4_460/A
   2755.0 ps   _510__bF_buf4:   BUFX4_460/Y ->  NOR2X1_150/B
   3423.3 ps          _1211_:  NOR2X1_150/Y ->     INVX8_8/A
   3588.8 ps          _1210_:     INVX8_8/Y ->   BUFX4_153/A
   3808.1 ps  _1210__bF_buf2:   BUFX4_153/Y -> OAI21X1_388/B
   3913.6 ps           _695_: OAI21X1_388/Y ->   DFFSR_555/D

   setup at destination = 186.091

Path input pin paddr[2] to DFFSR_552/D delay 4099.66 ps
      0.0 ps        paddr[2]:               ->   INVX1_782/A
    150.4 ps           _602_:   INVX1_782/Y ->  NOR2X1_433/B
    292.9 ps           _601_:  NOR2X1_433/Y -> NAND2X1_850/B
   1032.2 ps           _579_: NAND2X1_850/Y ->  NOR2X1_424/A
   2231.0 ps           _578_:  NOR2X1_424/Y ->    INVX8_27/A
   2483.0 ps           _510_:    INVX8_27/Y ->   BUFX4_460/A
   2755.0 ps   _510__bF_buf4:   BUFX4_460/Y ->  NOR2X1_150/B
   3423.3 ps          _1211_:  NOR2X1_150/Y ->     INVX8_8/A
   3588.8 ps          _1210_:     INVX8_8/Y ->   BUFX4_155/A
   3808.1 ps  _1210__bF_buf0:   BUFX4_155/Y -> OAI21X1_394/B
   3913.6 ps           _698_: OAI21X1_394/Y ->   DFFSR_552/D

   setup at destination = 186.091

Path input pin paddr[2] to DFFSR_550/D delay 4099.66 ps
      0.0 ps        paddr[2]:               ->   INVX1_782/A
    150.4 ps           _602_:   INVX1_782/Y ->  NOR2X1_433/B
    292.9 ps           _601_:  NOR2X1_433/Y -> NAND2X1_850/B
   1032.2 ps           _579_: NAND2X1_850/Y ->  NOR2X1_424/A
   2231.0 ps           _578_:  NOR2X1_424/Y ->    INVX8_27/A
   2483.0 ps           _510_:    INVX8_27/Y ->   BUFX4_460/A
   2755.0 ps   _510__bF_buf4:   BUFX4_460/Y ->  NOR2X1_150/B
   3423.3 ps          _1211_:  NOR2X1_150/Y ->     INVX8_8/A
   3588.8 ps          _1210_:     INVX8_8/Y ->   BUFX4_155/A
   3808.1 ps  _1210__bF_buf0:   BUFX4_155/Y -> OAI21X1_398/B
   3913.6 ps           _700_: OAI21X1_398/Y ->   DFFSR_550/D

   setup at destination = 186.091

Path input pin paddr[2] to DFFSR_549/D delay 4099.66 ps
      0.0 ps        paddr[2]:               ->   INVX1_782/A
    150.4 ps           _602_:   INVX1_782/Y ->  NOR2X1_433/B
    292.9 ps           _601_:  NOR2X1_433/Y -> NAND2X1_850/B
   1032.2 ps           _579_: NAND2X1_850/Y ->  NOR2X1_424/A
   2231.0 ps           _578_:  NOR2X1_424/Y ->    INVX8_27/A
   2483.0 ps           _510_:    INVX8_27/Y ->   BUFX4_460/A
   2755.0 ps   _510__bF_buf4:   BUFX4_460/Y ->  NOR2X1_150/B
   3423.3 ps          _1211_:  NOR2X1_150/Y ->     INVX8_8/A
   3588.8 ps          _1210_:     INVX8_8/Y ->   BUFX4_153/A
   3808.1 ps  _1210__bF_buf2:   BUFX4_153/Y -> OAI21X1_400/B
   3913.6 ps           _701_: OAI21X1_400/Y ->   DFFSR_549/D

   setup at destination = 186.091

Path input pin paddr[2] to DFFSR_539/D delay 4099.66 ps
      0.0 ps        paddr[2]:               ->   INVX1_782/A
    150.4 ps           _602_:   INVX1_782/Y ->  NOR2X1_433/B
    292.9 ps           _601_:  NOR2X1_433/Y -> NAND2X1_850/B
   1032.2 ps           _579_: NAND2X1_850/Y ->  NOR2X1_424/A
   2231.0 ps           _578_:  NOR2X1_424/Y ->    INVX8_27/A
   2483.0 ps           _510_:    INVX8_27/Y ->   BUFX4_460/A
   2755.0 ps   _510__bF_buf4:   BUFX4_460/Y ->  NOR2X1_150/B
   3423.3 ps          _1211_:  NOR2X1_150/Y ->     INVX8_8/A
   3588.8 ps          _1210_:     INVX8_8/Y ->   BUFX4_155/A
   3808.1 ps  _1210__bF_buf0:   BUFX4_155/Y -> OAI21X1_420/B
   3913.6 ps           _711_: OAI21X1_420/Y ->   DFFSR_539/D

   setup at destination = 186.091

Path input pin paddr[2] to DFFSR_537/D delay 4099.66 ps
      0.0 ps        paddr[2]:               ->   INVX1_782/A
    150.4 ps           _602_:   INVX1_782/Y ->  NOR2X1_433/B
    292.9 ps           _601_:  NOR2X1_433/Y -> NAND2X1_850/B
   1032.2 ps           _579_: NAND2X1_850/Y ->  NOR2X1_424/A
   2231.0 ps           _578_:  NOR2X1_424/Y ->    INVX8_27/A
   2483.0 ps           _510_:    INVX8_27/Y ->   BUFX4_460/A
   2755.0 ps   _510__bF_buf4:   BUFX4_460/Y ->  NOR2X1_150/B
   3423.3 ps          _1211_:  NOR2X1_150/Y ->     INVX8_8/A
   3588.8 ps          _1210_:     INVX8_8/Y ->   BUFX4_153/A
   3808.1 ps  _1210__bF_buf2:   BUFX4_153/Y -> OAI21X1_424/B
   3913.6 ps           _713_: OAI21X1_424/Y ->   DFFSR_537/D

   setup at destination = 186.091

Path input pin paddr[2] to DFFSR_544/D delay 4099.66 ps
      0.0 ps        paddr[2]:               ->   INVX1_782/A
    150.4 ps           _602_:   INVX1_782/Y ->  NOR2X1_433/B
    292.9 ps           _601_:  NOR2X1_433/Y -> NAND2X1_850/B
   1032.2 ps           _579_: NAND2X1_850/Y ->  NOR2X1_424/A
   2231.0 ps           _578_:  NOR2X1_424/Y ->    INVX8_27/A
   2483.0 ps           _510_:    INVX8_27/Y ->   BUFX4_460/A
   2755.0 ps   _510__bF_buf4:   BUFX4_460/Y ->  NOR2X1_150/B
   3423.3 ps          _1211_:  NOR2X1_150/Y ->     INVX8_8/A
   3588.8 ps          _1210_:     INVX8_8/Y ->   BUFX4_154/A
   3808.1 ps  _1210__bF_buf1:   BUFX4_154/Y -> OAI21X1_410/B
   3913.6 ps           _706_: OAI21X1_410/Y ->   DFFSR_544/D

   setup at destination = 186.091

Path input pin paddr[2] to DFFSR_545/D delay 4099.66 ps
      0.0 ps        paddr[2]:               ->   INVX1_782/A
    150.4 ps           _602_:   INVX1_782/Y ->  NOR2X1_433/B
    292.9 ps           _601_:  NOR2X1_433/Y -> NAND2X1_850/B
   1032.2 ps           _579_: NAND2X1_850/Y ->  NOR2X1_424/A
   2231.0 ps           _578_:  NOR2X1_424/Y ->    INVX8_27/A
   2483.0 ps           _510_:    INVX8_27/Y ->   BUFX4_460/A
   2755.0 ps   _510__bF_buf4:   BUFX4_460/Y ->  NOR2X1_150/B
   3423.3 ps          _1211_:  NOR2X1_150/Y ->     INVX8_8/A
   3588.8 ps          _1210_:     INVX8_8/Y ->   BUFX4_153/A
   3808.1 ps  _1210__bF_buf2:   BUFX4_153/Y -> OAI21X1_408/B
   3913.6 ps           _705_: OAI21X1_408/Y ->   DFFSR_545/D

   setup at destination = 186.091

Path input pin paddr[2] to DFFSR_538/D delay 4099.66 ps
      0.0 ps        paddr[2]:               ->   INVX1_782/A
    150.4 ps           _602_:   INVX1_782/Y ->  NOR2X1_433/B
    292.9 ps           _601_:  NOR2X1_433/Y -> NAND2X1_850/B
   1032.2 ps           _579_: NAND2X1_850/Y ->  NOR2X1_424/A
   2231.0 ps           _578_:  NOR2X1_424/Y ->    INVX8_27/A
   2483.0 ps           _510_:    INVX8_27/Y ->   BUFX4_460/A
   2755.0 ps   _510__bF_buf4:   BUFX4_460/Y ->  NOR2X1_150/B
   3423.3 ps          _1211_:  NOR2X1_150/Y ->     INVX8_8/A
   3588.8 ps          _1210_:     INVX8_8/Y ->   BUFX4_153/A
   3808.1 ps  _1210__bF_buf2:   BUFX4_153/Y -> OAI21X1_422/B
   3913.6 ps           _712_: OAI21X1_422/Y ->   DFFSR_538/D

   setup at destination = 186.091

Path input pin paddr[2] to DFFSR_553/D delay 4099.66 ps
      0.0 ps        paddr[2]:               ->   INVX1_782/A
    150.4 ps           _602_:   INVX1_782/Y ->  NOR2X1_433/B
    292.9 ps           _601_:  NOR2X1_433/Y -> NAND2X1_850/B
   1032.2 ps           _579_: NAND2X1_850/Y ->  NOR2X1_424/A
   2231.0 ps           _578_:  NOR2X1_424/Y ->    INVX8_27/A
   2483.0 ps           _510_:    INVX8_27/Y ->   BUFX4_460/A
   2755.0 ps   _510__bF_buf4:   BUFX4_460/Y ->  NOR2X1_150/B
   3423.3 ps          _1211_:  NOR2X1_150/Y ->     INVX8_8/A
   3588.8 ps          _1210_:     INVX8_8/Y ->   BUFX4_154/A
   3808.1 ps  _1210__bF_buf1:   BUFX4_154/Y -> OAI21X1_392/B
   3913.6 ps           _697_: OAI21X1_392/Y ->   DFFSR_553/D

   setup at destination = 186.091

Path input pin paddr[2] to DFFSR_546/D delay 4099.66 ps
      0.0 ps        paddr[2]:               ->   INVX1_782/A
    150.4 ps           _602_:   INVX1_782/Y ->  NOR2X1_433/B
    292.9 ps           _601_:  NOR2X1_433/Y -> NAND2X1_850/B
   1032.2 ps           _579_: NAND2X1_850/Y ->  NOR2X1_424/A
   2231.0 ps           _578_:  NOR2X1_424/Y ->    INVX8_27/A
   2483.0 ps           _510_:    INVX8_27/Y ->   BUFX4_460/A
   2755.0 ps   _510__bF_buf4:   BUFX4_460/Y ->  NOR2X1_150/B
   3423.3 ps          _1211_:  NOR2X1_150/Y ->     INVX8_8/A
   3588.8 ps          _1210_:     INVX8_8/Y ->   BUFX4_154/A
   3808.1 ps  _1210__bF_buf1:   BUFX4_154/Y -> OAI21X1_406/B
   3913.6 ps           _704_: OAI21X1_406/Y ->   DFFSR_546/D

   setup at destination = 186.091

-----------------------------------------

Number of paths analyzed:  2266

Top 20 minimum delay paths:
Path input pin ext_wakeup_in to DFFSR_76/D delay 56.7708 ps
      0.0 ps  ext_wakeup_in:   -> DFFSR_76/D

   hold at destination = 56.7708

Path input pin rtc_wakeup_in to DFFSR_34/D delay 56.7708 ps
      0.0 ps  rtc_wakeup_in:   -> DFFSR_34/D

   hold at destination = 56.7708

Path input pin irq_wakeup_in to DFFSR_36/D delay 56.7708 ps
      0.0 ps  irq_wakeup_in:   -> DFFSR_36/D

   hold at destination = 56.7708

Path input pin reg_wdata[2] to DFFSR_579/D delay 76.6665 ps
      0.0 ps  reg_wdata[2]:              -> AOI22X1_26/A
     98.1 ps     _1636__2_: AOI22X1_26/Y ->  DFFSR_579/D

   hold at destination = -21.3862

Path input pin reg_wdata[1] to DFFSR_583/D delay 76.6665 ps
      0.0 ps  reg_wdata[1]:              -> AOI22X1_17/A
     98.1 ps     _1636__1_: AOI22X1_17/Y ->  DFFSR_583/D

   hold at destination = -21.3862

Path input pin reg_wdata[0] to DFFSR_685/D delay 76.6665 ps
      0.0 ps  reg_wdata[0]:             -> AOI22X1_1/A
     98.1 ps     _1636__0_: AOI22X1_1/Y -> DFFSR_685/D

   hold at destination = -21.3862

Path input pin pwdata[18] to DFFSR_475/D delay 141.064 ps
      0.0 ps  pwdata[18]:               -> NAND2X1_293/A
     70.6 ps      _1283_: NAND2X1_293/Y -> OAI21X1_483/C
    134.1 ps       _766_: OAI21X1_483/Y ->   DFFSR_475/D

   hold at destination = 6.9532

Path input pin pwdata[16] to DFFSR_480/D delay 141.064 ps
      0.0 ps  pwdata[16]:               -> NAND2X1_291/A
     70.6 ps      _1281_: NAND2X1_291/Y -> OAI21X1_481/C
    134.1 ps       _764_: OAI21X1_481/Y ->   DFFSR_480/D

   hold at destination = 6.9532

Path input pin pwdata[11] to DFFSR_485/D delay 141.064 ps
      0.0 ps  pwdata[11]:               -> NAND2X1_286/A
     70.6 ps      _1275_: NAND2X1_286/Y -> OAI21X1_476/C
    134.1 ps       _759_: OAI21X1_476/Y ->   DFFSR_485/D

   hold at destination = 6.9532

Path input pin pwdata[31] to DFFSR_133/D delay 141.064 ps
      0.0 ps  pwdata[31]:               -> NAND2X1_199/A
     70.6 ps      _1089_: NAND2X1_199/Y -> OAI21X1_315/C
    134.1 ps       _633_: OAI21X1_315/Y ->   DFFSR_133/D

   hold at destination = 6.9532

Path input pin pwdata[22] to DFFSR_471/D delay 141.064 ps
      0.0 ps  pwdata[22]:               -> NAND2X1_297/A
     70.6 ps      _1287_: NAND2X1_297/Y -> OAI21X1_487/C
    134.1 ps       _770_: OAI21X1_487/Y ->   DFFSR_471/D

   hold at destination = 6.9532

Path input pin pwdata[21] to DFFSR_472/D delay 141.064 ps
      0.0 ps  pwdata[21]:               -> NAND2X1_296/A
     70.6 ps      _1286_: NAND2X1_296/Y -> OAI21X1_486/C
    134.1 ps       _769_: OAI21X1_486/Y ->   DFFSR_472/D

   hold at destination = 6.9532

Path input pin pwdata[12] to DFFSR_484/D delay 141.064 ps
      0.0 ps  pwdata[12]:               -> NAND2X1_287/A
     70.6 ps      _1276_: NAND2X1_287/Y -> OAI21X1_477/C
    134.1 ps       _760_: OAI21X1_477/Y ->   DFFSR_484/D

   hold at destination = 6.9532

Path input pin pwdata[7] to DFFSR_489/D delay 141.064 ps
      0.0 ps  pwdata[7]:               -> NAND2X1_283/A
     70.6 ps     _1268_: NAND2X1_283/Y -> OAI21X1_470/C
    134.1 ps      _755_: OAI21X1_470/Y ->   DFFSR_489/D

   hold at destination = 6.9532

Path input pin pwdata[19] to DFFSR_474/D delay 141.064 ps
      0.0 ps  pwdata[19]:               -> NAND2X1_294/A
     70.6 ps      _1284_: NAND2X1_294/Y -> OAI21X1_484/C
    134.1 ps       _767_: OAI21X1_484/Y ->   DFFSR_474/D

   hold at destination = 6.9532

Path input pin pwdata[17] to DFFSR_479/D delay 141.064 ps
      0.0 ps  pwdata[17]:               -> NAND2X1_292/A
     70.6 ps      _1282_: NAND2X1_292/Y -> OAI21X1_482/C
    134.1 ps       _765_: OAI21X1_482/Y ->   DFFSR_479/D

   hold at destination = 6.9532

Path input pin pwdata[3] to DFFSR_493/D delay 141.064 ps
      0.0 ps  pwdata[3]:               -> NAND2X1_280/A
     70.6 ps     _1263_: NAND2X1_280/Y -> OAI21X1_465/C
    134.1 ps      _751_: OAI21X1_465/Y ->   DFFSR_493/D

   hold at destination = 6.9532

Path input pin pwdata[0] to DFFSR_496/D delay 141.064 ps
      0.0 ps  pwdata[0]:               -> NAND2X1_278/A
     70.6 ps     _1259_: NAND2X1_278/Y -> OAI21X1_461/C
    134.1 ps      _748_: OAI21X1_461/Y ->   DFFSR_496/D

   hold at destination = 6.9532

Path input pin pwdata[30] to DFFSR_463/D delay 141.064 ps
      0.0 ps  pwdata[30]:               -> NAND2X1_305/A
     70.6 ps      _1296_: NAND2X1_305/Y -> OAI21X1_495/C
    134.1 ps       _778_: OAI21X1_495/Y ->   DFFSR_463/D

   hold at destination = 6.9532

Path input pin pwdata[27] to DFFSR_466/D delay 141.064 ps
      0.0 ps  pwdata[27]:               -> NAND2X1_302/A
     70.6 ps      _1293_: NAND2X1_302/Y -> OAI21X1_492/C
    134.1 ps       _775_: OAI21X1_492/Y ->   DFFSR_466/D

   hold at destination = 6.9532

-----------------------------------------


