

Subcircuit pins:
Circuit 1: NAND2X1                         |Circuit 2: NAND2X1                         
-------------------------------------------|-------------------------------------------
A                                          |A                                          
B                                          |B                                          
gnd                                        |gnd                                        
Y                                          |Y                                          
vdd                                        |vdd                                        
---------------------------------------------------------------------------------------
Cell pin lists are equivalent.
Device classes NAND2X1 and NAND2X1 are equivalent.


Subcircuit pins:
Circuit 1: OAI22X1                         |Circuit 2: OAI22X1                         
-------------------------------------------|-------------------------------------------
A                                          |A                                          
B                                          |B                                          
C                                          |C                                          
D                                          |D                                          
gnd                                        |gnd                                        
Y                                          |Y                                          
vdd                                        |vdd                                        
---------------------------------------------------------------------------------------
Cell pin lists are equivalent.
Device classes OAI22X1 and OAI22X1 are equivalent.


Subcircuit pins:
Circuit 1: AOI22X1                         |Circuit 2: AOI22X1                         
-------------------------------------------|-------------------------------------------
A                                          |A                                          
B                                          |B                                          
C                                          |C                                          
D                                          |D                                          
gnd                                        |gnd                                        
Y                                          |Y                                          
vdd                                        |vdd                                        
---------------------------------------------------------------------------------------
Cell pin lists are equivalent.
Device classes AOI22X1 and AOI22X1 are equivalent.


Subcircuit pins:
Circuit 1: OAI21X1                         |Circuit 2: OAI21X1                         
-------------------------------------------|-------------------------------------------
A                                          |A                                          
B                                          |B                                          
C                                          |C                                          
gnd                                        |gnd                                        
Y                                          |Y                                          
vdd                                        |vdd                                        
---------------------------------------------------------------------------------------
Cell pin lists are equivalent.
Device classes OAI21X1 and OAI21X1 are equivalent.


Subcircuit pins:
Circuit 1: AND2X2                          |Circuit 2: AND2X2                          
-------------------------------------------|-------------------------------------------
A                                          |A                                          
B                                          |B                                          
gnd                                        |gnd                                        
Y                                          |Y                                          
vdd                                        |vdd                                        
---------------------------------------------------------------------------------------
Cell pin lists are equivalent.
Device classes AND2X2 and AND2X2 are equivalent.


Subcircuit pins:
Circuit 1: INVX1                           |Circuit 2: INVX1                           
-------------------------------------------|-------------------------------------------
A                                          |A                                          
gnd                                        |gnd                                        
Y                                          |Y                                          
vdd                                        |vdd                                        
---------------------------------------------------------------------------------------
Cell pin lists are equivalent.
Device classes INVX1 and INVX1 are equivalent.


Subcircuit pins:
Circuit 1: MUX2X1                          |Circuit 2: MUX2X1                          
-------------------------------------------|-------------------------------------------
A                                          |A                                          
B                                          |B                                          
S                                          |S                                          
gnd                                        |gnd                                        
Y                                          |Y                                          
vdd                                        |vdd                                        
---------------------------------------------------------------------------------------
Cell pin lists are equivalent.
Device classes MUX2X1 and MUX2X1 are equivalent.


Subcircuit pins:
Circuit 1: DFFSR                           |Circuit 2: DFFSR                           
-------------------------------------------|-------------------------------------------
Q                                          |Q                                          
CLK                                        |CLK                                        
R                                          |R                                          
S                                          |S                                          
D                                          |D                                          
gnd                                        |gnd                                        
vdd                                        |vdd                                        
---------------------------------------------------------------------------------------
Cell pin lists are equivalent.
Device classes DFFSR and DFFSR are equivalent.


Subcircuit pins:
Circuit 1: BUFX4                           |Circuit 2: BUFX4                           
-------------------------------------------|-------------------------------------------
A                                          |A                                          
gnd                                        |gnd                                        
Y                                          |Y                                          
vdd                                        |vdd                                        
---------------------------------------------------------------------------------------
Cell pin lists are equivalent.
Device classes BUFX4 and BUFX4 are equivalent.


Subcircuit pins:
Circuit 1: AOI21X1                         |Circuit 2: AOI21X1                         
-------------------------------------------|-------------------------------------------
A                                          |A                                          
B                                          |B                                          
C                                          |C                                          
gnd                                        |gnd                                        
Y                                          |Y                                          
vdd                                        |vdd                                        
---------------------------------------------------------------------------------------
Cell pin lists are equivalent.
Device classes AOI21X1 and AOI21X1 are equivalent.


Subcircuit pins:
Circuit 1: NOR2X1                          |Circuit 2: NOR2X1                          
-------------------------------------------|-------------------------------------------
A                                          |A                                          
B                                          |B                                          
gnd                                        |gnd                                        
Y                                          |Y                                          
vdd                                        |vdd                                        
---------------------------------------------------------------------------------------
Cell pin lists are equivalent.
Device classes NOR2X1 and NOR2X1 are equivalent.


Subcircuit pins:
Circuit 1: INVX2                           |Circuit 2: INVX2                           
-------------------------------------------|-------------------------------------------
A                                          |A                                          
gnd                                        |gnd                                        
Y                                          |Y                                          
vdd                                        |vdd                                        
---------------------------------------------------------------------------------------
Cell pin lists are equivalent.
Device classes INVX2 and INVX2 are equivalent.


Subcircuit pins:
Circuit 1: BUFX2                           |Circuit 2: BUFX2                           
-------------------------------------------|-------------------------------------------
A                                          |A                                          
gnd                                        |gnd                                        
Y                                          |Y                                          
vdd                                        |vdd                                        
---------------------------------------------------------------------------------------
Cell pin lists are equivalent.
Device classes BUFX2 and BUFX2 are equivalent.


Subcircuit pins:
Circuit 1: OR2X2                           |Circuit 2: OR2X2                           
-------------------------------------------|-------------------------------------------
A                                          |A                                          
B                                          |B                                          
gnd                                        |gnd                                        
Y                                          |Y                                          
vdd                                        |vdd                                        
---------------------------------------------------------------------------------------
Cell pin lists are equivalent.
Device classes OR2X2 and OR2X2 are equivalent.


Subcircuit pins:
Circuit 1: INVX8                           |Circuit 2: INVX8                           
-------------------------------------------|-------------------------------------------
A                                          |A                                          
gnd                                        |gnd                                        
Y                                          |Y                                          
vdd                                        |vdd                                        
---------------------------------------------------------------------------------------
Cell pin lists are equivalent.
Device classes INVX8 and INVX8 are equivalent.


Subcircuit pins:
Circuit 1: NOR3X1                          |Circuit 2: NOR3X1                          
-------------------------------------------|-------------------------------------------
A                                          |A                                          
B                                          |B                                          
C                                          |C                                          
gnd                                        |gnd                                        
Y                                          |Y                                          
vdd                                        |vdd                                        
---------------------------------------------------------------------------------------
Cell pin lists are equivalent.
Device classes NOR3X1 and NOR3X1 are equivalent.


Subcircuit pins:
Circuit 1: NAND3X1                         |Circuit 2: NAND3X1                         
-------------------------------------------|-------------------------------------------
A                                          |A                                          
B                                          |B                                          
C                                          |C                                          
gnd                                        |gnd                                        
Y                                          |Y                                          
vdd                                        |vdd                                        
---------------------------------------------------------------------------------------
Cell pin lists are equivalent.
Device classes NAND3X1 and NAND3X1 are equivalent.


Subcircuit pins:
Circuit 1: CLKBUF1                         |Circuit 2: CLKBUF1                         
-------------------------------------------|-------------------------------------------
A                                          |A                                          
gnd                                        |gnd                                        
Y                                          |Y                                          
vdd                                        |vdd                                        
---------------------------------------------------------------------------------------
Cell pin lists are equivalent.
Device classes CLKBUF1 and CLKBUF1 are equivalent.


Subcircuit pins:
Circuit 1: XOR2X1                          |Circuit 2: XOR2X1                          
-------------------------------------------|-------------------------------------------
A                                          |A                                          
B                                          |B                                          
gnd                                        |gnd                                        
Y                                          |Y                                          
vdd                                        |vdd                                        
---------------------------------------------------------------------------------------
Cell pin lists are equivalent.
Device classes XOR2X1 and XOR2X1 are equivalent.


Subcircuit pins:
Circuit 1: INVX4                           |Circuit 2: INVX4                           
-------------------------------------------|-------------------------------------------
A                                          |A                                          
gnd                                        |gnd                                        
Y                                          |Y                                          
vdd                                        |vdd                                        
---------------------------------------------------------------------------------------
Cell pin lists are equivalent.
Device classes INVX4 and INVX4 are equivalent.


Subcircuit pins:
Circuit 1: XNOR2X1                         |Circuit 2: XNOR2X1                         
-------------------------------------------|-------------------------------------------
A                                          |A                                          
B                                          |B                                          
gnd                                        |gnd                                        
Y                                          |Y                                          
vdd                                        |vdd                                        
---------------------------------------------------------------------------------------
Cell pin lists are equivalent.
Device classes XNOR2X1 and XNOR2X1 are equivalent.

Class vega_top (0):  Merged 3 parallel devices.
Class vega_top (1):  Merged 3 parallel devices.
Subcircuit summary:
Circuit 1: vega_top                        |Circuit 2: vega_top                        
-------------------------------------------|-------------------------------------------
NAND2X1 (958)                              |NAND2X1 (958)                              
OAI22X1 (212)                              |OAI22X1 (212)                              
AOI22X1 (378)                              |AOI22X1 (378)                              
OAI21X1 (1620)                             |OAI21X1 (1620)                             
AND2X2 (96)                                |AND2X2 (96)                                
INVX1 (812)                                |INVX1 (812)                                
MUX2X1 (37)                                |MUX2X1 (37)                                
DFFSR (787)                                |DFFSR (787)                                
BUFX4 (578)                                |BUFX4 (578)                                
AOI21X1 (337)                              |AOI21X1 (337)                              
NOR2X1 (441)                               |NOR2X1 (441)                               
INVX2 (110)                                |INVX2 (110)                                
BUFX2 (109->106)                           |BUFX2 (109->106)                           
OR2X2 (63)                                 |OR2X2 (63)                                 
INVX8 (33)                                 |INVX8 (33)                                 
NOR3X1 (16)                                |NOR3X1 (16)                                
NAND3X1 (193)                              |NAND3X1 (193)                              
CLKBUF1 (108)                              |CLKBUF1 (108)                              
XOR2X1 (2)                                 |XOR2X1 (2)                                 
INVX4 (13)                                 |INVX4 (13)                                 
XNOR2X1 (5)                                |XNOR2X1 (5)                                
Number of devices: 6905                    |Number of devices: 6905                    
Number of nets: 7099                       |Number of nets: 7099                       
---------------------------------------------------------------------------------------
Netlists match uniquely.

Subcircuit pins:
Circuit 1: vega_top                        |Circuit 2: vega_top                        
-------------------------------------------|-------------------------------------------
reg_wr_en                                  |reg_wr_en                                  
sensor2_data[22]                           |sensor2_data[22]                           
sensor2_data[24]                           |sensor2_data[24]                           
sensor2_data[4]                            |sensor2_data[4]                            
sensor2_data[25]                           |sensor2_data[25]                           
sensor2_data[7]                            |sensor2_data[7]                            
reg_addr[7]                                |reg_addr[7]                                
reg_addr[6]                                |reg_addr[6]                                
reg_rd_en                                  |reg_rd_en                                  
rtc_wakeup_in                              |rtc_wakeup_in                              
irq_wakeup_in                              |irq_wakeup_in                              
rtc_wakeup_en                              |rtc_wakeup_en                              
irq_wakeup_en                              |irq_wakeup_en                              
ext_wakeup_en                              |ext_wakeup_en                              
thermal_alert                              |thermal_alert                              
fault_in                                   |fault_in                                   
ext_wakeup_in                              |ext_wakeup_in                              
reg_rdata[18]                              |reg_rdata[18]                              
reg_rdata[9]                               |reg_rdata[9]                               
pready                                     |pready                                     
prdata[29]                                 |prdata[29]                                 
prdata[23]                                 |prdata[23]                                 
prdata[19]                                 |prdata[19]                                 
prdata[15]                                 |prdata[15]                                 
prdata[12]                                 |prdata[12]                                 
prdata[24]                                 |prdata[24]                                 
prdata[4]                                  |prdata[4]                                  
prdata[26]                                 |prdata[26]                                 
prdata[30]                                 |prdata[30]                                 
prdata[22]                                 |prdata[22]                                 
prdata[20]                                 |prdata[20]                                 
prdata[17]                                 |prdata[17]                                 
prdata[14]                                 |prdata[14]                                 
prdata[28]                                 |prdata[28]                                 
prdata[11]                                 |prdata[11]                                 
prdata[10]                                 |prdata[10]                                 
prdata[13]                                 |prdata[13]                                 
prdata[8]                                  |prdata[8]                                  
prdata[25]                                 |prdata[25]                                 
prdata[6]                                  |prdata[6]                                  
prdata[5]                                  |prdata[5]                                  
prdata[3]                                  |prdata[3]                                  
prdata[2]                                  |prdata[2]                                  
prdata[1]                                  |prdata[1]                                  
reg_rdata[31]                              |reg_rdata[31]                              
reg_rdata[25]                              |reg_rdata[25]                              
reg_rdata[23]                              |reg_rdata[23]                              
reg_rdata[20]                              |reg_rdata[20]                              
reg_rdata[15]                              |reg_rdata[15]                              
reg_rdata[12]                              |reg_rdata[12]                              
reg_rdata[10]                              |reg_rdata[10]                              
reg_rdata[6]                               |reg_rdata[6]                               
reg_rdata[4]                               |reg_rdata[4]                               
reg_rdata[2]                               |reg_rdata[2]                               
prdata[27]                                 |prdata[27]                                 
prdata[9]                                  |prdata[9]                                  
prdata[7]                                  |prdata[7]                                  
prdata[0]                                  |prdata[0]                                  
reg_rdata[29]                              |reg_rdata[29]                              
reg_rdata[27]                              |reg_rdata[27]                              
reg_rdata[26]                              |reg_rdata[26]                              
reg_rdata[24]                              |reg_rdata[24]                              
reg_rdata[19]                              |reg_rdata[19]                              
reg_rdata[17]                              |reg_rdata[17]                              
reg_rdata[16]                              |reg_rdata[16]                              
reg_rdata[14]                              |reg_rdata[14]                              
reg_rdata[13]                              |reg_rdata[13]                              
reg_rdata[8]                               |reg_rdata[8]                               
reg_rdata[1]                               |reg_rdata[1]                               
reg_rdata[3]                               |reg_rdata[3]                               
reg_rdata[11]                              |reg_rdata[11]                              
reg_rdata[5]                               |reg_rdata[5]                               
reg_ack                                    |reg_ack                                    
pmu_fault                                  |pmu_fault                                  
prdata[21]                                 |prdata[21]                                 
prdata[18]                                 |prdata[18]                                 
prdata[31]                                 |prdata[31]                                 
prdata[16]                                 |prdata[16]                                 
pslverr                                    |pslverr                                    
reg_rdata[30]                              |reg_rdata[30]                              
reg_rdata[22]                              |reg_rdata[22]                              
reg_rdata[7]                               |reg_rdata[7]                               
reg_rdata[28]                              |reg_rdata[28]                              
reg_rdata[21]                              |reg_rdata[21]                              
reg_rdata[0]                               |reg_rdata[0]                               
paddr[1]                                   |paddr[1]                                   
paddr[0]                                   |paddr[0]                                   
reg_addr[1]                                |reg_addr[1]                                
paddr[7]                                   |paddr[7]                                   
reg_addr[0]                                |reg_addr[0]                                
paddr[6]                                   |paddr[6]                                   
psel                                       |psel                                       
penable                                    |penable                                    
wakeup_src_status[1]                       |wakeup_src_status[1]                       
wakeup_src_status[0]                       |wakeup_src_status[0]                       
wakeup_src_status[2]                       |wakeup_src_status[2]                       
irq_out                                    |irq_out                                    
pmu_state_out[0]                           |pmu_state_out[0]                           
pmu_sleeping                               |pmu_sleeping                               
pmu_state_out[1]                           |pmu_state_out[1]                           
pmu_state_out[3]                           |pmu_state_out[3]                           
pmu_state_out[2]                           |pmu_state_out[2]                           
pmu_active                                 |pmu_active                                 
reg_wdata[0]                               |reg_wdata[0]                               
reg_wdata[1]                               |reg_wdata[1]                               
reg_wdata[2]                               |reg_wdata[2]                               
paddr[2]                                   |paddr[2]                                   
sensor0_data[27]                           |sensor0_data[27]                           
sensor0_data[25]                           |sensor0_data[25]                           
sensor0_data[19]                           |sensor0_data[19]                           
sensor0_data[15]                           |sensor0_data[15]                           
sensor0_data[11]                           |sensor0_data[11]                           
sensor0_data[7]                            |sensor0_data[7]                            
sensor0_data[3]                            |sensor0_data[3]                            
sensor2_data[31]                           |sensor2_data[31]                           
sensor1_data[19]                           |sensor1_data[19]                           
sensor1_data[11]                           |sensor1_data[11]                           
sensor1_data[27]                           |sensor1_data[27]                           
sensor1_data[7]                            |sensor1_data[7]                            
sensor1_data[3]                            |sensor1_data[3]                            
sensor2_data[8]                            |sensor2_data[8]                            
reg_addr[2]                                |reg_addr[2]                                
paddr[4]                                   |paddr[4]                                   
clk                                        |clk                                        
reg_wdata[31]                              |reg_wdata[31]                              
reg_wdata[6]                               |reg_wdata[6]                               
reg_wdata[26]                              |reg_wdata[26]                              
reg_wdata[15]                              |reg_wdata[15]                              
reg_wdata[5]                               |reg_wdata[5]                               
reg_wdata[25]                              |reg_wdata[25]                              
reg_wdata[14]                              |reg_wdata[14]                              
reg_wdata[4]                               |reg_wdata[4]                               
reg_wdata[24]                              |reg_wdata[24]                              
reg_wdata[13]                              |reg_wdata[13]                              
reg_wdata[3]                               |reg_wdata[3]                               
reg_wdata[23]                              |reg_wdata[23]                              
reg_wdata[12]                              |reg_wdata[12]                              
reg_wdata[21]                              |reg_wdata[21]                              
reg_wdata[10]                              |reg_wdata[10]                              
reg_wdata[30]                              |reg_wdata[30]                              
reg_wdata[19]                              |reg_wdata[19]                              
reg_wdata[8]                               |reg_wdata[8]                               
reg_wdata[28]                              |reg_wdata[28]                              
reg_wdata[17]                              |reg_wdata[17]                              
reg_wdata[22]                              |reg_wdata[22]                              
reg_wdata[11]                              |reg_wdata[11]                              
reg_wdata[20]                              |reg_wdata[20]                              
reg_wdata[9]                               |reg_wdata[9]                               
reg_wdata[29]                              |reg_wdata[29]                              
reg_wdata[18]                              |reg_wdata[18]                              
reg_wdata[7]                               |reg_wdata[7]                               
reg_wdata[27]                              |reg_wdata[27]                              
reg_wdata[16]                              |reg_wdata[16]                              
sensor0_data[0]                            |sensor0_data[0]                            
sensor0_data[9]                            |sensor0_data[9]                            
sensor0_data[1]                            |sensor0_data[1]                            
sensor0_data[2]                            |sensor0_data[2]                            
sensor0_data[4]                            |sensor0_data[4]                            
sensor0_data[5]                            |sensor0_data[5]                            
sensor0_data[6]                            |sensor0_data[6]                            
sensor0_data[10]                           |sensor0_data[10]                           
sensor0_data[12]                           |sensor0_data[12]                           
sensor0_data[13]                           |sensor0_data[13]                           
sensor0_data[14]                           |sensor0_data[14]                           
sensor0_data[17]                           |sensor0_data[17]                           
sensor0_data[18]                           |sensor0_data[18]                           
sensor0_data[16]                           |sensor0_data[16]                           
sensor0_data[20]                           |sensor0_data[20]                           
sensor0_data[21]                           |sensor0_data[21]                           
sensor0_data[24]                           |sensor0_data[24]                           
sensor0_data[26]                           |sensor0_data[26]                           
sensor0_data[28]                           |sensor0_data[28]                           
sensor0_data[29]                           |sensor0_data[29]                           
sensor0_data[30]                           |sensor0_data[30]                           
sensor0_data[31]                           |sensor0_data[31]                           
sensor1_data[0]                            |sensor1_data[0]                            
sensor1_data[23]                           |sensor1_data[23]                           
sensor1_data[17]                           |sensor1_data[17]                           
sensor1_data[15]                           |sensor1_data[15]                           
sensor1_data[9]                            |sensor1_data[9]                            
sensor1_data[1]                            |sensor1_data[1]                            
sensor1_data[4]                            |sensor1_data[4]                            
sensor1_data[5]                            |sensor1_data[5]                            
sensor1_data[6]                            |sensor1_data[6]                            
sensor1_data[12]                           |sensor1_data[12]                           
sensor1_data[13]                           |sensor1_data[13]                           
sensor1_data[14]                           |sensor1_data[14]                           
sensor1_data[16]                           |sensor1_data[16]                           
sensor1_data[25]                           |sensor1_data[25]                           
sensor1_data[24]                           |sensor1_data[24]                           
sensor1_data[26]                           |sensor1_data[26]                           
sensor1_data[28]                           |sensor1_data[28]                           
sensor1_data[30]                           |sensor1_data[30]                           
sensor1_data[18]                           |sensor1_data[18]                           
sensor1_data[20]                           |sensor1_data[20]                           
sensor1_data[21]                           |sensor1_data[21]                           
sensor1_data[22]                           |sensor1_data[22]                           
sensor2_data[0]                            |sensor2_data[0]                            
sensor2_data[27]                           |sensor2_data[27]                           
sensor2_data[23]                           |sensor2_data[23]                           
sensor2_data[17]                           |sensor2_data[17]                           
sensor2_data[1]                            |sensor2_data[1]                            
sensor2_data[6]                            |sensor2_data[6]                            
sensor2_data[9]                            |sensor2_data[9]                            
sensor2_data[10]                           |sensor2_data[10]                           
sensor2_data[13]                           |sensor2_data[13]                           
sensor2_data[15]                           |sensor2_data[15]                           
sensor2_data[16]                           |sensor2_data[16]                           
sensor2_data[20]                           |sensor2_data[20]                           
sensor2_data[21]                           |sensor2_data[21]                           
sensor2_data[28]                           |sensor2_data[28]                           
sensor2_data[30]                           |sensor2_data[30]                           
battery_low                                |battery_low                                
paddr[3]                                   |paddr[3]                                   
sensor0_data[8]                            |sensor0_data[8]                            
sensor0_data[23]                           |sensor0_data[23]                           
sensor0_data[22]                           |sensor0_data[22]                           
sensor1_data[31]                           |sensor1_data[31]                           
sensor1_data[8]                            |sensor1_data[8]                            
sensor1_data[10]                           |sensor1_data[10]                           
sensor1_data[29]                           |sensor1_data[29]                           
sensor1_data[2]                            |sensor1_data[2]                            
sensor2_data[19]                           |sensor2_data[19]                           
sensor2_data[3]                            |sensor2_data[3]                            
sensor2_data[2]                            |sensor2_data[2]                            
sensor2_data[5]                            |sensor2_data[5]                            
sensor2_data[11]                           |sensor2_data[11]                           
sensor2_data[12]                           |sensor2_data[12]                           
sensor2_data[14]                           |sensor2_data[14]                           
sensor2_data[18]                           |sensor2_data[18]                           
sensor2_data[26]                           |sensor2_data[26]                           
sensor2_data[29]                           |sensor2_data[29]                           
reg_addr[4]                                |reg_addr[4]                                
reg_addr[5]                                |reg_addr[5]                                
reg_addr[3]                                |reg_addr[3]                                
pwdata[7]                                  |pwdata[7]                                  
pwdata[3]                                  |pwdata[3]                                  
pwdata[1]                                  |pwdata[1]                                  
pwdata[0]                                  |pwdata[0]                                  
pwdata[8]                                  |pwdata[8]                                  
pwdata[6]                                  |pwdata[6]                                  
pwdata[5]                                  |pwdata[5]                                  
pwdata[2]                                  |pwdata[2]                                  
pwdata[9]                                  |pwdata[9]                                  
pwdata[4]                                  |pwdata[4]                                  
pwdata[10]                                 |pwdata[10]                                 
pwdata[14]                                 |pwdata[14]                                 
pwdata[24]                                 |pwdata[24]                                 
pwdata[13]                                 |pwdata[13]                                 
pwdata[23]                                 |pwdata[23]                                 
pwdata[12]                                 |pwdata[12]                                 
pwdata[22]                                 |pwdata[22]                                 
pwdata[11]                                 |pwdata[11]                                 
pwdata[20]                                 |pwdata[20]                                 
pwdata[19]                                 |pwdata[19]                                 
pwdata[16]                                 |pwdata[16]                                 
pwdata[15]                                 |pwdata[15]                                 
pwdata[30]                                 |pwdata[30]                                 
pwdata[27]                                 |pwdata[27]                                 
pwdata[26]                                 |pwdata[26]                                 
pwdata[25]                                 |pwdata[25]                                 
pwdata[31]                                 |pwdata[31]                                 
pwdata[18]                                 |pwdata[18]                                 
pwdata[21]                                 |pwdata[21]                                 
pwdata[28]                                 |pwdata[28]                                 
pwdata[29]                                 |pwdata[29]                                 
pwdata[17]                                 |pwdata[17]                                 
pwrite                                     |pwrite                                     
paddr[5]                                   |paddr[5]                                   
rst_n                                      |rst_n                                      
vdd                                        |vdd                                        
gnd                                        |gnd                                        
---------------------------------------------------------------------------------------
Cell pin lists are equivalent.
Device classes vega_top and vega_top are equivalent.

Final result: Circuits match uniquely.
.
