
Magic 8.3 revision 629 - Compiled on Wed Apr  1 09:20:54 IST 2026.
Starting magic under Tcl interpreter
Using the terminal as the console.
WARNING: RLIMIT_NOFILE is above 1024 and Tcl_Version<9 this may cause runtime issues [rlim_cur=65536]
Using NULL graphics device.
Processing system .magicrc file
Switching to WIRING tool.
Switching to NETLIST tool.
Switching to PICK tool.
Switching to BOX tool.
Input style lambda=0.20(p): scaleFactor=20, multiplier=1
Contact size value ignored (using GDS generation rules).
Contact size value ignored (using GDS generation rules).
Contact size value ignored (using GDS generation rules).
Contact size value ignored (using GDS generation rules).
Contact size value ignored (using GDS generation rules).
Contact size value ignored (using GDS generation rules).
The following types are not handled by extraction and will be treated as non-electrical types:
    n_field_implant p_field_implant nselect pselect glass filln filla fillb xp m1p m2p m3p m4p comment bb 
4 Magic internal units = 1 Lambda
Loading "drc_all7.tcl" from command line.
Warning: Calma reading is not undoable!  I hope that's OK.
Library written using GDS-II Release 3.0
Library name: iit_stdcells
Reading "FILL".
Moving label "vdd" from space to metal1 in cell FILL.
Moving label "gnd" from space to metal1 in cell FILL.
Reading "AND2X1".
Moving label "Y" from space to metal1 in cell AND2X1.
Moving label "B" from space to metal1 in cell AND2X1.
Moving label "vdd" from space to metal1 in cell AND2X1.
Moving label "gnd" from space to metal1 in cell AND2X1.
Moving label "A" from space to metal1 in cell AND2X1.
Reading "AND2X2".
Moving label "vdd" from space to metal1 in cell AND2X2.
Moving label "gnd" from space to metal1 in cell AND2X2.
Moving label "A" from space to metal1 in cell AND2X2.
Moving label "B" from space to metal1 in cell AND2X2.
Moving label "Y" from space to metal1 in cell AND2X2.
Reading "AOI21X1".
Moving label "gnd" from space to metal1 in cell AOI21X1.
Moving label "vdd" from space to metal1 in cell AOI21X1.
Moving label "A" from space to metal1 in cell AOI21X1.
Moving label "B" from space to metal1 in cell AOI21X1.
Moving label "Y" from space to metal1 in cell AOI21X1.
Moving label "C" from space to metal1 in cell AOI21X1.
Reading "AOI22X1".
Moving label "gnd" from space to metal1 in cell AOI22X1.
Moving label "vdd" from space to metal1 in cell AOI22X1.
Moving label "C" from space to metal1 in cell AOI22X1.
Moving label "D" from space to metal1 in cell AOI22X1.
Moving label "Y" from space to metal1 in cell AOI22X1.
Moving label "A" from space to metal1 in cell AOI22X1.
Moving label "B" from space to metal1 in cell AOI22X1.
Reading "BUFX2".
Moving label "vdd" from space to metal1 in cell BUFX2.
Moving label "gnd" from space to metal1 in cell BUFX2.
Moving label "A" from space to metal1 in cell BUFX2.
Moving label "Y" from space to metal1 in cell BUFX2.
Reading "BUFX4".
Moving label "vdd" from space to metal1 in cell BUFX4.
Moving label "gnd" from space to metal1 in cell BUFX4.
Moving label "A" from space to metal1 in cell BUFX4.
Moving label "Y" from space to metal1 in cell BUFX4.
Reading "DFFNEGX1".
Moving label "CLK" from space to metal1 in cell DFFNEGX1.
Moving label "vdd" from space to metal1 in cell DFFNEGX1.
Moving label "D" from space to metal1 in cell DFFNEGX1.
Moving label "gnd" from space to metal1 in cell DFFNEGX1.
Moving label "Q" from space to metal1 in cell DFFNEGX1.
Reading "NOR3X1".
Moving label "vdd" from space to metal1 in cell NOR3X1.
Moving label "gnd" from space to metal1 in cell NOR3X1.
Moving label "B" from space to metal1 in cell NOR3X1.
Moving label "C" from space to metal1 in cell NOR3X1.
Moving label "A" from space to metal1 in cell NOR3X1.
Moving label "Y" from space to metal1 in cell NOR3X1.
Reading "DFFPOSX1".
Moving label "vdd" from space to metal1 in cell DFFPOSX1.
Moving label "D" from space to metal1 in cell DFFPOSX1.
Moving label "gnd" from space to metal1 in cell DFFPOSX1.
Moving label "Q" from space to metal1 in cell DFFPOSX1.
Moving label "CLK" from space to metal1 in cell DFFPOSX1.
Reading "FAX1".
Moving label "gnd" from space to metal1 in cell FAX1.
Moving label "vdd" from space to metal1 in cell FAX1.
Moving label "A" from space to metal1 in cell FAX1.
Moving label "B" from space to metal1 in cell FAX1.
Moving label "C" from space to metal1 in cell FAX1.
Moving label "YC" from space to metal1 in cell FAX1.
Moving label "YS" from space to metal1 in cell FAX1.
Reading "HAX1".
Moving label "vdd" from space to metal1 in cell HAX1.
Moving label "gnd" from space to metal1 in cell HAX1.
Moving label "YC" from space to metal1 in cell HAX1.
Moving label "A" from space to metal1 in cell HAX1.
Moving label "B" from space to metal1 in cell HAX1.
Moving label "YS" from space to metal1 in cell HAX1.
Reading "INVX1".
Moving label "A" from space to metal1 in cell INVX1.
Moving label "Y" from space to metal1 in cell INVX1.
Moving label "vdd" from space to metal1 in cell INVX1.
Moving label "gnd" from space to metal1 in cell INVX1.
Reading "INVX2".
Moving label "vdd" from space to metal1 in cell INVX2.
Moving label "gnd" from space to metal1 in cell INVX2.
Moving label "Y" from space to metal1 in cell INVX2.
Moving label "A" from space to metal1 in cell INVX2.
Reading "INVX4".
Moving label "vdd" from space to metal1 in cell INVX4.
Moving label "gnd" from space to metal1 in cell INVX4.
Moving label "Y" from space to metal1 in cell INVX4.
Moving label "A" from space to metal1 in cell INVX4.
Reading "INVX8".
Moving label "vdd" from space to metal1 in cell INVX8.
Moving label "gnd" from space to metal1 in cell INVX8.
Moving label "A" from space to metal1 in cell INVX8.
Moving label "Y" from space to metal1 in cell INVX8.
Reading "NAND2X1".
Moving label "vdd" from space to metal1 in cell NAND2X1.
Moving label "Y" from space to metal1 in cell NAND2X1.
Moving label "gnd" from space to metal1 in cell NAND2X1.
Moving label "A" from space to metal1 in cell NAND2X1.
Moving label "B" from space to metal1 in cell NAND2X1.
Reading "NAND3X1".
Moving label "B" from space to metal1 in cell NAND3X1.
Moving label "vdd" from space to metal1 in cell NAND3X1.
Moving label "gnd" from space to metal1 in cell NAND3X1.
Moving label "A" from space to metal1 in cell NAND3X1.
Moving label "C" from space to metal1 in cell NAND3X1.
Moving label "Y" from space to metal1 in cell NAND3X1.
Reading "NOR2X1".
Moving label "vdd" from space to metal1 in cell NOR2X1.
Moving label "B" from space to metal1 in cell NOR2X1.
Moving label "gnd" from space to metal1 in cell NOR2X1.
Moving label "Y" from space to metal1 in cell NOR2X1.
Moving label "A" from space to metal1 in cell NOR2X1.
Reading "OAI21X1".
Moving label "gnd" from space to metal1 in cell OAI21X1.
Moving label "vdd" from space to metal1 in cell OAI21X1.
Moving label "A" from space to metal1 in cell OAI21X1.
Moving label "B" from space to metal1 in cell OAI21X1.
Moving label "Y" from space to metal1 in cell OAI21X1.
Moving label "C" from space to metal1 in cell OAI21X1.
Reading "OAI22X1".
Moving label "gnd" from space to metal1 in cell OAI22X1.
Moving label "vdd" from space to metal1 in cell OAI22X1.
Moving label "D" from space to metal1 in cell OAI22X1.
Moving label "C" from space to metal1 in cell OAI22X1.
Moving label "A" from space to metal1 in cell OAI22X1.
Moving label "B" from space to metal1 in cell OAI22X1.
Moving label "Y" from space to metal1 in cell OAI22X1.
Reading "OR2X1".
Moving label "Y" from space to metal1 in cell OR2X1.
Moving label "B" from space to metal1 in cell OR2X1.
Moving label "vdd" from space to metal1 in cell OR2X1.
Moving label "gnd" from space to metal1 in cell OR2X1.
Moving label "A" from space to metal1 in cell OR2X1.
Reading "OR2X2".
Moving label "Y" from space to metal1 in cell OR2X2.
Moving label "B" from space to metal1 in cell OR2X2.
Moving label "vdd" from space to metal1 in cell OR2X2.
Moving label "gnd" from space to metal1 in cell OR2X2.
Moving label "A" from space to metal1 in cell OR2X2.
Reading "TBUFX1".
Moving label "vdd" from space to metal1 in cell TBUFX1.
Moving label "gnd" from space to metal1 in cell TBUFX1.
Moving label "EN" from space to metal1 in cell TBUFX1.
Moving label "A" from space to metal1 in cell TBUFX1.
Moving label "Y" from space to metal1 in cell TBUFX1.
Reading "TBUFX2".
Moving label "vdd" from space to metal1 in cell TBUFX2.
Moving label "gnd" from space to metal1 in cell TBUFX2.
Moving label "A" from space to metal1 in cell TBUFX2.
Moving label "EN" from space to metal1 in cell TBUFX2.
Moving label "Y" from space to metal1 in cell TBUFX2.
Reading "XOR2X1".
Moving label "Y" from space to metal1 in cell XOR2X1.
Moving label "vdd" from space to metal1 in cell XOR2X1.
Moving label "B" from space to metal1 in cell XOR2X1.
Moving label "A" from space to metal1 in cell XOR2X1.
Moving label "gnd" from space to metal1 in cell XOR2X1.
Reading "MUX2X1".
Moving label "S" from space to metal1 in cell MUX2X1.
Moving label "vdd" from space to metal1 in cell MUX2X1.
Moving label "gnd" from space to metal1 in cell MUX2X1.
Moving label "Y" from space to metal1 in cell MUX2X1.
Moving label "A" from space to metal1 in cell MUX2X1.
Moving label "B" from space to metal1 in cell MUX2X1.
Reading "XNOR2X1".
Moving label "A" from space to metal1 in cell XNOR2X1.
Moving label "B" from space to metal1 in cell XNOR2X1.
Moving label "gnd" from space to metal1 in cell XNOR2X1.
Moving label "vdd" from space to metal1 in cell XNOR2X1.
Moving label "Y" from space to metal1 in cell XNOR2X1.
Reading "LATCH".
Moving label "D" from space to metal1 in cell LATCH.
Moving label "Q" from space to metal1 in cell LATCH.
Moving label "gnd" from space to metal1 in cell LATCH.
Moving label "vdd" from space to metal1 in cell LATCH.
Moving label "CLK" from space to metal1 in cell LATCH.
Reading "DFFSR".
Moving label "gnd" from space to metal1 in cell DFFSR.
Moving label "vdd" from space to metal1 in cell DFFSR.
Moving label "D" from space to metal1 in cell DFFSR.
Moving label "S" from space to metal1 in cell DFFSR.
Moving label "R" from space to metal1 in cell DFFSR.
Moving label "Q" from space to metal1 in cell DFFSR.
Moving label "CLK" from space to metal1 in cell DFFSR.
Reading "CLKBUF1".
Moving label "A" from space to metal1 in cell CLKBUF1.
Moving label "vdd" from space to metal1 in cell CLKBUF1.
Moving label "gnd" from space to metal1 in cell CLKBUF1.
Moving label "Y" from space to metal1 in cell CLKBUF1.
Reading "CLKBUF2".
Moving label "vdd" from space to metal1 in cell CLKBUF2.
Moving label "gnd" from space to metal1 in cell CLKBUF2.
Moving label "A" from space to metal1 in cell CLKBUF2.
Moving label "Y" from space to metal1 in cell CLKBUF2.
Reading "CLKBUF3".
Moving label "gnd" from space to metal1 in cell CLKBUF3.
Moving label "vdd" from space to metal1 in cell CLKBUF3.
Moving label "A" from space to metal1 in cell CLKBUF3.
Moving label "Y" from space to metal1 in cell CLKBUF3.
Reading "iit_stdcells".
Cell vega_top read from current working directory
Scaled magic input cell vega_top geometry by factor of 2
vega_top: 10000 rects
vega_top: 20000 rects
vega_top: 30000 rects
vega_top: 40000 rects
vega_top: 50000 rects
vega_top: 60000 rects
vega_top: 70000 rects
vega_top: 80000 rects
vega_top: 90000 rects
vega_top: 100000 rects
vega_top: 110000 rects
vega_top: 120000 rects
Processing timestamp mismatches.
Timestamp mismatches found in these cells: AND2X2, AOI21X1, AOI22X1, BUFX2, BUFX4, CLKBUF1, DFFSR, FILL, INVX1, INVX2, INVX4, INVX8, MUX2X1, NAND2X1, NAND3X1, NOR2X1, NOR3X1, OAI21X1, OAI22X1, OR2X2, XNOR2X1, XOR2X1.
TOTAL_ERRORS: 7
Error area #2:
Metal1 spacing < 3 (Mosis #7.2)
COORD_0: 39512 22366 39520 22368
Error area #3:
Metal1 spacing < 3 (Mosis #7.2)
COORD_1: 39512 22352 39520 22354
Error area #4:
Metal1 spacing < 3 (Mosis #7.2)
COORD_2: 20044 20086 20052 20100
Error area #5:
Metal1 spacing < 3 (Mosis #7.2)
COORD_3: 20044 20072 20052 20074
Error area #6:
Metal1 spacing < 3 (Mosis #7.2)
COORD_4: 39468 19086 39476 19100
Error area #7:
Metal1 spacing < 3 (Mosis #7.2)
COORD_5: 39468 19072 39476 19074
Error area #1:
Metal1 spacing < 3 (Mosis #7.2)
COORD_6: 39500 22368 39508 22380
