59 nets failed to route:
 _94_
 _2654_
 _4977_
 _4464__bF$buf1
 u_data_processor.regfile[5][14]
 u_data_processor.regfile[1][27]
 _4506_
 u_data_processor.regfile[5][3]
 _2604_
 u_data_processor.regfile[0][31]
 clk_proc
 _2940_
 _2594_
 _2531_
 _582_
 _4468_
 u_data_processor.operand_b_reg[30]
 _630_
 _1331_
 _4293_
 _1__bF$buf6
 _83_
 u_data_processor.regfile[3][23]
 _583__bF$buf1
 u_data_processor.regfile[2][30]
 _525_
 _553_
 _73__bF$buf4
 _495_
 _4511__bF$buf0
 _4590_
 _307_
 _1184_
 _4538_
 _4711_
 _4515_
 u_data_processor.regfile[2][7]
 _860_
 _2771_
 clk_proc_bF$buf57
 _255_
 _4520_
 _4610_
 _1331__bF$buf3
 u_data_processor.regfile[4][11]
 _2862_
 u_data_processor.regfile[3][12]
 _73__bF$buf1
 u_data_processor.regfile[0][2]
 _2903_
 _2900_
 _583__bF$buf2
 _4477_
 _552_
 _4468__bF$buf2
 _4756_
 _2864_
 u_data_processor.regfile[1][30]
 _73__bF$buf6
