Qflow migration logfile created on Sat Jun 27 15:14:56 UTC 2026
magic -dnull -noconsole  migrate_vega_top.tcl

Magic 8.3 revision 629 - Compiled on Wed Apr  1 09:20:54 IST 2026.
Starting magic under Tcl interpreter
Using the terminal as the console.
WARNING: RLIMIT_NOFILE is above 1024 and Tcl_Version<9 this may cause runtime issues [rlim_cur=65536]
Using NULL graphics device.
Processing system .magicrc file
Switching to WIRING tool.
Switching to NETLIST tool.
Switching to PICK tool.
Switching to BOX tool.
Input style lambda=0.20(p): scaleFactor=20, multiplier=1
Contact size value ignored (using GDS generation rules).
Contact size value ignored (using GDS generation rules).
Contact size value ignored (using GDS generation rules).
Contact size value ignored (using GDS generation rules).
Contact size value ignored (using GDS generation rules).
Contact size value ignored (using GDS generation rules).
The following types are not handled by extraction and will be treated as non-electrical types:
    n_field_implant p_field_implant nselect pselect glass filln filla fillb xp m1p m2p m3p m4p comment bb 
4 Magic internal units = 1 Lambda
Loading "migrate_vega_top.tcl" from command line.
Root cell box:
           width x height  (   llx,  lly  ), (   urx,  ury  )

microns:   0.000 x 0.000   ( 0.000,  0.000), ( 0.000,  0.000)
lambda:     0.00 x 0.00    (  0.00,  0.00 ), (  0.00,  0.00 )
internal:      0 x 0       (     0,  0    ), (     0,  0    )
Warning:  snap setting is also changing units.  This usage is deprecated
and may be removed in the future.  Use "units" to change units, and
change units before setting snap to keep this message from appearing.
Reading LEF data from file /apps/vlsi/share/qflow/tech/osu035/osu035_stdcells.lef.
This action cannot be undone.
LEF read: Processed 3179 lines.
Reading DEF data from file vega_top.def.
This action cannot be undone.
  Processed 3 vias total.
  Processed 58403 subcell instances total.
  Processed 272 pins total.
  Processed 7102 nets total.
  Processed 926 special nets total.
DEF read: Processed 156748 lines.
Generating LEF output vega_top.lef for cell vega_top:
Diagnostic:  Write LEF header for cell vega_top
Diagnostic:  Writing LEF output for cell vega_top
Diagnostic:  Scale value is 0.050000
Extracting FILL into FILL.ext:
Extracting AND2X2 into AND2X2.ext:
Extracting OAI21X1 into OAI21X1.ext:
Extracting NOR2X1 into NOR2X1.ext:
Extracting INVX1 into INVX1.ext:
Extracting DFFSR into DFFSR.ext:
Extracting AOI21X1 into AOI21X1.ext:
Extracting BUFX2 into BUFX2.ext:
Extracting NAND2X1 into NAND2X1.ext:
Extracting NAND3X1 into NAND3X1.ext:
Extracting BUFX4 into BUFX4.ext:
Extracting CLKBUF1 into CLKBUF1.ext:
Extracting OR2X2 into OR2X2.ext:
Extracting MUX2X1 into MUX2X1.ext:
Extracting XOR2X1 into XOR2X1.ext:
Extracting INVX2 into INVX2.ext:
Extracting OAI22X1 into OAI22X1.ext:
Extracting INVX8 into INVX8.ext:
Extracting NOR3X1 into NOR3X1.ext:
Extracting AOI22X1 into AOI22X1.ext:
Extracting INVX4 into INVX4.ext:
Extracting XNOR2X1 into XNOR2X1.ext:
Extracting vega_top into vega_top.ext:
exttospice finished.
Migration script ended on Sat Jun 27 15:15:24 UTC 2026
