Qflow placement logfile created on Sat Jun 27 14:57:36 UTC 2026
Running blif2cel to generate input files for graywolf
blif2cel.tcl --blif ./vega_top.blif  --lef  /apps/vlsi/share/qflow/tech/osu035/osu035_stdcells.lef --cel ./vega_top.cel 
Opened BLIF file (./vega_top.blif) for reading ...
Opened CEL file (./vega_top.cel) for writing...
Loaded /apps/vlsi/share/qflow/tech/osu035/osu035_stdcells.lef file for reading...
1st pass of blif file ./vega_top.blif. . .
Reading macros and/or technology data from LEF file. . .
LEF file specifies route layer Y pitch as 2
LEF file specifies route layer X pitch as 1.6
Parsing macro AND2X2
Parsing macro AOI21X1
Parsing macro AOI22X1
Parsing macro BUFX2
Parsing macro BUFX4
Parsing macro NOR3X1
Parsing macro INVX1
Parsing macro INVX2
Parsing macro INVX4
Parsing macro INVX8
Parsing macro NAND2X1
Parsing macro NAND3X1
Parsing macro NOR2X1
Parsing macro OAI21X1
Parsing macro OAI22X1
Parsing macro OR2X2
Parsing macro XOR2X1
Parsing macro MUX2X1
Parsing macro XNOR2X1
Parsing macro DFFSR
Parsing macro CLKBUF1
2nd pass of blif file. . .
3rd pass of blif file. . .
Done!
No vega_top.cel1 file found for project. . . no partial blockages to apply to layout.
Running decongest to set initial density of 0.45
decongest.tcl vega_top  /apps/vlsi/share/qflow/tech/osu035/osu035_stdcells.lef FILL 0.45 --units=100
Reading FILL {} {} macros from LEF file.

decongest.tcl:
Fixed density planning, density = 0.45
Number of cells = 6908, total width = 6360800
Width of fill = 7774311
Width of decap = 0
Width of antenna  = 0

Done!
No vega_top.cel2 file found for project. . . continuing without pin placement hints
Running GrayWolf placement
graywolf  vega_top

twflow version:2.1 date:Mon May 25 21:15:08 EDT 1992
Authors: Bill Swartz, Carl Sechen
         Yale University

syntax version:v1.1 date:Mon May 25 21:11:10 EDT 1992
TimberWolf System Syntax Checker
Authors: Carl Sechen, Kai-Win Lee, Bill Swartz,
         Dahe Chen, and Jimmy Lam
         Yale University

Read   50 objects so far...
Read  100 objects so far...
Read  150 objects so far...
Read  200 objects so far...
Read  250 objects so far...
Read  300 objects so far...
Read  350 objects so far...
Read  400 objects so far...
Read  450 objects so far...
Read  500 objects so far...
Read  550 objects so far...
Read  600 objects so far...
Read  650 objects so far...
Read  700 objects so far...
Read  750 objects so far...
Read  800 objects so far...
Read  850 objects so far...
Read  900 objects so far...
Read  950 objects so far...
Read 1000 objects so far...
Read 1050 objects so far...
Read 1100 objects so far...
Read 1150 objects so far...
Read 1200 objects so far...
Read 1250 objects so far...
Read 1300 objects so far...
Read 1350 objects so far...
Read 1400 objects so far...
Read 1450 objects so far...
Read 1500 objects so far...
Read 1550 objects so far...
Read 1600 objects so far...
Read 1650 objects so far...
Read 1700 objects so far...
Read 1750 objects so far...
Read 1800 objects so far...
Read 1850 objects so far...
Read 1900 objects so far...
Read 1950 objects so far...
Read 2000 objects so far...
Read 2050 objects so far...
Read 2100 objects so far...
Read 2150 objects so far...
Read 2200 objects so far...
Read 2250 objects so far...
Read 2300 objects so far...
Read 2350 objects so far...
Read 2400 objects so far...
Read 2450 objects so far...
Read 2500 objects so far...
Read 2550 objects so far...
Read 2600 objects so far...
Read 2650 objects so far...
Read 2700 objects so far...
Read 2750 objects so far...
Read 2800 objects so far...
Read 2850 objects so far...
Read 2900 objects so far...
Read 2950 objects so far...
Read 3000 objects so far...
Read 3050 objects so far...
Read 3100 objects so far...
Read 3150 objects so far...
Read 3200 objects so far...
Read 3250 objects so far...
Read 3300 objects so far...
Read 3350 objects so far...
Read 3400 objects so far...
Read 3450 objects so far...
Read 3500 objects so far...
Read 3550 objects so far...
Read 3600 objects so far...
Read 3650 objects so far...
Read 3700 objects so far...
Read 3750 objects so far...
Read 3800 objects so far...
Read 3850 objects so far...
Read 3900 objects so far...
Read 3950 objects so far...
Read 4000 objects so far...
Read 4050 objects so far...
Read 4100 objects so far...
Read 4150 objects so far...
Read 4200 objects so far...
Read 4250 objects so far...
Read 4300 objects so far...
Read 4350 objects so far...
Read 4400 objects so far...
Read 4450 objects so far...
Read 4500 objects so far...
Read 4550 objects so far...
Read 4600 objects so far...
Read 4650 objects so far...
Read 4700 objects so far...
Read 4750 objects so far...
Read 4800 objects so far...
Read 4850 objects so far...
Read 4900 objects so far...
Read 4950 objects so far...
Read 5000 objects so far...
Read 5050 objects so far...
Read 5100 objects so far...
Read 5150 objects so far...
Read 5200 objects so far...
Read 5250 objects so far...
Read 5300 objects so far...
Read 5350 objects so far...
Read 5400 objects so far...
Read 5450 objects so far...
Read 5500 objects so far...
Read 5550 objects so far...
Read 5600 objects so far...
Read 5650 objects so far...
Read 5700 objects so far...
Read 5750 objects so far...
Read 5800 objects so far...
Read 5850 objects so far...
Read 5900 objects so far...
Read 5950 objects so far...
Read 6000 objects so far...
Read 6050 objects so far...
Read 6100 objects so far...
Read 6150 objects so far...
Read 6200 objects so far...
Read 6250 objects so far...
Read 6300 objects so far...
Read 6350 objects so far...
Read 6400 objects so far...
Read 6450 objects so far...
Read 6500 objects so far...
Read 6550 objects so far...
Read 6600 objects so far...
Read 6650 objects so far...
Read 6700 objects so far...
Read 6750 objects so far...
Read 6800 objects so far...
Read 6850 objects so far...
Read 6900 objects so far...
Read 6950 objects so far...
Read 7000 objects so far...
Read 7050 objects so far...
Read 7100 objects so far...
Read 7150 objects so far...
No syntax errors were found

syntax terminated normally with no errors and 0 warning[s]


----------------------------
Total stdcells     :6908
Total cell width   :1.41e+07
Total cell height  :1.38e+07
Total cell area    :2.83e+10
Total core area    :2.83e+10
Average cell height:2.00e+03


nocut - replacement for Mincut version:v1.0 date:Mon May 25 21:09:40 EDT 1992
TimberWolf System Floorplan Setup Program
Authors: Carl Sechen, Bill Swartz,
         Yale University

Read   50 objects so far...
Read  100 objects so far...
Read  150 objects so far...
Read  200 objects so far...
Read  250 objects so far...
Read  300 objects so far...
Read  350 objects so far...
Read  400 objects so far...
Read  450 objects so far...
Read  500 objects so far...
Read  550 objects so far...
Read  600 objects so far...
Read  650 objects so far...
Read  700 objects so far...
Read  750 objects so far...
Read  800 objects so far...
Read  850 objects so far...
Read  900 objects so far...
Read  950 objects so far...
Read 1000 objects so far...
Read 1050 objects so far...
Read 1100 objects so far...
Read 1150 objects so far...
Read 1200 objects so far...
Read 1250 objects so far...
Read 1300 objects so far...
Read 1350 objects so far...
Read 1400 objects so far...
Read 1450 objects so far...
Read 1500 objects so far...
Read 1550 objects so far...
Read 1600 objects so far...
Read 1650 objects so far...
Read 1700 objects so far...
Read 1750 objects so far...
Read 1800 objects so far...
Read 1850 objects so far...
Read 1900 objects so far...
Read 1950 objects so far...
Read 2000 objects so far...
Read 2050 objects so far...
Read 2100 objects so far...
Read 2150 objects so far...
Read 2200 objects so far...
Read 2250 objects so far...
Read 2300 objects so far...
Read 2350 objects so far...
Read 2400 objects so far...
Read 2450 objects so far...
Read 2500 objects so far...
Read 2550 objects so far...
Read 2600 objects so far...
Read 2650 objects so far...
Read 2700 objects so far...
Read 2750 objects so far...
Read 2800 objects so far...
Read 2850 objects so far...
Read 2900 objects so far...
Read 2950 objects so far...
Read 3000 objects so far...
Read 3050 objects so far...
Read 3100 objects so far...
Read 3150 objects so far...
Read 3200 objects so far...
Read 3250 objects so far...
Read 3300 objects so far...
Read 3350 objects so far...
Read 3400 objects so far...
Read 3450 objects so far...
Read 3500 objects so far...
Read 3550 objects so far...
Read 3600 objects so far...
Read 3650 objects so far...
Read 3700 objects so far...
Read 3750 objects so far...
Read 3800 objects so far...
Read 3850 objects so far...
Read 3900 objects so far...
Read 3950 objects so far...
Read 4000 objects so far...
Read 4050 objects so far...
Read 4100 objects so far...
Read 4150 objects so far...
Read 4200 objects so far...
Read 4250 objects so far...
Read 4300 objects so far...
Read 4350 objects so far...
Read 4400 objects so far...
Read 4450 objects so far...
Read 4500 objects so far...
Read 4550 objects so far...
Read 4600 objects so far...
Read 4650 objects so far...
Read 4700 objects so far...
Read 4750 objects so far...
Read 4800 objects so far...
Read 4850 objects so far...
Read 4900 objects so far...
Read 4950 objects so far...
Read 5000 objects so far...
Read 5050 objects so far...
Read 5100 objects so far...
Read 5150 objects so far...
Read 5200 objects so far...
Read 5250 objects so far...
Read 5300 objects so far...
Read 5350 objects so far...
Read 5400 objects so far...
Read 5450 objects so far...
Read 5500 objects so far...
Read 5550 objects so far...
Read 5600 objects so far...
Read 5650 objects so far...
Read 5700 objects so far...
Read 5750 objects so far...
Read 5800 objects so far...
Read 5850 objects so far...
Read 5900 objects so far...
Read 5950 objects so far...
Read 6000 objects so far...
Read 6050 objects so far...
Read 6100 objects so far...
Read 6150 objects so far...
Read 6200 objects so far...
Read 6250 objects so far...
Read 6300 objects so far...
Read 6350 objects so far...
Read 6400 objects so far...
Read 6450 objects so far...
Read 6500 objects so far...
Read 6550 objects so far...
Read 6600 objects so far...
Read 6650 objects so far...
Read 6700 objects so far...
Read 6750 objects so far...
Read 6800 objects so far...
Read 6850 objects so far...
Read 6900 objects so far...
Read 6950 objects so far...
Read 7000 objects so far...
Read 7050 objects so far...
Read 7100 objects so far...
Read 7150 objects so far...
Splitting vega_top.cel into vega_top.scel and vega_top.mcel...
	done!


nocut - replacement for Mincut terminated normally with no errors and 0 warning[s]


TimberWolfMC version:v2.2 date:Mon May 25 21:18:34 EDT 1992
Authors: Carl Sechen, Bill Swartz, Kai-Win Lee
         Dahe Chen, and Jimmy Lam
         Yale University

config version:v1.0 date:Mon May 25 20:57:18 EDT 1992
Row configuration program
    Yale University


config switches:
	Graphics mode on
	config will inherit window



config terminated normally with no errors and 0 warning[s]


TimberWolfMC terminated normally with no errors and 0 warning[s]

WARNING[findcost]:Net <vdd> has 789 pins


TimberWolfSC switches:
	Graphics mode on
	TimberWolfSC will inherit window

TimberWolfSC version:v6.0 date:Mon May 25 21:19:07 EDT 1992
Row-Based Placement and Global Routing Program
Authors: Carl Sechen, Kai-Win Lee, and Bill Swartz,
         Yale University
  0 
  1   2   3   4   5   6   7   8   9  10  11  12  13  14  15 
 16  17  18  19  20  21  22  23  24  25  26  27  28  29  30 
 31  32  33  34  35  36  37  38  39  40  41  42  43  44  45 
 46  47  48  49  50  51  52  53  54  55  56  57  58  59  60 
 61  62  63  64  65  66  67  68  69  70  71  72  73  74  75 
 76  77  78  79  80  81  82  83  84  85  86  87  88  89  90 
 91  92  93  94  95  96  97  98  99 100 101 102 103 104 105 
106 107 108 109 110 111 112 113 114 115 116 117 118 119 120 
121 122 123 124 125 126 127 128 129 130 131 132 133 134 135 
136 137 138 139 140 141 142 143 144 145 146 147 148 149 150 
151 152 153 154 155 156 157 158 
 block left edge is at -399
 the longest block length is 197440
 building the steiner trees
 rebuilding the steiner tree

----start doing coarse global routing ------ 
 ITERATION  1
 ITERATION  2
 ITERATION  3
 ITERATION  4
 ITERATION  5
 ITERATION  6
 ITERATION  7
 ITERATION  8
 ITERATION  9
 ITERATION 10
 ITERATION 11
 ITERATION 12
 ITERATION 13
 ITERATION 14
 ITERATION 15
 ITERATION 16
 ITERATION 17
 ITERATION 18
 ITERATION 19
 ITERATION 20
 ITERATION 21
 ITERATION 22
 ITERATION 23
 ITERATION 24
 ITERATION 25
 ITERATION 26
 ITERATION 27
 ITERATION 28
 ITERATION 29
 ITERATION 30
 ITERATION 31
 ITERATION 32

  longest Row is:52   Its length is:218400
 doing feed-through pins assignment
 building the net-tree now !
 set up the global routing grids
 the starting value of tracks = 2491
 tracks = 2464 at attempts =  1000
 tracks = 2445 at attempts =  2000
 tracks = 2435 at attempts =  3000
 tracks = 2428 at attempts =  4000
 tracks = 2422 at attempts =  5000
 tracks = 2415 at attempts =  6000
 tracks = 2408 at attempts =  7000
 tracks = 2404 at attempts =  8000
 tracks = 2401 at attempts =  9000
 tracks = 2399 at attempts = 10000
 tracks = 2397 at attempts = 11000
 tracks = 2395 at attempts = 12000
 tracks = 2394 at attempts = 13000
 tracks = 2390 at attempts = 14000
 tracks = 2390 at attempts = 15000
 tracks = 2389 at attempts = 16000
 tracks = 2389 at attempts = 17000
 tracks = 2388 at attempts = 18000
 tracks = 2386 at attempts = 19000
 tracks = 2383 at attempts = 20000
 tracks = 2383 at attempts = 21000
 tracks = 2382 at attempts = 22000
 tracks = 2380 at attempts = 23000
 tracks = 2379 at attempts = 24000
 tracks = 2379 at attempts = 25000
 tracks = 2379 at attempts = 26000
 tracks = 2379 at attempts = 27000
 tracks = 2378 at attempts = 28000
 tracks = 2377 at attempts = 29000
 tracks = 2377 at attempts = 30000
 tracks = 2377 at attempts = 31000
 tracks = 2377 at attempts = 32000
 tracks = 2377 at attempts = 33000
 tracks = 2377 at attempts = 34000
 tracks = 2377 at attempts = 35000
 tracks = 2377 at attempts = 36000
 tracks = 2377 at attempts = 37000
 tracks = 2376 at attempts = 38000
 tracks = 2376 at attempts = 39000
 tracks = 2375 at attempts = 40000
 tracks = 2375 at attempts = 41000
 tracks = 2374 at attempts = 42000
 tracks = 2374 at attempts = 43000
 tracks = 2374 at attempts = 44000
 tracks = 2374 at attempts = 45000
 tracks = 2374 at attempts = 46000
 tracks = 2374 at attempts = 47000
 tracks = 2374 at attempts = 48000
 tracks = 2373 at attempts = 49000
 tracks = 2371 at attempts = 50000
 tracks = 2371 at attempts = 51000
 tracks = 2371 at attempts = 52000
 tracks = 2371 at attempts = 53000
 tracks = 2371 at attempts = 54000
 tracks = 2371 at attempts = 55000
 tracks = 2370 at attempts = 56000
 tracks = 2370 at attempts = 57000
 tracks = 2370 at attempts = 58000
 tracks = 2370 at attempts = 59000
 tracks = 2370 at attempts = 60000
 tracks = 2370 at attempts = 61000
 tracks = 2370 at attempts = 62000
 tracks = 2370 at attempts = 63000
 tracks = 2370 at attempts = 64000
 tracks = 2370 at attempts = 65000
 tracks = 2370 at attempts = 66000
 tracks = 2370 at attempts = 67000
 tracks = 2370 at attempts = 68000
 tracks = 2370 at attempts = 69000
 tracks = 2370 at attempts = 70000
 tracks = 2370 at attempts = 71000
 tracks = 2370 at attempts = 72000
 tracks = 2370 at attempts = 73000
 tracks = 2370 at attempts = 74000
 tracks = 2370 at attempts = 75000
 tracks = 2370 at attempts = 76000
 tracks = 2370 at attempts = 77000
 tracks = 2370 at attempts = 78000
 tracks = 2370 at attempts = 79000
 tracks = 2370 at attempts = 80000
 tracks = 2370 at attempts = 81000
 tracks = 2370 at attempts = 82000
 tracks = 2370 at attempts = 83000
 tracks = 2370 at attempts = 84000
 tracks = 2370 at attempts = 85000
 tracks = 2370 at attempts = 86000
 tracks = 2370 at attempts = 87000
 tracks = 2370 at attempts = 88000
 tracks = 2370 at attempts = 89000
 tracks = 2370 at attempts = 90000
 tracks = 2370 at attempts = 91000
 tracks = 2370 at attempts = 92000
 tracks = 2370 at attempts = 93000
 tracks = 2370 at attempts = 94000
 tracks = 2370 at attempts = 95000
 tracks = 2370 at attempts = 96000
 tracks = 2370 at attempts = 97000
 tracks = 2370 at attempts = 98000
 tracks = 2370 at attempts = 99000
 tracks = 2370 at attempts = 100000
 tracks = 2370 at attempts = 101000
 tracks = 2370 at attempts = 102000
 tracks = 2370 at attempts = 103000
 tracks = 2370 at attempts = 104000
 tracks = 2370 at attempts = 105000
 tracks = 2370 at attempts = 106000
 tracks = 2370 at attempts = 107000
 tracks = 2370 at attempts = 108000
 tracks = 2370 at attempts = 109000
 tracks = 2370 at attempts = 110000
 tracks = 2370 at attempts = 111000
 tracks = 2370 at attempts = 112000
 tracks = 2370 at attempts = 113000
 tracks = 2370 at attempts = 114000
 tracks = 2370 at attempts = 115000
 tracks = 2370 at attempts = 116000
 tracks = 2370 at attempts = 117000
 tracks = 2370 at attempts = 118000
 tracks = 2370 at attempts = 119000
 tracks = 2370 at attempts = 120000
 tracks = 2370 at attempts = 121000
 tracks = 2370 at attempts = 122000
 tracks = 2370 at attempts = 123000
 tracks = 2370 at attempts = 124000
 tracks = 2370 at attempts = 125000
 tracks = 2370 at attempts = 126000
 tracks = 2370 at attempts = 127000
 tracks = 2370 at attempts = 128000
 tracks = 2370 at attempts = 129000
 tracks = 2370 at attempts = 130000
 tracks = 2370 at attempts = 131000
 tracks = 2370 at attempts = 132000
 tracks = 2370 at attempts = 133000
 tracks = 2370 at attempts = 134000
 tracks = 2370 at attempts = 135000
 tracks = 2370 at attempts = 136000
 tracks = 2370 at attempts = 137000
 tracks = 2370 at attempts = 138000
 tracks = 2370 at attempts = 139000
 tracks = 2370 at attempts = 140000
 tracks = 2370 at attempts = 141000
 tracks = 2370 at attempts = 142000
 tracks = 2370 at attempts = 143000
 tracks = 2370 at attempts = 144000
 tracks = 2370 at attempts = 145000
 tracks = 2370 at attempts = 146000
 tracks = 2370 at attempts = 147000
 tracks = 2370 at attempts = 148000
 tracks = 2370 at attempts = 149000
 tracks = 2370 at attempts = 150000
 tracks = 2370 at attempts = 151000
 tracks = 2370 at attempts = 152000
 tracks = 2370 at attempts = 153000
 tracks = 2370 at attempts = 154000
 tracks = 2370 at attempts = 155000
 tracks = 2370 at attempts = 156000
 tracks = 2370 at attempts = 157000
 tracks = 2370 at attempts = 158000
 tracks = 2370 at attempts = 159000
 tracks = 2370 at attempts = 160000
 tracks = 2370 at attempts = 161000
 tracks = 2370 at attempts = 162000
 tracks = 2370 at attempts = 163000
 tracks = 2370 at attempts = 164000
 tracks = 2370 at attempts = 165000
 tracks = 2370 at attempts = 166000
 tracks = 2370 at attempts = 167000
 tracks = 2370 at attempts = 168000
 tracks = 2370 at attempts = 169000
 tracks = 2370 at attempts = 170000
 tracks = 2370 at attempts = 171000
 tracks = 2370 at attempts = 172000
 tracks = 2370 at attempts = 173000
 tracks = 2370 at attempts = 174000
 tracks = 2370 at attempts = 175000
 tracks = 2370 at attempts = 176000
 tracks = 2370 at attempts = 177000
 removing redundant feed-through pins
 the connectivity of all the nets is verified

 block left edge is at -399
 the longest block length is 197440
 building the steiner trees
 rebuilding the steiner tree

----start doing coarse global routing ------ 
 ITERATION  1
 ITERATION  2
 ITERATION  3
 ITERATION  4
 ITERATION  5
 ITERATION  6
 ITERATION  7
 ITERATION  8
 ITERATION  9
 ITERATION 10
 ITERATION 11

  longest Row is:52   Its length is:218400
 doing feed-through pins assignment
 building the net-tree now !
 set up the global routing grids
 the starting value of tracks = 2592
 tracks = 2568 at attempts =  1000
 tracks = 2557 at attempts =  2000
 tracks = 2543 at attempts =  3000
 tracks = 2533 at attempts =  4000
 tracks = 2524 at attempts =  5000
 tracks = 2522 at attempts =  6000
 tracks = 2518 at attempts =  7000
 tracks = 2514 at attempts =  8000
 tracks = 2511 at attempts =  9000
 tracks = 2507 at attempts = 10000
 tracks = 2504 at attempts = 11000
 tracks = 2502 at attempts = 12000
 tracks = 2500 at attempts = 13000
 tracks = 2500 at attempts = 14000
 tracks = 2496 at attempts = 15000
 tracks = 2494 at attempts = 16000
 tracks = 2494 at attempts = 17000
 tracks = 2493 at attempts = 18000
 tracks = 2488 at attempts = 19000
 tracks = 2487 at attempts = 20000
 tracks = 2486 at attempts = 21000
 tracks = 2486 at attempts = 22000
 tracks = 2486 at attempts = 23000
 tracks = 2486 at attempts = 24000
 tracks = 2486 at attempts = 25000
 tracks = 2484 at attempts = 26000
 tracks = 2482 at attempts = 27000
 tracks = 2482 at attempts = 28000
 tracks = 2482 at attempts = 29000
 tracks = 2480 at attempts = 30000
 tracks = 2480 at attempts = 31000
 tracks = 2480 at attempts = 32000
 tracks = 2480 at attempts = 33000
 tracks = 2480 at attempts = 34000
 tracks = 2480 at attempts = 35000
 tracks = 2479 at attempts = 36000
 tracks = 2479 at attempts = 37000
 tracks = 2478 at attempts = 38000
 tracks = 2478 at attempts = 39000
 tracks = 2478 at attempts = 40000
 tracks = 2478 at attempts = 41000
 tracks = 2478 at attempts = 42000
 tracks = 2478 at attempts = 43000
 tracks = 2478 at attempts = 44000
 tracks = 2478 at attempts = 45000
 tracks = 2478 at attempts = 46000
 tracks = 2478 at attempts = 47000
 tracks = 2478 at attempts = 48000
 tracks = 2478 at attempts = 49000
 tracks = 2478 at attempts = 50000
 tracks = 2478 at attempts = 51000
 tracks = 2478 at attempts = 52000
 tracks = 2478 at attempts = 53000
 tracks = 2478 at attempts = 54000
 tracks = 2478 at attempts = 55000
 tracks = 2478 at attempts = 56000
 tracks = 2478 at attempts = 57000
 tracks = 2478 at attempts = 58000
 tracks = 2478 at attempts = 59000
 tracks = 2478 at attempts = 60000
 tracks = 2478 at attempts = 61000
 tracks = 2478 at attempts = 62000
 tracks = 2478 at attempts = 63000
 tracks = 2478 at attempts = 64000
 tracks = 2478 at attempts = 65000
 tracks = 2478 at attempts = 66000
 tracks = 2478 at attempts = 67000
 tracks = 2478 at attempts = 68000
 tracks = 2478 at attempts = 69000
 tracks = 2478 at attempts = 70000
 tracks = 2478 at attempts = 71000
 tracks = 2478 at attempts = 72000
 tracks = 2478 at attempts = 73000
 tracks = 2478 at attempts = 74000
 tracks = 2478 at attempts = 75000
 tracks = 2478 at attempts = 76000
 tracks = 2478 at attempts = 77000
 tracks = 2478 at attempts = 78000
 tracks = 2478 at attempts = 79000
 tracks = 2478 at attempts = 80000
 tracks = 2478 at attempts = 81000
 tracks = 2478 at attempts = 82000
 tracks = 2478 at attempts = 83000
 tracks = 2478 at attempts = 84000
 tracks = 2478 at attempts = 85000
 tracks = 2478 at attempts = 86000
 tracks = 2478 at attempts = 87000
 tracks = 2478 at attempts = 88000
 tracks = 2478 at attempts = 89000
 tracks = 2478 at attempts = 90000
 tracks = 2478 at attempts = 91000
 tracks = 2478 at attempts = 92000
 tracks = 2478 at attempts = 93000
 tracks = 2478 at attempts = 94000
 tracks = 2478 at attempts = 95000
 tracks = 2478 at attempts = 96000
 tracks = 2478 at attempts = 97000
 tracks = 2478 at attempts = 98000
 tracks = 2478 at attempts = 99000
 tracks = 2478 at attempts = 100000
 tracks = 2478 at attempts = 101000
 tracks = 2478 at attempts = 102000
 tracks = 2478 at attempts = 103000
 tracks = 2478 at attempts = 104000
 tracks = 2478 at attempts = 105000
 tracks = 2478 at attempts = 106000
 tracks = 2478 at attempts = 107000
 tracks = 2478 at attempts = 108000
 tracks = 2478 at attempts = 109000
 tracks = 2478 at attempts = 110000
 tracks = 2478 at attempts = 111000
 tracks = 2478 at attempts = 112000
 tracks = 2478 at attempts = 113000
 tracks = 2478 at attempts = 114000
 tracks = 2478 at attempts = 115000
 tracks = 2478 at attempts = 116000
 tracks = 2478 at attempts = 117000
 tracks = 2478 at attempts = 118000
 tracks = 2478 at attempts = 119000
 tracks = 2478 at attempts = 120000
 tracks = 2478 at attempts = 121000
 tracks = 2478 at attempts = 122000
 tracks = 2478 at attempts = 123000
 tracks = 2478 at attempts = 124000
 tracks = 2478 at attempts = 125000
 tracks = 2478 at attempts = 126000
 tracks = 2478 at attempts = 127000
 tracks = 2478 at attempts = 128000
 tracks = 2478 at attempts = 129000
 tracks = 2478 at attempts = 130000
 tracks = 2478 at attempts = 131000
 tracks = 2478 at attempts = 132000
 tracks = 2478 at attempts = 133000
 tracks = 2478 at attempts = 134000
 tracks = 2478 at attempts = 135000
 tracks = 2478 at attempts = 136000
 tracks = 2478 at attempts = 137000
 tracks = 2478 at attempts = 138000
 tracks = 2478 at attempts = 139000
 tracks = 2478 at attempts = 140000
 tracks = 2478 at attempts = 141000
 tracks = 2478 at attempts = 142000
 tracks = 2478 at attempts = 143000
 tracks = 2478 at attempts = 144000
 tracks = 2478 at attempts = 145000
 tracks = 2478 at attempts = 146000
 tracks = 2478 at attempts = 147000
 tracks = 2478 at attempts = 148000
 tracks = 2478 at attempts = 149000
 tracks = 2478 at attempts = 150000
 tracks = 2478 at attempts = 151000
 tracks = 2478 at attempts = 152000
 tracks = 2478 at attempts = 153000
 tracks = 2478 at attempts = 154000
 tracks = 2478 at attempts = 155000
 tracks = 2478 at attempts = 156000
 tracks = 2478 at attempts = 157000
 tracks = 2478 at attempts = 158000
 tracks = 2478 at attempts = 159000
 tracks = 2478 at attempts = 160000
 tracks = 2478 at attempts = 161000
 tracks = 2478 at attempts = 162000
 tracks = 2478 at attempts = 163000
 tracks = 2478 at attempts = 164000
 tracks = 2478 at attempts = 165000
 tracks = 2478 at attempts = 166000
 tracks = 2478 at attempts = 167000
 tracks = 2478 at attempts = 168000
 tracks = 2478 at attempts = 169000
 tracks = 2478 at attempts = 170000
 tracks = 2478 at attempts = 171000
 tracks = 2478 at attempts = 172000
 tracks = 2478 at attempts = 173000
 tracks = 2478 at attempts = 174000
 tracks = 2478 at attempts = 175000
 tracks = 2478 at attempts = 176000
 tracks = 2478 at attempts = 177000
 removing redundant feed-through pins
 the connectivity of all the nets is verified

 block left edge is at -399
 the longest block length is 197440
 building the steiner trees
 rebuilding the steiner tree

----start doing coarse global routing ------ 
 ITERATION  1
 ITERATION  2
 ITERATION  3
 ITERATION  4
 ITERATION  5
 ITERATION  6
 ITERATION  7
 ITERATION  8
 ITERATION  9
 ITERATION 10
 ITERATION 11
 ITERATION 12

  longest Row is:52   Its length is:217760
 doing feed-through pins assignment
 building the net-tree now !
 set up the global routing grids
 the starting value of tracks = 2500
 tracks = 2493 at attempts =  1000
 tracks = 2477 at attempts =  2000
 tracks = 2460 at attempts =  3000
 tracks = 2454 at attempts =  4000
 tracks = 2442 at attempts =  5000
 tracks = 2434 at attempts =  6000
 tracks = 2429 at attempts =  7000
 tracks = 2426 at attempts =  8000
 tracks = 2424 at attempts =  9000
 tracks = 2421 at attempts = 10000
 tracks = 2415 at attempts = 11000
 tracks = 2415 at attempts = 12000
 tracks = 2412 at attempts = 13000
 tracks = 2410 at attempts = 14000
 tracks = 2407 at attempts = 15000
 tracks = 2405 at attempts = 16000
 tracks = 2403 at attempts = 17000
 tracks = 2401 at attempts = 18000
 tracks = 2401 at attempts = 19000
 tracks = 2400 at attempts = 20000
 tracks = 2400 at attempts = 21000
 tracks = 2400 at attempts = 22000
 tracks = 2399 at attempts = 23000
 tracks = 2397 at attempts = 24000
 tracks = 2396 at attempts = 25000
 tracks = 2395 at attempts = 26000
 tracks = 2395 at attempts = 27000
 tracks = 2394 at attempts = 28000
 tracks = 2394 at attempts = 29000
 tracks = 2394 at attempts = 30000
 tracks = 2394 at attempts = 31000
 tracks = 2392 at attempts = 32000
 tracks = 2392 at attempts = 33000
 tracks = 2392 at attempts = 34000
 tracks = 2391 at attempts = 35000
 tracks = 2391 at attempts = 36000
 tracks = 2391 at attempts = 37000
 tracks = 2390 at attempts = 38000
 tracks = 2389 at attempts = 39000
 tracks = 2389 at attempts = 40000
 tracks = 2389 at attempts = 41000
 tracks = 2389 at attempts = 42000
 tracks = 2389 at attempts = 43000
 tracks = 2389 at attempts = 44000
 tracks = 2389 at attempts = 45000
 tracks = 2389 at attempts = 46000
 tracks = 2389 at attempts = 47000
 tracks = 2389 at attempts = 48000
 tracks = 2389 at attempts = 49000
 tracks = 2389 at attempts = 50000
 tracks = 2389 at attempts = 51000
 tracks = 2389 at attempts = 52000
 tracks = 2389 at attempts = 53000
 tracks = 2389 at attempts = 54000
 tracks = 2389 at attempts = 55000
 tracks = 2389 at attempts = 56000
 tracks = 2389 at attempts = 57000
 tracks = 2389 at attempts = 58000
 tracks = 2389 at attempts = 59000
 tracks = 2389 at attempts = 60000
 tracks = 2389 at attempts = 61000
 tracks = 2389 at attempts = 62000
 tracks = 2389 at attempts = 63000
 tracks = 2389 at attempts = 64000
 tracks = 2389 at attempts = 65000
 tracks = 2389 at attempts = 66000
 tracks = 2389 at attempts = 67000
 tracks = 2389 at attempts = 68000
 tracks = 2389 at attempts = 69000
 tracks = 2389 at attempts = 70000
 tracks = 2389 at attempts = 71000
 tracks = 2389 at attempts = 72000
 tracks = 2389 at attempts = 73000
 tracks = 2389 at attempts = 74000
 tracks = 2389 at attempts = 75000
 tracks = 2389 at attempts = 76000
 tracks = 2389 at attempts = 77000
 tracks = 2389 at attempts = 78000
 tracks = 2389 at attempts = 79000
 tracks = 2389 at attempts = 80000
 tracks = 2389 at attempts = 81000
 tracks = 2389 at attempts = 82000
 tracks = 2389 at attempts = 83000
 tracks = 2389 at attempts = 84000
 tracks = 2389 at attempts = 85000
 tracks = 2389 at attempts = 86000
 tracks = 2389 at attempts = 87000
 tracks = 2389 at attempts = 88000
 tracks = 2389 at attempts = 89000
 tracks = 2389 at attempts = 90000
 tracks = 2389 at attempts = 91000
 tracks = 2389 at attempts = 92000
 tracks = 2389 at attempts = 93000
 tracks = 2389 at attempts = 94000
 tracks = 2389 at attempts = 95000
 tracks = 2389 at attempts = 96000
 tracks = 2389 at attempts = 97000
 tracks = 2389 at attempts = 98000
 tracks = 2389 at attempts = 99000
 tracks = 2389 at attempts = 100000
 tracks = 2389 at attempts = 101000
 tracks = 2389 at attempts = 102000
 tracks = 2389 at attempts = 103000
 tracks = 2389 at attempts = 104000
 tracks = 2389 at attempts = 105000
 tracks = 2389 at attempts = 106000
 tracks = 2389 at attempts = 107000
 tracks = 2389 at attempts = 108000
 tracks = 2389 at attempts = 109000
 tracks = 2389 at attempts = 110000
 tracks = 2389 at attempts = 111000
 tracks = 2389 at attempts = 112000
 tracks = 2389 at attempts = 113000
 tracks = 2389 at attempts = 114000
 tracks = 2389 at attempts = 115000
 tracks = 2389 at attempts = 116000
 tracks = 2389 at attempts = 117000
 tracks = 2389 at attempts = 118000
 tracks = 2389 at attempts = 119000
 tracks = 2389 at attempts = 120000
 tracks = 2389 at attempts = 121000
 tracks = 2389 at attempts = 122000
 tracks = 2389 at attempts = 123000
 tracks = 2389 at attempts = 124000
 tracks = 2389 at attempts = 125000
 tracks = 2389 at attempts = 126000
 tracks = 2389 at attempts = 127000
 tracks = 2389 at attempts = 128000
 tracks = 2389 at attempts = 129000
 tracks = 2389 at attempts = 130000
 tracks = 2389 at attempts = 131000
 tracks = 2389 at attempts = 132000
 tracks = 2389 at attempts = 133000
 tracks = 2389 at attempts = 134000
 tracks = 2389 at attempts = 135000
 tracks = 2389 at attempts = 136000
 tracks = 2389 at attempts = 137000
 tracks = 2389 at attempts = 138000
 tracks = 2389 at attempts = 139000
 tracks = 2389 at attempts = 140000
 tracks = 2389 at attempts = 141000
 tracks = 2389 at attempts = 142000
 tracks = 2389 at attempts = 143000
 tracks = 2389 at attempts = 144000
 tracks = 2389 at attempts = 145000
 tracks = 2389 at attempts = 146000
 tracks = 2389 at attempts = 147000
 tracks = 2389 at attempts = 148000
 tracks = 2389 at attempts = 149000
 tracks = 2389 at attempts = 150000
 tracks = 2389 at attempts = 151000
 tracks = 2389 at attempts = 152000
 tracks = 2389 at attempts = 153000
 tracks = 2389 at attempts = 154000
 tracks = 2389 at attempts = 155000
 tracks = 2389 at attempts = 156000
 tracks = 2389 at attempts = 157000
 tracks = 2389 at attempts = 158000
 tracks = 2389 at attempts = 159000
 tracks = 2389 at attempts = 160000
 tracks = 2389 at attempts = 161000
 tracks = 2389 at attempts = 162000
 tracks = 2389 at attempts = 163000
 tracks = 2389 at attempts = 164000
 tracks = 2389 at attempts = 165000
 tracks = 2389 at attempts = 166000
 tracks = 2389 at attempts = 167000
 tracks = 2389 at attempts = 168000
 tracks = 2389 at attempts = 169000
 tracks = 2389 at attempts = 170000
 tracks = 2389 at attempts = 171000
 tracks = 2389 at attempts = 172000
 tracks = 2389 at attempts = 173000
 tracks = 2389 at attempts = 174000
 tracks = 2389 at attempts = 175000
 tracks = 2389 at attempts = 176000
 tracks = 2389 at attempts = 177000
 removing redundant feed-through pins
 the connectivity of all the nets is verified

 block left edge is at -399
 the longest block length is 197440
 building the steiner trees
 rebuilding the steiner tree

----start doing coarse global routing ------ 
 ITERATION  1
 ITERATION  2

  longest Row is:54   Its length is:205600
 doing feed-through pins assignment
 building the net-tree now !
 set up the global routing grids
 the starting value of tracks = 2245
 tracks = 2245 at attempts =  1000
 tracks = 2244 at attempts =  2000
 tracks = 2244 at attempts =  3000
 tracks = 2244 at attempts =  4000
 tracks = 2244 at attempts =  5000
 tracks = 2244 at attempts =  6000
 tracks = 2244 at attempts =  7000
 tracks = 2244 at attempts =  8000
 tracks = 2244 at attempts =  9000
 tracks = 2244 at attempts = 10000
 tracks = 2244 at attempts = 11000
 tracks = 2244 at attempts = 12000
 tracks = 2244 at attempts = 13000
 tracks = 2244 at attempts = 14000
 tracks = 2244 at attempts = 15000
 tracks = 2244 at attempts = 16000
 tracks = 2244 at attempts = 17000
 tracks = 2244 at attempts = 18000
 tracks = 2244 at attempts = 19000
 tracks = 2243 at attempts = 20000
 tracks = 2243 at attempts = 21000
 tracks = 2243 at attempts = 22000
 tracks = 2243 at attempts = 23000
 tracks = 2243 at attempts = 24000
 tracks = 2243 at attempts = 25000
 tracks = 2243 at attempts = 26000
 tracks = 2243 at attempts = 27000
 tracks = 2243 at attempts = 28000
 tracks = 2243 at attempts = 29000
 tracks = 2243 at attempts = 30000
 tracks = 2243 at attempts = 31000
 tracks = 2243 at attempts = 32000
 tracks = 2243 at attempts = 33000
 tracks = 2243 at attempts = 34000
 tracks = 2243 at attempts = 35000
 tracks = 2243 at attempts = 36000
 tracks = 2243 at attempts = 37000
 tracks = 2243 at attempts = 38000
 tracks = 2243 at attempts = 39000
 tracks = 2243 at attempts = 40000
 tracks = 2243 at attempts = 41000
 tracks = 2243 at attempts = 42000
 tracks = 2243 at attempts = 43000
 tracks = 2243 at attempts = 44000
 tracks = 2243 at attempts = 45000
 tracks = 2243 at attempts = 46000
 tracks = 2243 at attempts = 47000
 tracks = 2243 at attempts = 48000
 tracks = 2243 at attempts = 49000
 tracks = 2243 at attempts = 50000
 tracks = 2243 at attempts = 51000
 tracks = 2243 at attempts = 52000
 tracks = 2243 at attempts = 53000
 tracks = 2243 at attempts = 54000
 tracks = 2243 at attempts = 55000
 tracks = 2243 at attempts = 56000
 tracks = 2243 at attempts = 57000
 tracks = 2243 at attempts = 58000
 tracks = 2243 at attempts = 59000
 tracks = 2243 at attempts = 60000
 tracks = 2243 at attempts = 61000
 tracks = 2243 at attempts = 62000
 tracks = 2243 at attempts = 63000
 tracks = 2243 at attempts = 64000
 tracks = 2243 at attempts = 65000
 tracks = 2243 at attempts = 66000
 tracks = 2243 at attempts = 67000
 tracks = 2243 at attempts = 68000
 tracks = 2243 at attempts = 69000
 tracks = 2243 at attempts = 70000
 tracks = 2243 at attempts = 71000
 tracks = 2243 at attempts = 72000
 tracks = 2243 at attempts = 73000
 tracks = 2243 at attempts = 74000
 tracks = 2243 at attempts = 75000
 tracks = 2243 at attempts = 76000
 tracks = 2243 at attempts = 77000
 tracks = 2243 at attempts = 78000
 tracks = 2243 at attempts = 79000
 tracks = 2243 at attempts = 80000
 tracks = 2243 at attempts = 81000
 tracks = 2243 at attempts = 82000
 tracks = 2243 at attempts = 83000
 tracks = 2243 at attempts = 84000
 tracks = 2243 at attempts = 85000
 tracks = 2243 at attempts = 86000
 tracks = 2243 at attempts = 87000
 tracks = 2243 at attempts = 88000
 tracks = 2243 at attempts = 89000
 tracks = 2243 at attempts = 90000
 tracks = 2243 at attempts = 91000
 tracks = 2243 at attempts = 92000
 tracks = 2243 at attempts = 93000
 tracks = 2243 at attempts = 94000
 tracks = 2243 at attempts = 95000
 tracks = 2243 at attempts = 96000
 tracks = 2243 at attempts = 97000
 tracks = 2243 at attempts = 98000
 tracks = 2243 at attempts = 99000
 tracks = 2243 at attempts = 100000
 tracks = 2243 at attempts = 101000
 tracks = 2243 at attempts = 102000
 tracks = 2243 at attempts = 103000
 tracks = 2243 at attempts = 104000
 tracks = 2243 at attempts = 105000
 tracks = 2243 at attempts = 106000
 tracks = 2243 at attempts = 107000
 tracks = 2243 at attempts = 108000
 tracks = 2243 at attempts = 109000
 tracks = 2243 at attempts = 110000
 tracks = 2243 at attempts = 111000
 tracks = 2243 at attempts = 112000
 tracks = 2243 at attempts = 113000
 tracks = 2243 at attempts = 114000
 tracks = 2243 at attempts = 115000
 tracks = 2243 at attempts = 116000
 tracks = 2243 at attempts = 117000
 tracks = 2243 at attempts = 118000
 tracks = 2243 at attempts = 119000
 tracks = 2243 at attempts = 120000
 tracks = 2243 at attempts = 121000
 tracks = 2243 at attempts = 122000
 tracks = 2243 at attempts = 123000
 tracks = 2243 at attempts = 124000
 tracks = 2243 at attempts = 125000
 tracks = 2243 at attempts = 126000
 tracks = 2243 at attempts = 127000
 tracks = 2243 at attempts = 128000
 tracks = 2243 at attempts = 129000
 tracks = 2243 at attempts = 130000
 tracks = 2243 at attempts = 131000
 tracks = 2243 at attempts = 132000
 tracks = 2243 at attempts = 133000
 tracks = 2243 at attempts = 134000
 tracks = 2243 at attempts = 135000
 tracks = 2243 at attempts = 136000
 tracks = 2243 at attempts = 137000
 tracks = 2243 at attempts = 138000
 tracks = 2243 at attempts = 139000
 tracks = 2243 at attempts = 140000
 tracks = 2243 at attempts = 141000
 tracks = 2243 at attempts = 142000
 tracks = 2243 at attempts = 143000
 tracks = 2243 at attempts = 144000
 tracks = 2243 at attempts = 145000
 tracks = 2243 at attempts = 146000
 tracks = 2243 at attempts = 147000
 tracks = 2243 at attempts = 148000
 tracks = 2243 at attempts = 149000
 tracks = 2243 at attempts = 150000
 tracks = 2243 at attempts = 151000
 tracks = 2243 at attempts = 152000
 tracks = 2243 at attempts = 153000
 tracks = 2243 at attempts = 154000
 tracks = 2243 at attempts = 155000
 tracks = 2243 at attempts = 156000
 tracks = 2243 at attempts = 157000
 tracks = 2243 at attempts = 158000
 tracks = 2243 at attempts = 159000
 tracks = 2243 at attempts = 160000
 tracks = 2243 at attempts = 161000
 tracks = 2243 at attempts = 162000
 tracks = 2243 at attempts = 163000
 tracks = 2243 at attempts = 164000
 tracks = 2243 at attempts = 165000
 tracks = 2243 at attempts = 166000
 tracks = 2243 at attempts = 167000
 tracks = 2243 at attempts = 168000
 tracks = 2243 at attempts = 169000
 tracks = 2243 at attempts = 170000
 tracks = 2243 at attempts = 171000
 tracks = 2243 at attempts = 172000
 tracks = 2243 at attempts = 173000
 tracks = 2243 at attempts = 174000
 tracks = 2243 at attempts = 175000
 tracks = 2243 at attempts = 176000
 tracks = 2243 at attempts = 177000
 removing redundant feed-through pins
 the connectivity of all the nets is verified

 block left edge is at -399
 the longest block length is 197440
 building the steiner trees
 rebuilding the steiner tree

----start doing coarse global routing ------ 
 ITERATION  1
 ITERATION  2
 ITERATION  3
 ITERATION  4
 ITERATION  5
 ITERATION  6
 ITERATION  7
 ITERATION  8
 ITERATION  9
 ITERATION 10
 ITERATION 11
 ITERATION 12
 ITERATION 13
 ITERATION 14

  longest Row is:52   Its length is:218080
 doing feed-through pins assignment
 building the net-tree now !
 set up the global routing grids
 the starting value of tracks = 2449
 tracks = 2432 at attempts =  1000
 tracks = 2418 at attempts =  2000
 tracks = 2408 at attempts =  3000
 tracks = 2396 at attempts =  4000
 tracks = 2388 at attempts =  5000
 tracks = 2386 at attempts =  6000
 tracks = 2384 at attempts =  7000
 tracks = 2379 at attempts =  8000
 tracks = 2375 at attempts =  9000
 tracks = 2373 at attempts = 10000
 tracks = 2369 at attempts = 11000
 tracks = 2364 at attempts = 12000
 tracks = 2363 at attempts = 13000
 tracks = 2360 at attempts = 14000
 tracks = 2358 at attempts = 15000
 tracks = 2358 at attempts = 16000
 tracks = 2358 at attempts = 17000
 tracks = 2358 at attempts = 18000
 tracks = 2356 at attempts = 19000
 tracks = 2356 at attempts = 20000
 tracks = 2354 at attempts = 21000
 tracks = 2353 at attempts = 22000
 tracks = 2352 at attempts = 23000
 tracks = 2347 at attempts = 24000
 tracks = 2344 at attempts = 25000
 tracks = 2343 at attempts = 26000
 tracks = 2343 at attempts = 27000
 tracks = 2343 at attempts = 28000
 tracks = 2343 at attempts = 29000
 tracks = 2342 at attempts = 30000
 tracks = 2341 at attempts = 31000
 tracks = 2341 at attempts = 32000
 tracks = 2340 at attempts = 33000
 tracks = 2340 at attempts = 34000
 tracks = 2339 at attempts = 35000
 tracks = 2339 at attempts = 36000
 tracks = 2339 at attempts = 37000
 tracks = 2339 at attempts = 38000
 tracks = 2338 at attempts = 39000
 tracks = 2338 at attempts = 40000
 tracks = 2338 at attempts = 41000
 tracks = 2338 at attempts = 42000
 tracks = 2338 at attempts = 43000
 tracks = 2337 at attempts = 44000
 tracks = 2337 at attempts = 45000
 tracks = 2337 at attempts = 46000
 tracks = 2337 at attempts = 47000
 tracks = 2337 at attempts = 48000
 tracks = 2337 at attempts = 49000
 tracks = 2337 at attempts = 50000
 tracks = 2337 at attempts = 51000
 tracks = 2337 at attempts = 52000
 tracks = 2337 at attempts = 53000
 tracks = 2337 at attempts = 54000
 tracks = 2337 at attempts = 55000
 tracks = 2337 at attempts = 56000
 tracks = 2337 at attempts = 57000
 tracks = 2337 at attempts = 58000
 tracks = 2337 at attempts = 59000
 tracks = 2337 at attempts = 60000
 tracks = 2337 at attempts = 61000
 tracks = 2337 at attempts = 62000
 tracks = 2337 at attempts = 63000
 tracks = 2337 at attempts = 64000
 tracks = 2337 at attempts = 65000
 tracks = 2337 at attempts = 66000
 tracks = 2337 at attempts = 67000
 tracks = 2337 at attempts = 68000
 tracks = 2337 at attempts = 69000
 tracks = 2337 at attempts = 70000
 tracks = 2337 at attempts = 71000
 tracks = 2337 at attempts = 72000
 tracks = 2337 at attempts = 73000
 tracks = 2337 at attempts = 74000
 tracks = 2337 at attempts = 75000
 tracks = 2337 at attempts = 76000
 tracks = 2337 at attempts = 77000
 tracks = 2337 at attempts = 78000
 tracks = 2337 at attempts = 79000
 tracks = 2337 at attempts = 80000
 tracks = 2337 at attempts = 81000
 tracks = 2337 at attempts = 82000
 tracks = 2337 at attempts = 83000
 tracks = 2337 at attempts = 84000
 tracks = 2337 at attempts = 85000
 tracks = 2337 at attempts = 86000
 tracks = 2337 at attempts = 87000
 tracks = 2337 at attempts = 88000
 tracks = 2337 at attempts = 89000
 tracks = 2337 at attempts = 90000
 tracks = 2337 at attempts = 91000
 tracks = 2337 at attempts = 92000
 tracks = 2337 at attempts = 93000
 tracks = 2337 at attempts = 94000
 tracks = 2337 at attempts = 95000
 tracks = 2337 at attempts = 96000
 tracks = 2337 at attempts = 97000
 tracks = 2337 at attempts = 98000
 tracks = 2337 at attempts = 99000
 tracks = 2337 at attempts = 100000
 tracks = 2337 at attempts = 101000
 tracks = 2337 at attempts = 102000
 tracks = 2337 at attempts = 103000
 tracks = 2337 at attempts = 104000
 tracks = 2337 at attempts = 105000
 tracks = 2337 at attempts = 106000
 tracks = 2337 at attempts = 107000
 tracks = 2337 at attempts = 108000
 tracks = 2337 at attempts = 109000
 tracks = 2337 at attempts = 110000
 tracks = 2337 at attempts = 111000
 tracks = 2337 at attempts = 112000
 tracks = 2337 at attempts = 113000
 tracks = 2337 at attempts = 114000
 tracks = 2337 at attempts = 115000
 tracks = 2337 at attempts = 116000
 tracks = 2337 at attempts = 117000
 tracks = 2337 at attempts = 118000
 tracks = 2337 at attempts = 119000
 tracks = 2337 at attempts = 120000
 tracks = 2337 at attempts = 121000
 tracks = 2337 at attempts = 122000
 tracks = 2337 at attempts = 123000
 tracks = 2337 at attempts = 124000
 tracks = 2337 at attempts = 125000
 tracks = 2337 at attempts = 126000
 tracks = 2337 at attempts = 127000
 tracks = 2337 at attempts = 128000
 tracks = 2337 at attempts = 129000
 tracks = 2337 at attempts = 130000
 tracks = 2337 at attempts = 131000
 tracks = 2337 at attempts = 132000
 tracks = 2337 at attempts = 133000
 tracks = 2337 at attempts = 134000
 tracks = 2337 at attempts = 135000
 tracks = 2337 at attempts = 136000
 tracks = 2337 at attempts = 137000
 tracks = 2337 at attempts = 138000
 tracks = 2337 at attempts = 139000
 tracks = 2337 at attempts = 140000
 tracks = 2337 at attempts = 141000
 tracks = 2337 at attempts = 142000
 tracks = 2337 at attempts = 143000
 tracks = 2337 at attempts = 144000
 tracks = 2337 at attempts = 145000
 tracks = 2337 at attempts = 146000
 tracks = 2337 at attempts = 147000
 tracks = 2337 at attempts = 148000
 tracks = 2337 at attempts = 149000
 tracks = 2337 at attempts = 150000
 tracks = 2337 at attempts = 151000
 tracks = 2337 at attempts = 152000
 tracks = 2337 at attempts = 153000
 tracks = 2337 at attempts = 154000
 tracks = 2337 at attempts = 155000
 tracks = 2337 at attempts = 156000
 tracks = 2337 at attempts = 157000
 tracks = 2337 at attempts = 158000
 tracks = 2337 at attempts = 159000
 tracks = 2337 at attempts = 160000
 tracks = 2337 at attempts = 161000
 tracks = 2337 at attempts = 162000
 tracks = 2337 at attempts = 163000
 tracks = 2337 at attempts = 164000
 tracks = 2337 at attempts = 165000
 tracks = 2337 at attempts = 166000
 tracks = 2337 at attempts = 167000
 tracks = 2337 at attempts = 168000
 tracks = 2337 at attempts = 169000
 tracks = 2337 at attempts = 170000
 tracks = 2337 at attempts = 171000
 tracks = 2337 at attempts = 172000
 tracks = 2337 at attempts = 173000
 tracks = 2337 at attempts = 174000
 tracks = 2337 at attempts = 175000
 tracks = 2337 at attempts = 176000
 tracks = 2337 at attempts = 177000
 removing redundant feed-through pins
 the connectivity of all the nets is verified

 block left edge is at -399
 the longest block length is 197440
 building the steiner trees
 rebuilding the steiner tree

----start doing coarse global routing ------ 
 ITERATION  1
 ITERATION  2
 ITERATION  3
 ITERATION  4
 ITERATION  5
 ITERATION  6
 ITERATION  7
 ITERATION  8
 ITERATION  9
 ITERATION 10
 ITERATION 11
 ITERATION 12
 ITERATION 13
 ITERATION 14
 ITERATION 15
 ITERATION 16
 ITERATION 17
 ITERATION 18
 ITERATION 19
 ITERATION 20
 ITERATION 21
 ITERATION 22
 ITERATION 23
 ITERATION 24
 ITERATION 25
 ITERATION 26
 ITERATION 27

  longest Row is:50   Its length is:218240
 doing feed-through pins assignment
 building the net-tree now !
 set up the global routing grids
 the starting value of tracks = 2564
 tracks = 2548 at attempts =  1000
 tracks = 2534 at attempts =  2000
 tracks = 2526 at attempts =  3000
 tracks = 2517 at attempts =  4000
 tracks = 2510 at attempts =  5000
 tracks = 2500 at attempts =  6000
 tracks = 2494 at attempts =  7000
 tracks = 2485 at attempts =  8000
 tracks = 2479 at attempts =  9000
 tracks = 2476 at attempts = 10000
 tracks = 2474 at attempts = 11000
 tracks = 2470 at attempts = 12000
 tracks = 2467 at attempts = 13000
 tracks = 2466 at attempts = 14000
 tracks = 2462 at attempts = 15000
 tracks = 2461 at attempts = 16000
 tracks = 2459 at attempts = 17000
 tracks = 2448 at attempts = 18000
 tracks = 2446 at attempts = 19000
 tracks = 2444 at attempts = 20000
 tracks = 2444 at attempts = 21000
 tracks = 2442 at attempts = 22000
 tracks = 2442 at attempts = 23000
 tracks = 2441 at attempts = 24000
 tracks = 2441 at attempts = 25000
 tracks = 2441 at attempts = 26000
 tracks = 2441 at attempts = 27000
 tracks = 2441 at attempts = 28000
 tracks = 2441 at attempts = 29000
 tracks = 2441 at attempts = 30000
 tracks = 2441 at attempts = 31000
 tracks = 2441 at attempts = 32000
 tracks = 2441 at attempts = 33000
 tracks = 2441 at attempts = 34000
 tracks = 2441 at attempts = 35000
 tracks = 2441 at attempts = 36000
 tracks = 2441 at attempts = 37000
 tracks = 2441 at attempts = 38000
 tracks = 2440 at attempts = 39000
 tracks = 2440 at attempts = 40000
 tracks = 2440 at attempts = 41000
 tracks = 2440 at attempts = 42000
 tracks = 2440 at attempts = 43000
 tracks = 2440 at attempts = 44000
 tracks = 2440 at attempts = 45000
 tracks = 2440 at attempts = 46000
 tracks = 2440 at attempts = 47000
 tracks = 2440 at attempts = 48000
 tracks = 2439 at attempts = 49000
 tracks = 2439 at attempts = 50000
 tracks = 2438 at attempts = 51000
 tracks = 2438 at attempts = 52000
 tracks = 2438 at attempts = 53000
 tracks = 2438 at attempts = 54000
 tracks = 2438 at attempts = 55000
 tracks = 2438 at attempts = 56000
 tracks = 2438 at attempts = 57000
 tracks = 2438 at attempts = 58000
 tracks = 2438 at attempts = 59000
 tracks = 2438 at attempts = 60000
 tracks = 2438 at attempts = 61000
 tracks = 2438 at attempts = 62000
 tracks = 2438 at attempts = 63000
 tracks = 2438 at attempts = 64000
 tracks = 2438 at attempts = 65000
 tracks = 2438 at attempts = 66000
 tracks = 2438 at attempts = 67000
 tracks = 2438 at attempts = 68000
 tracks = 2438 at attempts = 69000
 tracks = 2438 at attempts = 70000
 tracks = 2438 at attempts = 71000
 tracks = 2438 at attempts = 72000
 tracks = 2438 at attempts = 73000
 tracks = 2438 at attempts = 74000
 tracks = 2438 at attempts = 75000
 tracks = 2438 at attempts = 76000
 tracks = 2438 at attempts = 77000
 tracks = 2437 at attempts = 78000
 tracks = 2437 at attempts = 79000
 tracks = 2437 at attempts = 80000
 tracks = 2437 at attempts = 81000
 tracks = 2437 at attempts = 82000
 tracks = 2437 at attempts = 83000
 tracks = 2437 at attempts = 84000
 tracks = 2437 at attempts = 85000
 tracks = 2437 at attempts = 86000
 tracks = 2437 at attempts = 87000
 tracks = 2437 at attempts = 88000
 tracks = 2437 at attempts = 89000
 tracks = 2437 at attempts = 90000
 tracks = 2437 at attempts = 91000
 tracks = 2437 at attempts = 92000
 tracks = 2437 at attempts = 93000
 tracks = 2437 at attempts = 94000
 tracks = 2437 at attempts = 95000
 tracks = 2437 at attempts = 96000
 tracks = 2437 at attempts = 97000
 tracks = 2437 at attempts = 98000
 tracks = 2437 at attempts = 99000
 tracks = 2437 at attempts = 100000
 tracks = 2437 at attempts = 101000
 tracks = 2437 at attempts = 102000
 tracks = 2437 at attempts = 103000
 tracks = 2437 at attempts = 104000
 tracks = 2437 at attempts = 105000
 tracks = 2437 at attempts = 106000
 tracks = 2437 at attempts = 107000
 tracks = 2437 at attempts = 108000
 tracks = 2437 at attempts = 109000
 tracks = 2437 at attempts = 110000
 tracks = 2437 at attempts = 111000
 tracks = 2437 at attempts = 112000
 tracks = 2437 at attempts = 113000
 tracks = 2437 at attempts = 114000
 tracks = 2437 at attempts = 115000
 tracks = 2437 at attempts = 116000
 tracks = 2437 at attempts = 117000
 tracks = 2437 at attempts = 118000
 tracks = 2437 at attempts = 119000
 tracks = 2437 at attempts = 120000
 tracks = 2437 at attempts = 121000
 tracks = 2437 at attempts = 122000
 tracks = 2437 at attempts = 123000
 tracks = 2437 at attempts = 124000
 tracks = 2437 at attempts = 125000
 tracks = 2437 at attempts = 126000
 tracks = 2437 at attempts = 127000
 tracks = 2437 at attempts = 128000
 tracks = 2437 at attempts = 129000
 tracks = 2437 at attempts = 130000
 tracks = 2437 at attempts = 131000
 tracks = 2437 at attempts = 132000
 tracks = 2437 at attempts = 133000
 tracks = 2437 at attempts = 134000
 tracks = 2437 at attempts = 135000
 tracks = 2437 at attempts = 136000
 tracks = 2437 at attempts = 137000
 tracks = 2437 at attempts = 138000
 tracks = 2437 at attempts = 139000
 tracks = 2437 at attempts = 140000
 tracks = 2437 at attempts = 141000
 tracks = 2437 at attempts = 142000
 tracks = 2437 at attempts = 143000
 tracks = 2437 at attempts = 144000
 tracks = 2437 at attempts = 145000
 tracks = 2437 at attempts = 146000
 tracks = 2437 at attempts = 147000
 tracks = 2437 at attempts = 148000
 tracks = 2437 at attempts = 149000
 tracks = 2437 at attempts = 150000
 tracks = 2437 at attempts = 151000
 tracks = 2437 at attempts = 152000
 tracks = 2437 at attempts = 153000
 tracks = 2437 at attempts = 154000
 tracks = 2437 at attempts = 155000
 tracks = 2437 at attempts = 156000
 tracks = 2437 at attempts = 157000
 tracks = 2437 at attempts = 158000
 tracks = 2437 at attempts = 159000
 tracks = 2437 at attempts = 160000
 tracks = 2437 at attempts = 161000
 tracks = 2437 at attempts = 162000
 tracks = 2437 at attempts = 163000
 tracks = 2437 at attempts = 164000
 tracks = 2437 at attempts = 165000
 tracks = 2437 at attempts = 166000
 tracks = 2437 at attempts = 167000
 tracks = 2437 at attempts = 168000
 tracks = 2437 at attempts = 169000
 tracks = 2437 at attempts = 170000
 tracks = 2437 at attempts = 171000
 tracks = 2437 at attempts = 172000
 tracks = 2437 at attempts = 173000
 tracks = 2437 at attempts = 174000
 tracks = 2437 at attempts = 175000
 tracks = 2437 at attempts = 176000
 tracks = 2437 at attempts = 177000
 removing redundant feed-through pins
 the connectivity of all the nets is verified

 block left edge is at -399
 the longest block length is 197440
 building the steiner trees
 rebuilding the steiner tree

----start doing coarse global routing ------ 
 ITERATION  1
 ITERATION  2
 ITERATION  3
 ITERATION  4
 ITERATION  5
 ITERATION  6
 ITERATION  7
 ITERATION  8
 ITERATION  9
 ITERATION 10
 ITERATION 11
 ITERATION 12
 ITERATION 13
 ITERATION 14
 ITERATION 15
 ITERATION 16
 ITERATION 17
 ITERATION 18
 ITERATION 19
 ITERATION 20
 ITERATION 21
 ITERATION 22
 ITERATION 23
 ITERATION 24
 ITERATION 25

  longest Row is:54   Its length is:218080
 doing feed-through pins assignment
 building the net-tree now !
 set up the global routing grids
 the starting value of tracks = 2466
 tracks = 2450 at attempts =  1000
 tracks = 2440 at attempts =  2000
 tracks = 2426 at attempts =  3000
 tracks = 2419 at attempts =  4000
 tracks = 2406 at attempts =  5000
 tracks = 2401 at attempts =  6000
 tracks = 2395 at attempts =  7000
 tracks = 2385 at attempts =  8000
 tracks = 2382 at attempts =  9000
 tracks = 2377 at attempts = 10000
 tracks = 2371 at attempts = 11000
 tracks = 2365 at attempts = 12000
 tracks = 2362 at attempts = 13000
 tracks = 2360 at attempts = 14000
 tracks = 2357 at attempts = 15000
 tracks = 2356 at attempts = 16000
 tracks = 2356 at attempts = 17000
 tracks = 2355 at attempts = 18000
 tracks = 2354 at attempts = 19000
 tracks = 2351 at attempts = 20000
 tracks = 2350 at attempts = 21000
 tracks = 2350 at attempts = 22000
 tracks = 2350 at attempts = 23000
 tracks = 2349 at attempts = 24000
 tracks = 2349 at attempts = 25000
 tracks = 2349 at attempts = 26000
 tracks = 2349 at attempts = 27000
 tracks = 2349 at attempts = 28000
 tracks = 2349 at attempts = 29000
 tracks = 2348 at attempts = 30000
 tracks = 2347 at attempts = 31000
 tracks = 2346 at attempts = 32000
 tracks = 2342 at attempts = 33000
 tracks = 2341 at attempts = 34000
 tracks = 2340 at attempts = 35000
 tracks = 2340 at attempts = 36000
 tracks = 2340 at attempts = 37000
 tracks = 2340 at attempts = 38000
 tracks = 2340 at attempts = 39000
 tracks = 2340 at attempts = 40000
 tracks = 2340 at attempts = 41000
 tracks = 2340 at attempts = 42000
 tracks = 2340 at attempts = 43000
 tracks = 2339 at attempts = 44000
 tracks = 2338 at attempts = 45000
 tracks = 2338 at attempts = 46000
 tracks = 2338 at attempts = 47000
 tracks = 2338 at attempts = 48000
 tracks = 2338 at attempts = 49000
 tracks = 2338 at attempts = 50000
 tracks = 2338 at attempts = 51000
 tracks = 2338 at attempts = 52000
 tracks = 2338 at attempts = 53000
 tracks = 2338 at attempts = 54000
 tracks = 2336 at attempts = 55000
 tracks = 2336 at attempts = 56000
 tracks = 2336 at attempts = 57000
 tracks = 2336 at attempts = 58000
 tracks = 2336 at attempts = 59000
 tracks = 2336 at attempts = 60000
 tracks = 2336 at attempts = 61000
 tracks = 2336 at attempts = 62000
 tracks = 2336 at attempts = 63000
 tracks = 2336 at attempts = 64000
 tracks = 2336 at attempts = 65000
 tracks = 2336 at attempts = 66000
 tracks = 2335 at attempts = 67000
 tracks = 2335 at attempts = 68000
 tracks = 2335 at attempts = 69000
 tracks = 2335 at attempts = 70000
 tracks = 2335 at attempts = 71000
 tracks = 2335 at attempts = 72000
 tracks = 2335 at attempts = 73000
 tracks = 2335 at attempts = 74000
 tracks = 2335 at attempts = 75000
 tracks = 2334 at attempts = 76000
 tracks = 2334 at attempts = 77000
 tracks = 2334 at attempts = 78000
 tracks = 2334 at attempts = 79000
 tracks = 2334 at attempts = 80000
 tracks = 2334 at attempts = 81000
 tracks = 2334 at attempts = 82000
 tracks = 2334 at attempts = 83000
 tracks = 2334 at attempts = 84000
 tracks = 2334 at attempts = 85000
 tracks = 2334 at attempts = 86000
 tracks = 2334 at attempts = 87000
 tracks = 2334 at attempts = 88000
 tracks = 2334 at attempts = 89000
 tracks = 2334 at attempts = 90000
 tracks = 2333 at attempts = 91000
 tracks = 2333 at attempts = 92000
 tracks = 2333 at attempts = 93000
 tracks = 2333 at attempts = 94000
 tracks = 2333 at attempts = 95000
 tracks = 2333 at attempts = 96000
 tracks = 2333 at attempts = 97000
 tracks = 2333 at attempts = 98000
 tracks = 2333 at attempts = 99000
 tracks = 2333 at attempts = 100000
 tracks = 2332 at attempts = 101000
 tracks = 2332 at attempts = 102000
 tracks = 2331 at attempts = 103000
 tracks = 2331 at attempts = 104000
 tracks = 2331 at attempts = 105000
 tracks = 2331 at attempts = 106000
 tracks = 2330 at attempts = 107000
 tracks = 2330 at attempts = 108000
 tracks = 2330 at attempts = 109000
 tracks = 2330 at attempts = 110000
 tracks = 2330 at attempts = 111000
 tracks = 2330 at attempts = 112000
 tracks = 2330 at attempts = 113000
 tracks = 2330 at attempts = 114000
 tracks = 2330 at attempts = 115000
 tracks = 2330 at attempts = 116000
 tracks = 2330 at attempts = 117000
 tracks = 2330 at attempts = 118000
 tracks = 2330 at attempts = 119000
 tracks = 2330 at attempts = 120000
 tracks = 2330 at attempts = 121000
 tracks = 2330 at attempts = 122000
 tracks = 2330 at attempts = 123000
 tracks = 2330 at attempts = 124000
 tracks = 2330 at attempts = 125000
 tracks = 2330 at attempts = 126000
 tracks = 2330 at attempts = 127000
 tracks = 2330 at attempts = 128000
 tracks = 2330 at attempts = 129000
 tracks = 2330 at attempts = 130000
 tracks = 2330 at attempts = 131000
 tracks = 2330 at attempts = 132000
 tracks = 2330 at attempts = 133000
 tracks = 2330 at attempts = 134000
 tracks = 2330 at attempts = 135000
 tracks = 2330 at attempts = 136000
 tracks = 2330 at attempts = 137000
 tracks = 2330 at attempts = 138000
 tracks = 2330 at attempts = 139000
 tracks = 2330 at attempts = 140000
 tracks = 2330 at attempts = 141000
 tracks = 2330 at attempts = 142000
 tracks = 2330 at attempts = 143000
 tracks = 2330 at attempts = 144000
 tracks = 2330 at attempts = 145000
 tracks = 2330 at attempts = 146000
 tracks = 2330 at attempts = 147000
 tracks = 2330 at attempts = 148000
 tracks = 2330 at attempts = 149000
 tracks = 2330 at attempts = 150000
 tracks = 2330 at attempts = 151000
 tracks = 2330 at attempts = 152000
 tracks = 2330 at attempts = 153000
 tracks = 2330 at attempts = 154000
 tracks = 2330 at attempts = 155000
 tracks = 2330 at attempts = 156000
 tracks = 2330 at attempts = 157000
 tracks = 2330 at attempts = 158000
 tracks = 2330 at attempts = 159000
 tracks = 2330 at attempts = 160000
 tracks = 2330 at attempts = 161000
 tracks = 2330 at attempts = 162000
 tracks = 2330 at attempts = 163000
 tracks = 2330 at attempts = 164000
 tracks = 2330 at attempts = 165000
 tracks = 2330 at attempts = 166000
 tracks = 2330 at attempts = 167000
 tracks = 2330 at attempts = 168000
 tracks = 2330 at attempts = 169000
 tracks = 2330 at attempts = 170000
 tracks = 2330 at attempts = 171000
 tracks = 2330 at attempts = 172000
 tracks = 2330 at attempts = 173000
 tracks = 2330 at attempts = 174000
 tracks = 2330 at attempts = 175000
 tracks = 2330 at attempts = 176000
 tracks = 2330 at attempts = 177000
 removing redundant feed-through pins
 the connectivity of all the nets is verified

 block left edge is at -399
 the longest block length is 197440
 building the steiner trees
 rebuilding the steiner tree

----start doing coarse global routing ------ 
 ITERATION  1
 ITERATION  2

  longest Row is:54   Its length is:205600
 doing feed-through pins assignment
 building the net-tree now !
 set up the global routing grids
 the starting value of tracks = 2339
 tracks = 2339 at attempts =  1000
 tracks = 2339 at attempts =  2000
 tracks = 2339 at attempts =  3000
 tracks = 2339 at attempts =  4000
 tracks = 2339 at attempts =  5000
 tracks = 2339 at attempts =  6000
 tracks = 2339 at attempts =  7000
 tracks = 2338 at attempts =  8000
 tracks = 2338 at attempts =  9000
 tracks = 2337 at attempts = 10000
 tracks = 2337 at attempts = 11000
 tracks = 2336 at attempts = 12000
 tracks = 2336 at attempts = 13000
 tracks = 2336 at attempts = 14000
 tracks = 2336 at attempts = 15000
 tracks = 2336 at attempts = 16000
 tracks = 2336 at attempts = 17000
 tracks = 2336 at attempts = 18000
 tracks = 2336 at attempts = 19000
 tracks = 2336 at attempts = 20000
 tracks = 2336 at attempts = 21000
 tracks = 2336 at attempts = 22000
 tracks = 2336 at attempts = 23000
 tracks = 2336 at attempts = 24000
 tracks = 2336 at attempts = 25000
 tracks = 2336 at attempts = 26000
 tracks = 2336 at attempts = 27000
 tracks = 2336 at attempts = 28000
 tracks = 2336 at attempts = 29000
 tracks = 2336 at attempts = 30000
 tracks = 2336 at attempts = 31000
 tracks = 2336 at attempts = 32000
 tracks = 2336 at attempts = 33000
 tracks = 2336 at attempts = 34000
 tracks = 2336 at attempts = 35000
 tracks = 2336 at attempts = 36000
 tracks = 2336 at attempts = 37000
 tracks = 2336 at attempts = 38000
 tracks = 2336 at attempts = 39000
 tracks = 2336 at attempts = 40000
 tracks = 2336 at attempts = 41000
 tracks = 2336 at attempts = 42000
 tracks = 2336 at attempts = 43000
 tracks = 2336 at attempts = 44000
 tracks = 2336 at attempts = 45000
 tracks = 2336 at attempts = 46000
 tracks = 2336 at attempts = 47000
 tracks = 2336 at attempts = 48000
 tracks = 2336 at attempts = 49000
 tracks = 2336 at attempts = 50000
 tracks = 2336 at attempts = 51000
 tracks = 2336 at attempts = 52000
 tracks = 2336 at attempts = 53000
 tracks = 2336 at attempts = 54000
 tracks = 2336 at attempts = 55000
 tracks = 2336 at attempts = 56000
 tracks = 2336 at attempts = 57000
 tracks = 2336 at attempts = 58000
 tracks = 2336 at attempts = 59000
 tracks = 2336 at attempts = 60000
 tracks = 2336 at attempts = 61000
 tracks = 2336 at attempts = 62000
 tracks = 2336 at attempts = 63000
 tracks = 2336 at attempts = 64000
 tracks = 2336 at attempts = 65000
 tracks = 2336 at attempts = 66000
 tracks = 2336 at attempts = 67000
 tracks = 2336 at attempts = 68000
 tracks = 2336 at attempts = 69000
 tracks = 2336 at attempts = 70000
 tracks = 2336 at attempts = 71000
 tracks = 2336 at attempts = 72000
 tracks = 2336 at attempts = 73000
 tracks = 2336 at attempts = 74000
 tracks = 2336 at attempts = 75000
 tracks = 2336 at attempts = 76000
 tracks = 2336 at attempts = 77000
 tracks = 2336 at attempts = 78000
 tracks = 2336 at attempts = 79000
 tracks = 2336 at attempts = 80000
 tracks = 2336 at attempts = 81000
 tracks = 2336 at attempts = 82000
 tracks = 2336 at attempts = 83000
 tracks = 2336 at attempts = 84000
 tracks = 2336 at attempts = 85000
 tracks = 2336 at attempts = 86000
 tracks = 2336 at attempts = 87000
 tracks = 2336 at attempts = 88000
 tracks = 2336 at attempts = 89000
 tracks = 2336 at attempts = 90000
 tracks = 2336 at attempts = 91000
 tracks = 2336 at attempts = 92000
 tracks = 2336 at attempts = 93000
 tracks = 2336 at attempts = 94000
 tracks = 2336 at attempts = 95000
 tracks = 2336 at attempts = 96000
 tracks = 2336 at attempts = 97000
 tracks = 2336 at attempts = 98000
 tracks = 2336 at attempts = 99000
 tracks = 2336 at attempts = 100000
 tracks = 2336 at attempts = 101000
 tracks = 2336 at attempts = 102000
 tracks = 2336 at attempts = 103000
 tracks = 2336 at attempts = 104000
 tracks = 2336 at attempts = 105000
 tracks = 2336 at attempts = 106000
 tracks = 2336 at attempts = 107000
 tracks = 2336 at attempts = 108000
 tracks = 2336 at attempts = 109000
 tracks = 2336 at attempts = 110000
 tracks = 2336 at attempts = 111000
 tracks = 2336 at attempts = 112000
 tracks = 2336 at attempts = 113000
 tracks = 2336 at attempts = 114000
 tracks = 2336 at attempts = 115000
 tracks = 2336 at attempts = 116000
 tracks = 2336 at attempts = 117000
 tracks = 2336 at attempts = 118000
 tracks = 2336 at attempts = 119000
 tracks = 2336 at attempts = 120000
 tracks = 2336 at attempts = 121000
 tracks = 2336 at attempts = 122000
 tracks = 2336 at attempts = 123000
 tracks = 2336 at attempts = 124000
 tracks = 2336 at attempts = 125000
 tracks = 2336 at attempts = 126000
 tracks = 2336 at attempts = 127000
 tracks = 2336 at attempts = 128000
 tracks = 2336 at attempts = 129000
 tracks = 2336 at attempts = 130000
 tracks = 2336 at attempts = 131000
 tracks = 2336 at attempts = 132000
 tracks = 2336 at attempts = 133000
 tracks = 2336 at attempts = 134000
 tracks = 2336 at attempts = 135000
 tracks = 2336 at attempts = 136000
 tracks = 2336 at attempts = 137000
 tracks = 2336 at attempts = 138000
 tracks = 2336 at attempts = 139000
 tracks = 2336 at attempts = 140000
 tracks = 2336 at attempts = 141000
 tracks = 2336 at attempts = 142000
 tracks = 2336 at attempts = 143000
 tracks = 2336 at attempts = 144000
 tracks = 2336 at attempts = 145000
 tracks = 2336 at attempts = 146000
 tracks = 2336 at attempts = 147000
 tracks = 2336 at attempts = 148000
 tracks = 2336 at attempts = 149000
 tracks = 2336 at attempts = 150000
 tracks = 2336 at attempts = 151000
 tracks = 2336 at attempts = 152000
 tracks = 2336 at attempts = 153000
 tracks = 2336 at attempts = 154000
 tracks = 2336 at attempts = 155000
 tracks = 2336 at attempts = 156000
 tracks = 2336 at attempts = 157000
 tracks = 2336 at attempts = 158000
 tracks = 2336 at attempts = 159000
 tracks = 2336 at attempts = 160000
 tracks = 2336 at attempts = 161000
 tracks = 2336 at attempts = 162000
 tracks = 2336 at attempts = 163000
 tracks = 2336 at attempts = 164000
 tracks = 2336 at attempts = 165000
 tracks = 2336 at attempts = 166000
 tracks = 2336 at attempts = 167000
 tracks = 2336 at attempts = 168000
 tracks = 2336 at attempts = 169000
 tracks = 2336 at attempts = 170000
 tracks = 2336 at attempts = 171000
 tracks = 2336 at attempts = 172000
 tracks = 2336 at attempts = 173000
 tracks = 2336 at attempts = 174000
 tracks = 2336 at attempts = 175000
 tracks = 2336 at attempts = 176000
 tracks = 2336 at attempts = 177000
 removing redundant feed-through pins
 the connectivity of all the nets is verified


***********************************************
*ACTUAL* FINAL NUMBER OF ROUTING TRACKS: 2243
***********************************************


TimberWolfSC terminated normally with no errors and 1 warning[s]


twflow terminated normally with no errors and 0 warning[s]

Running getfillcell to determine cell to use for fill.
getfillcell.tcl vega_top  /apps/vlsi/share/qflow/tech/osu035/osu035_stdcells.lef FILL
Using cell FILL for fill
Running place2def to translate graywolf output to DEF format.
place2def.tcl vega_top FILL 
Running place2def.tcl
DEF database: 100 units per micron
Limits: xbot = -750.0 ybot = -530.0 xtop = 194190.0 ytop = 146130.0
Core values: 80.0 100 194320.0 146100
Offsets: 80.0 100
4 routing layers
metal1: 735 vertical tracks from -4um with 2um pitch
metal2: 1221 vertical tracks from -3.2um with 1.6um pitch
metal3: 735 vertical tracks from -4um with 2um pitch
metal4: 611 vertical tracks from -3.2um with 3.2um pitch
Summary: Total components = 55498
  Fill cells  = 48590
  Other cells = 6908
Done with place2def.tcl
Running addspacers to generate power stripes and align cell right edge
addspacers.tcl  -stripe 5 150 PG vega_top  /apps/vlsi/share/qflow/tech/osu035/osu035_stdcells.lef FILL
Reading FILL macros from LEF file.
Reading DEF file vega_top.def. . .
Number of rows is 73
Longest row has width 1943.2 um
addspacers:  Inserting 12 stripes of width 4.8 um (5 um requested)
  Pitch 148.8 um, offset 152.0 um
stretch:  Number of components is 58403
Analysis of DEF file:
Number of components = 55498
New number of components = 58403
Number of rows = 73
Adjusting obstructions for power striping
Done with addspacers.tcl
Running arrangepins to adjust pin positions for optimal routing.
arrangepins.tcl  vega_top
Reading info file vega_top.info. . .
Reading DEF file vega_top.def. . .
Recalculating pin positions
Writing DEF file vega_top_mod.def. . .
Done with arrangepins.tcl
blifanno.tcl ./vega_top.blif vega_top.def ./vega_top_anno.blif
Running blifanno.tcl
Reading DEF file vega_top.def. . .
Done with blifanno.tcl

Generating RTL verilog and SPICE netlist file in directory
   .
Files:
   Verilog: ./vega_top.rtl.v
   Verilog: ./vega_top.rtlnopwr.v
   Verilog: ./vega_top.rtlbb.v
   Spice:   ./vega_top.spc

Running blif2Verilog.
Running blif2BSpice.
Placement script ended on Sat Jun 27 15:05:25 UTC 2026
